{"loaded_env_vars": 8, "env_file": "/home/chewy/projects/trading-compose-dev/.env.dev", "env_override": true}
{
  "anchor_window_start_equity": true,
  "cpu": {
    "days": 125,
    "event_count": 118,
    "final_equity": 21018.835621482973,
    "initial_equity": 10000.0,
    "max_drawdown_pct": 26.932288154941773,
    "max_drawdown_usd": 5952.4620499981065,
    "total_return_pct": 110.18835621482972
  },
  "daily_lookback_days_effective": 800,
  "daily_lookback_days_requested": 800,
  "daily_rows": [
    {
      "date": "2025-09-29",
      "drawdown_pct": 0.0,
      "drawdown_usd": 0.0,
      "equity": 10000.0,
      "fell_pct": 0.0,
      "fell_usd": 0.0,
      "new_purchase_time_stock": "no change",
      "pnl": 0.0,
      "return_pct": 0.0,
      "sale_time_stock": "no change"
    },
    {
      "date": "2025-09-30",
      "drawdown_pct": 0.00999900009999692,
      "drawdown_usd": 0.999900009999692,
      "equity": 9999.00009999,
      "fell_pct": 0.00999900009999692,
      "fell_usd": 0.999900009999692,
      "new_purchase_time_stock": "15:55 | SOXS",
      "pnl": -0.999900009999692,
      "return_pct": -0.009999000099991662,
      "sale_time_stock": "no change"
    },
    {
      "date": "2025-10-01",
      "drawdown_pct": 5.973689779641336,
      "drawdown_usd": 597.3689779641336,
      "equity": 9402.631022035866,
      "fell_pct": 5.964287148619293,
      "fell_usd": 596.3690779541339,
      "new_purchase_time_stock": "no change",
      "pnl": -596.3690779541339,
      "return_pct": -5.964287148619296,
      "sale_time_stock": "no change"
    },
    {
      "date": "2025-10-02",
      "drawdown_pct": 11.545483448190462,
      "drawdown_usd": 1154.5483448190462,
      "equity": 8845.451655180954,
      "fell_pct": 5.925781470623651,
      "fell_usd": 557.1793668549126,
      "new_purchase_time_stock": "no change",
      "pnl": -557.1793668549126,
      "return_pct": -5.925781470623647,
      "sale_time_stock": "no change"
    },
    {
      "date": "2025-10-03",
      "drawdown_pct": 9.624955120311242,
      "drawdown_usd": 962.4955120311242,
      "equity": 9037.504487968876,
      "fell_pct": 0.0,
      "fell_usd": 0.0,
      "new_purchase_time_stock": "no change",
      "pnl": 192.05283278792194,
      "return_pct": 2.1712043689191773,
      "sale_time_stock": "no change"
    },
    {
      "date": "2025-10-06",
      "drawdown_pct": 18.17735991599675,
      "drawdown_usd": 1817.735991599675,
      "equity": 8182.264008400325,
      "fell_pct": 9.463237121564747,
      "fell_usd": 855.2404795685507,
      "new_purchase_time_stock": "no change",
      "pnl": -855.2404795685507,
      "return_pct": -9.463237121564749,
      "sale_time_stock": "no change"
    },
    {
      "date": "2025-10-07",
      "drawdown_pct": 12.440497765910113,
      "drawdown_usd": 1244.0497765910113,
      "equity": 8755.950223408989,
      "fell_pct": 0.0,
      "fell_usd": 0.0,
      "new_purchase_time_stock": "no change",
      "pnl": 573.6862150086636,
      "return_pct": 7.011338358426089,
      "sale_time_stock": "no change"
    },
    {
      "date": "2025-10-08",
      "drawdown_pct": 21.16292948620204,
      "drawdown_usd": 2116.292948620204,
      "equity": 7883.707051379796,
      "fell_pct": 9.961719171235748,
      "fell_usd": 872.2431720291925,
      "new_purchase_time_stock": "no change",
      "pnl": -872.2431720291925,
      "return_pct": -9.96171917123575,
      "sale_time_stock": "no change"
    },
    {
      "date": "2025-10-09",
      "drawdown_pct": 19.91217980474172,
      "drawdown_usd": 1991.2179804741718,
      "equity": 8008.782019525828,
      "fell_pct": 0.0,
      "fell_usd": 0.0,
      "new_purchase_time_stock": "no change",
      "pnl": 125.074968146032,
      "return_pct": 1.5864994390442533,
      "sale_time_stock": "no change"
    },
    {
      "date": "2025-10-10",
      "drawdown_pct": 5.51475327147693,
      "drawdown_usd": 551.475327147693,
      "equity": 9448.524672852307,
      "fell_pct": 0.0,
      "fell_usd": 0.0,
      "new_purchase_time_stock": "15:55 | SOXL",
      "pnl": 1439.7426533264788,
      "return_pct": 17.97704881736464,
      "sale_time_stock": "no change"
    },
    {
      "date": "2025-10-13",
      "drawdown_pct": 0.0,
      "drawdown_usd": 0.0,
      "equity": 10344.433238340374,
      "fell_pct": 0.0,
      "fell_usd": 0.0,
      "new_purchase_time_stock": "15:55 | SOXS",
      "pnl": 895.9085654880673,
      "return_pct": 9.481994242574299,
      "sale_time_stock": "04:00 | SOXL"
    },
    {
      "date": "2025-10-14",
      "drawdown_pct": 0.0,
      "drawdown_usd": 0.0,
      "equity": 11020.369109224817,
      "fell_pct": 0.0,
      "fell_usd": 0.0,
      "new_purchase_time_stock": "no change",
      "pnl": 675.9358708844429,
      "return_pct": 6.534295841159943,
      "sale_time_stock": "no change"
    },
    {
      "date": "2025-10-15",
      "drawdown_pct": 8.68979964459082,
      "drawdown_usd": 957.6479956860148,
      "equity": 10062.721113538802,
      "fell_pct": 8.68979964459082,
      "fell_usd": 957.6479956860148,
      "new_purchase_time_stock": "no change",
      "pnl": -957.6479956860148,
      "return_pct": -8.689799644590824,
      "sale_time_stock": "no change"
    },
    {
      "date": "2025-10-16",
      "drawdown_pct": 10.3590809386305,
      "drawdown_usd": 1141.6089557604319,
      "equity": 9878.760153464385,
      "fell_pct": 1.8281432825054478,
      "fell_usd": 183.96096007441702,
      "new_purchase_time_stock": "no change",
      "pnl": -183.96096007441702,
      "return_pct": -1.8281432825054456,
      "sale_time_stock": "no change"
    },
    {
      "date": "2025-10-17",
      "drawdown_pct": 9.475308043762709,
      "drawdown_usd": 1044.2139206587199,
      "equity": 9976.155188566097,
      "fell_pct": 0.0,
      "fell_usd": 0.0,
      "new_purchase_time_stock": "no change",
      "pnl": 97.39503510171198,
      "return_pct": 0.9859034290609525,
      "sale_time_stock": "no change"
    },
    {
      "date": "2025-10-20",
      "drawdown_pct": 14.637396705663946,
      "drawdown_usd": 1613.0951449456807,
      "equity": 9407.273964279137,
      "fell_pct": 5.702409530867851,
      "fell_usd": 568.8812242869608,
      "new_purchase_time_stock": "no change",
      "pnl": -568.8812242869608,
      "return_pct": -5.702409530867847,
      "sale_time_stock": "no change"
    },
    {
      "date": "2025-10-21",
      "drawdown_pct": 13.032543002946456,
      "drawdown_usd": 1436.2343432431517,
      "equity": 9584.134765981666,
      "fell_pct": 0.0,
      "fell_usd": 0.0,
      "new_purchase_time_stock": "no change",
      "pnl": 176.860801702529,
      "return_pct": 1.8800430642723631,
      "sale_time_stock": "no change"
    },
    {
      "date": "2025-10-22",
      "drawdown_pct": 5.804653501460454,
      "drawdown_usd": 639.6942413724846,
      "equity": 10380.674867852333,
      "fell_pct": 0.0,
      "fell_usd": 0.0,
      "new_purchase_time_stock": "no change",
      "pnl": 796.5401018706671,
      "return_pct": 8.311027769537848,
      "sale_time_stock": "no change"
    },
    {
      "date": "2025-10-23",
      "drawdown_pct": 13.250893027139288,
      "drawdown_usd": 1460.2973218592833,
      "equity": 9560.071787365534,
      "fell_pct": 7.905103386178726,
      "fell_usd": 820.6030804867987,
      "new_purchase_time_stock": "no change",
      "pnl": -820.6030804867987,
      "return_pct": -7.905103386178725,
      "sale_time_stock": "no change"
    },
    {
      "date": "2025-10-24",
      "drawdown_pct": 17.696401391374756,
      "drawdown_usd": 1950.2087523794944,
      "equity": 9070.160356845323,
      "fell_pct": 5.124558072541585,
      "fell_usd": 489.91143052021107,
      "new_purchase_time_stock": "no change",
      "pnl": -489.91143052021107,
      "return_pct": -5.124558072541586,
      "sale_time_stock": "no change"
    },
    {
      "date": "2025-10-27",
      "drawdown_pct": 24.48262689403308,
      "drawdown_usd": 2698.075851356789,
      "equity": 8322.293257868028,
      "fell_pct": 8.245356967838758,
      "fell_usd": 747.8670989772945,
      "new_purchase_time_stock": "no change",
      "pnl": -747.8670989772945,
      "return_pct": -8.245356967838758,
      "sale_time_stock": "no change"
    },
    {
      "date": "2025-10-28",
      "drawdown_pct": 24.600813717651544,
      "drawdown_usd": 2711.1004755580125,
      "equity": 8309.268633666805,
      "fell_pct": 0.15650282677686073,
      "fell_usd": 13.02462420122356,
      "new_purchase_time_stock": "no change",
      "pnl": -13.02462420122356,
      "return_pct": -0.1565028267768609,
      "sale_time_stock": "no change"
    },
    {
      "date": "2025-10-29",
      "drawdown_pct": 28.48762413981993,
      "drawdown_usd": 3139.4413306567876,
      "equity": 7880.92777856803,
      "fell_pct": 5.154976616874068,
      "fell_usd": 428.34085509877514,
      "new_purchase_time_stock": "no change",
      "pnl": -428.34085509877514,
      "return_pct": -5.1549766168740625,
      "sale_time_stock": "no change"
    },
    {
      "date": "2025-10-30",
      "drawdown_pct": 25.8182468809759,
      "drawdown_usd": 2845.266103814468,
      "equity": 8175.103005410349,
      "fell_pct": 0.0,
      "fell_usd": 0.0,
      "new_purchase_time_stock": "no change",
      "pnl": 294.1752268423197,
      "return_pct": 3.732748670052799,
      "sale_time_stock": "no change"
    },
    {
      "date": "2025-10-31",
      "drawdown_pct": 26.475072612973158,
      "drawdown_usd": 2917.6507238849335,
      "equity": 8102.718385339884,
      "fell_pct": 0.8854276211879033,
      "fell_usd": 72.38462007046564,
      "new_purchase_time_stock": "no change",
      "pnl": -72.38462007046564,
      "return_pct": -0.8854276211879064,
      "sale_time_stock": "no change"
    },
    {
      "date": "2025-11-03",
      "drawdown_pct": 27.138962705197645,
      "drawdown_usd": 2990.813862527645,
      "equity": 8029.555246697172,
      "fell_pct": 0.9029455938526072,
      "fell_usd": 73.1631386427116,
      "new_purchase_time_stock": "no change",
      "pnl": -73.1631386427116,
      "return_pct": -0.902945593852611,
      "sale_time_stock": "no change"
    },
    {
      "date": "2025-11-04",
      "drawdown_pct": 18.507652544413183,
      "drawdown_usd": 2039.6116238471714,
      "equity": 8980.757485377646,
      "fell_pct": 0.0,
      "fell_usd": 0.0,
      "new_purchase_time_stock": "15:55 | SOXL",
      "pnl": 951.2022386804738,
      "return_pct": 11.846263080034669,
      "sale_time_stock": "no change"
    },
    {
      "date": "2025-11-05",
      "drawdown_pct": 9.784505889280712,
      "drawdown_usd": 1078.2886645125745,
      "equity": 9942.080444712243,
      "fell_pct": 0.0,
      "fell_usd": 0.0,
      "new_purchase_time_stock": "15:55 | SOXS",
      "pnl": 961.3229593345968,
      "return_pct": 10.704252518785973,
      "sale_time_stock": "15:50 | SOXL"
    },
    {
      "date": "2025-11-06",
      "drawdown_pct": 1.4228581435715113,
      "drawdown_usd": 156.80421932224453,
      "equity": 10863.564889902573,
      "fell_pct": 0.0,
      "fell_usd": 0.0,
      "new_purchase_time_stock": "15:55 | SOXL",
      "pnl": 921.48444519033,
      "return_pct": 9.268527350132505,
      "sale_time_stock": "no change"
    },
    {
      "date": "2025-11-07",
      "drawdown_pct": 5.665085504400167,
      "drawdown_usd": 624.3133329380889,
      "equity": 10396.055776286728,
      "fell_pct": 4.303459484560019,
      "fell_usd": 467.5091136158444,
      "new_purchase_time_stock": "no change",
      "pnl": -467.5091136158444,
      "return_pct": -4.303459484560024,
      "sale_time_stock": "no change"
    },
    {
      "date": "2025-11-10",
      "drawdown_pct": 0.0,
      "drawdown_usd": 0.0,
      "equity": 11374.702000466832,
      "fell_pct": 0.0,
      "fell_usd": 0.0,
      "new_purchase_time_stock": "15:55 | SOXL",
      "pnl": 978.6462241801037,
      "return_pct": 9.413629988522999,
      "sale_time_stock": "08:01 | SOXL"
    },
    {
      "date": "2025-11-11",
      "drawdown_pct": 7.264056781634691,
      "drawdown_usd": 826.2648120556478,
      "equity": 10548.437188411184,
      "fell_pct": 7.264056781634691,
      "fell_usd": 826.2648120556478,
      "new_purchase_time_stock": "no change",
      "pnl": -826.2648120556478,
      "return_pct": -7.264056781634687,
      "sale_time_stock": "no change"
    },
    {
      "date": "2025-11-12",
      "drawdown_pct": 3.227015637129879,
      "drawdown_usd": 367.0634122319898,
      "equity": 11007.638588234842,
      "fell_pct": 0.0,
      "fell_usd": 0.0,
      "new_purchase_time_stock": "no change",
      "pnl": 459.201399823658,
      "return_pct": 4.353264769193954,
      "sale_time_stock": "no change"
    },
    {
      "date": "2025-11-13",
      "drawdown_pct": 13.197294000221811,
      "drawdown_usd": 1501.1528646507195,
      "equity": 9873.549135816113,
      "fell_pct": 10.30274970719755,
      "fell_usd": 1134.0894524187297,
      "new_purchase_time_stock": "no change",
      "pnl": -1134.0894524187297,
      "return_pct": -10.302749707197545,
      "sale_time_stock": "no change"
    },
    {
      "date": "2025-11-14",
      "drawdown_pct": 13.949872463125221,
      "drawdown_usd": 1586.7564221256762,
      "equity": 9787.945578341156,
      "fell_pct": 0.866998850134157,
      "fell_usd": 85.60355747495669,
      "new_purchase_time_stock": "no change",
      "pnl": -85.60355747495669,
      "return_pct": -0.8669988501341597,
      "sale_time_stock": "no change"
    },
    {
      "date": "2025-11-17",
      "drawdown_pct": 18.287678828878786,
      "drawdown_usd": 2080.1689695874247,
      "equity": 9294.533030879407,
      "fell_pct": 5.041022587554796,
      "fell_usd": 493.41254746174855,
      "new_purchase_time_stock": "no change",
      "pnl": -493.41254746174855,
      "return_pct": -5.041022587554799,
      "sale_time_stock": "no change"
    },
    {
      "date": "2025-11-18",
      "drawdown_pct": 23.05644892979928,
      "drawdown_usd": 2622.602357654492,
      "equity": 8752.09964281234,
      "fell_pct": 5.836047774158534,
      "fell_usd": 542.4333880670674,
      "new_purchase_time_stock": "no change",
      "pnl": -542.4333880670674,
      "return_pct": -5.836047774158537,
      "sale_time_stock": "no change"
    },
    {
      "date": "2025-11-19",
      "drawdown_pct": 18.868083235165443,
      "drawdown_usd": 2146.1882412001105,
      "equity": 9228.513759266722,
      "fell_pct": 0.0,
      "fell_usd": 0.0,
      "new_purchase_time_stock": "15:55 | SOXL",
      "pnl": 476.41411645438166,
      "return_pct": 5.443426559312958,
      "sale_time_stock": "10:48 | SOXL"
    },
    {
      "date": "2025-11-20",
      "drawdown_pct": 14.189881770847627,
      "drawdown_usd": 1614.0567656524836,
      "equity": 9760.645234814348,
      "fell_pct": 0.0,
      "fell_usd": 0.0,
      "new_purchase_time_stock": "15:55 | SOXL",
      "pnl": 532.1314755476269,
      "return_pct": 5.7661665727408495,
      "sale_time_stock": "04:48 | SOXL"
    },
    {
      "date": "2025-11-21",
      "drawdown_pct": 11.907549725829625,
      "drawdown_usd": 1354.4482968705252,
      "equity": 10020.253703596307,
      "fell_pct": 0.0,
      "fell_usd": 0.0,
      "new_purchase_time_stock": "no change",
      "pnl": 259.60846878195844,
      "return_pct": 2.6597469996756384,
      "sale_time_stock": "no change"
    },
    {
      "date": "2025-11-24",
      "drawdown_pct": 5.172506533720588,
      "drawdown_usd": 588.3572041653933,
      "equity": 10786.344796301439,
      "fell_pct": 0.0,
      "fell_usd": 0.0,
      "new_purchase_time_stock": "15:55 | SOXL",
      "pnl": 766.0910927051318,
      "return_pct": 7.6454261076261965,
      "sale_time_stock": "09:50 | SOXL"
    },
    {
      "date": "2025-11-25",
      "drawdown_pct": 4.936258107091795,
      "drawdown_usd": 561.4846496555765,
      "equity": 10813.217350811256,
      "fell_pct": 0.0,
      "fell_usd": 0.0,
      "new_purchase_time_stock": "no change",
      "pnl": 26.872554509816837,
      "return_pct": 0.2491349480968852,
      "sale_time_stock": "no change"
    },
    {
      "date": "2025-11-26",
      "drawdown_pct": 0.0,
      "drawdown_usd": 0.0,
      "equity": 11732.321439184996,
      "fell_pct": 0.0,
      "fell_usd": 0.0,
      "new_purchase_time_stock": "15:55 | SOXL",
      "pnl": 919.1040883737405,
      "return_pct": 8.499820715291406,
      "sale_time_stock": "15:55 | SOXL"
    },
    {
      "date": "2025-11-28",
      "drawdown_pct": 0.0,
      "drawdown_usd": 0.0,
      "equity": 12256.179068641037,
      "fell_pct": 0.0,
      "fell_usd": 0.0,
      "new_purchase_time_stock": "no change",
      "pnl": 523.8576294560407,
      "return_pct": 4.4650807785268976,
      "sale_time_stock": "no change"
    },
    {
      "date": "2025-12-01",
      "drawdown_pct": 0.0,
      "drawdown_usd": 0.0,
      "equity": 12362.144572035277,
      "fell_pct": 0.0,
      "fell_usd": 0.0,
      "new_purchase_time_stock": "no change",
      "pnl": 105.96550339423993,
      "return_pct": 0.8645884072089549,
      "sale_time_stock": "no change"
    },
    {
      "date": "2025-12-02",
      "drawdown_pct": 0.0,
      "drawdown_usd": 0.0,
      "equity": 13066.591298825166,
      "fell_pct": 0.0,
      "fell_usd": 0.0,
      "new_purchase_time_stock": "no change",
      "pnl": 704.446726789889,
      "return_pct": 5.698418447422426,
      "sale_time_stock": "no change"
    },
    {
      "date": "2025-12-03",
      "drawdown_pct": 0.0,
      "drawdown_usd": 0.0,
      "equity": 13899.390607191179,
      "fell_pct": 0.0,
      "fell_usd": 0.0,
      "new_purchase_time_stock": "no change",
      "pnl": 832.7993083660131,
      "return_pct": 6.373500856653336,
      "sale_time_stock": "no change"
    },
    {
      "date": "2025-12-04",
      "drawdown_pct": 3.264254268227202,
      "drawdown_usd": 453.7114511528089,
      "equity": 13445.67915603837,
      "fell_pct": 3.264254268227202,
      "fell_usd": 453.7114511528089,
      "new_purchase_time_stock": "no change",
      "pnl": -453.7114511528089,
      "return_pct": -3.264254268227207,
      "sale_time_stock": "no change"
    },
    {
      "date": "2025-12-05",
      "drawdown_pct": 0.04295071405561729,
      "drawdown_usd": 5.969887515168011,
      "equity": 13893.42071967601,
      "fell_pct": 0.0,
      "fell_usd": 0.0,
      "new_purchase_time_stock": "no change",
      "pnl": 447.74156363764087,
      "return_pct": 3.3300033300033283,
      "sale_time_stock": "no change"
    },
    {
      "date": "2025-12-08",
      "drawdown_pct": 0.0,
      "drawdown_usd": 0.0,
      "equity": 14247.136554949746,
      "fell_pct": 0.0,
      "fell_usd": 0.0,
      "new_purchase_time_stock": "no change",
      "pnl": 353.71583527373514,
      "return_pct": 2.5459233000322268,
      "sale_time_stock": "no change"
    },
    {
      "date": "2025-12-09",
      "drawdown_pct": 0.0,
      "drawdown_usd": 0.0,
      "equity": 14282.95588004076,
      "fell_pct": 0.0,
      "fell_usd": 0.0,
      "new_purchase_time_stock": "no change",
      "pnl": 35.819325091013525,
      "return_pct": 0.25141420490260025,
      "sale_time_stock": "no change"
    },
    {
      "date": "2025-12-10",
      "drawdown_pct": 0.0,
      "drawdown_usd": 0.0,
      "equity": 14884.422047193992,
      "fell_pct": 0.0,
      "fell_usd": 0.0,
      "new_purchase_time_stock": "no change",
      "pnl": 601.4661671532322,
      "return_pct": 4.211076280041803,
      "sale_time_stock": "no change"
    },
    {
      "date": "2025-12-11",
      "drawdown_pct": 2.6270931515090874,
      "drawdown_usd": 391.02763224354203,
      "equity": 14493.39441495045,
      "fell_pct": 2.6270931515090874,
      "fell_usd": 391.02763224354203,
      "new_purchase_time_stock": "no change",
      "pnl": -391.02763224354203,
      "return_pct": -2.6270931515090856,
      "sale_time_stock": "no change"
    },
    {
      "date": "2025-12-12",
      "drawdown_pct": 16.424345733480408,
      "drawdown_usd": 2444.6689374615235,
      "equity": 12439.753109732468,
      "fell_pct": 14.169498506847905,
      "fell_usd": 2053.6413052179814,
      "new_purchase_time_stock": "no change",
      "pnl": -2053.6413052179814,
      "return_pct": -14.1694985068479,
      "sale_time_stock": "no change"
    },
    {
      "date": "2025-12-15",
      "drawdown_pct": 17.70781108994286,
      "drawdown_usd": 2635.705337946918,
      "equity": 12248.716709247074,
      "fell_pct": 1.5356928614277219,
      "fell_usd": 191.03640048539455,
      "new_purchase_time_stock": "no change",
      "pnl": -191.03640048539455,
      "return_pct": -1.5356928614277177,
      "sale_time_stock": "no change"
    },
    {
      "date": "2025-12-16",
      "drawdown_pct": 18.319462548881987,
      "drawdown_usd": 2726.746122553237,
      "equity": 12157.675924640755,
      "fell_pct": 0.7432679420007197,
      "fell_usd": 91.040784606319,
      "new_purchase_time_stock": "no change",
      "pnl": -91.040784606319,
      "return_pct": -0.7432679420007249,
      "sale_time_stock": "no change"
    },
    {
      "date": "2025-12-17",
      "drawdown_pct": 28.075804672616066,
      "drawdown_usd": 4178.921260617986,
      "equity": 10705.500786576005,
      "fell_pct": 11.944512644242566,
      "fell_usd": 1452.1751380647493,
      "new_purchase_time_stock": "no change",
      "pnl": -1452.1751380647493,
      "return_pct": -11.944512644242566,
      "sale_time_stock": "no change"
    },
    {
      "date": "2025-12-18",
      "drawdown_pct": 20.22908917792266,
      "drawdown_usd": 3010.9830095452544,
      "equity": 11873.439037648737,
      "fell_pct": 0.0,
      "fell_usd": 0.0,
      "new_purchase_time_stock": "15:55 | SOXL",
      "pnl": 1167.9382510727319,
      "return_pct": 10.909702164865088,
      "sale_time_stock": "09:39 | SOXL"
    },
    {
      "date": "2025-12-19",
      "drawdown_pct": 14.961918850774461,
      "drawdown_usd": 2226.995148107948,
      "equity": 12657.426899086044,
      "fell_pct": 0.0,
      "fell_usd": 0.0,
      "new_purchase_time_stock": "15:55 | SOXL",
      "pnl": 783.9878614373065,
      "return_pct": 6.602870987515996,
      "sale_time_stock": "10:21 | SOXL"
    },
    {
      "date": "2025-12-22",
      "drawdown_pct": 12.329110604969488,
      "drawdown_usd": 1835.116857109011,
      "equity": 13049.30519008498,
      "fell_pct": 0.0,
      "fell_usd": 0.0,
      "new_purchase_time_stock": "no change",
      "pnl": 391.8782909989368,
      "return_pct": 3.0960344003822193,
      "sale_time_stock": "no change"
    },
    {
      "date": "2025-12-23",
      "drawdown_pct": 11.274768413941112,
      "drawdown_usd": 1678.1841155747152,
      "equity": 13206.237931619276,
      "fell_pct": 0.0,
      "fell_usd": 0.0,
      "new_purchase_time_stock": "no change",
      "pnl": 156.93274153429593,
      "return_pct": 1.2026137732876085,
      "sale_time_stock": "no change"
    },
    {
      "date": "2025-12-24",
      "drawdown_pct": 10.59421998620603,
      "drawdown_usd": 1576.8884153550825,
      "equity": 13307.533631838909,
      "fell_pct": 0.0,
      "fell_usd": 0.0,
      "new_purchase_time_stock": "no change",
      "pnl": 101.29570021963264,
      "return_pct": 0.7670291929021245,
      "sale_time_stock": "no change"
    },
    {
      "date": "2025-12-26",
      "drawdown_pct": 10.055875707549918,
      "drawdown_usd": 1496.7589808529847,
      "equity": 13387.663066341007,
      "fell_pct": 0.0,
      "fell_usd": 0.0,
      "new_purchase_time_stock": "no change",
      "pnl": 80.12943450209787,
      "return_pct": 0.6021358782094977,
      "sale_time_stock": "no change"
    },
    {
      "date": "2025-12-29",
      "drawdown_pct": 11.021035582227345,
      "drawdown_usd": 1640.4174500301415,
      "equity": 13244.00459716385,
      "fell_pct": 1.073066064370413,
      "fell_usd": 143.6584691771568,
      "new_purchase_time_stock": "no change",
      "pnl": -143.6584691771568,
      "return_pct": -1.0730660643704093,
      "sale_time_stock": "no change"
    },
    {
      "date": "2025-12-30",
      "drawdown_pct": 11.17014678997586,
      "drawdown_usd": 1662.611791511099,
      "equity": 13221.810255682893,
      "fell_pct": 0.16758029127919774,
      "fell_usd": 22.19434148095752,
      "new_purchase_time_stock": "no change",
      "pnl": -22.19434148095752,
      "return_pct": -0.16758029127920127,
      "sale_time_stock": "no change"
    },
    {
      "date": "2025-12-31",
      "drawdown_pct": 13.95633236800174,
      "drawdown_usd": 2077.3194119625223,
      "equity": 12807.10263523147,
      "fell_pct": 3.136541913942359,
      "fell_usd": 414.7076204514233,
      "new_purchase_time_stock": "no change",
      "pnl": -414.7076204514233,
      "return_pct": -3.136541913942359,
      "sale_time_stock": "no change"
    },
    {
      "date": "2026-01-02",
      "drawdown_pct": 6.599898756147202,
      "drawdown_usd": 982.3567855524561,
      "equity": 13902.065261641535,
      "fell_pct": 0.0,
      "fell_usd": 0.0,
      "new_purchase_time_stock": "15:55 | SOXS",
      "pnl": 1094.9626264100662,
      "return_pct": 8.549651373901689,
      "sale_time_stock": "09:30 | SOXL"
    },
    {
      "date": "2026-01-05",
      "drawdown_pct": 10.143274914442678,
      "drawdown_usd": 1509.7678476728033,
      "equity": 13374.654199521188,
      "fell_pct": 3.7937605110772674,
      "fell_usd": 527.4110621203472,
      "new_purchase_time_stock": "no change",
      "pnl": -527.4110621203472,
      "return_pct": -3.793760511077271,
      "sale_time_stock": "no change"
    },
    {
      "date": "2026-01-06",
      "drawdown_pct": 19.01323534652821,
      "drawdown_usd": 2830.010193803526,
      "equity": 12054.411853390466,
      "fell_pct": 9.871226025252952,
      "fell_usd": 1320.2423461307226,
      "new_purchase_time_stock": "no change",
      "pnl": -1320.2423461307226,
      "return_pct": -9.871226025252955,
      "sale_time_stock": "no change"
    },
    {
      "date": "2026-01-07",
      "drawdown_pct": 16.293381434745797,
      "drawdown_usd": 2425.175658506716,
      "equity": 12459.246388687276,
      "fell_pct": 0.0,
      "fell_usd": 0.0,
      "new_purchase_time_stock": "no change",
      "pnl": 404.8345352968099,
      "return_pct": 3.358393094748502,
      "sale_time_stock": "no change"
    },
    {
      "date": "2026-01-08",
      "drawdown_pct": 12.379930306152445,
      "drawdown_usd": 1842.6810759162054,
      "equity": 13041.740971277786,
      "fell_pct": 0.0,
      "fell_usd": 0.0,
      "new_purchase_time_stock": "no change",
      "pnl": 582.4945825905106,
      "return_pct": 4.67519916067638,
      "sale_time_stock": "no change"
    },
    {
      "date": "2026-01-09",
      "drawdown_pct": 20.209370540403018,
      "drawdown_usd": 3008.0480043148746,
      "equity": 11876.374042879117,
      "fell_pct": 8.935669945946568,
      "fell_usd": 1165.3669283986692,
      "new_purchase_time_stock": "no change",
      "pnl": -1165.3669283986692,
      "return_pct": -8.935669945946568,
      "sale_time_stock": "no change"
    },
    {
      "date": "2026-01-12",
      "drawdown_pct": 21.22347745593985,
      "drawdown_usd": 3158.9919576331577,
      "equity": 11725.430089560834,
      "fell_pct": 1.2709599139712735,
      "fell_usd": 150.9439533182831,
      "new_purchase_time_stock": "no change",
      "pnl": -150.9439533182831,
      "return_pct": -1.2709599139712702,
      "sale_time_stock": "no change"
    },
    {
      "date": "2026-01-13",
      "drawdown_pct": 22.937817402539864,
      "drawdown_usd": 3414.1615506087437,
      "equity": 11470.260496585248,
      "fell_pct": 2.1762066809196523,
      "fell_usd": 255.16959297558606,
      "new_purchase_time_stock": "no change",
      "pnl": -255.16959297558606,
      "return_pct": -2.1762066809196567,
      "sale_time_stock": "no change"
    },
    {
      "date": "2026-01-14",
      "drawdown_pct": 21.574223572677354,
      "drawdown_usd": 3211.1984899625113,
      "equity": 11673.22355723148,
      "fell_pct": 0.0,
      "fell_usd": 0.0,
      "new_purchase_time_stock": "no change",
      "pnl": 202.9630606462324,
      "return_pct": 1.7694721118727497,
      "sale_time_stock": "no change"
    },
    {
      "date": "2026-01-15",
      "drawdown_pct": 25.9920184104071,
      "drawdown_usd": 3868.7617187893557,
      "equity": 11015.660328404636,
      "fell_pct": 5.63309034220876,
      "fell_usd": 657.5632288268444,
      "new_purchase_time_stock": "no change",
      "pnl": -657.5632288268444,
      "return_pct": -5.6330903422087575,
      "sale_time_stock": "no change"
    },
    {
      "date": "2026-01-16",
      "drawdown_pct": 29.228246321561688,
      "drawdown_usd": 4350.455539494695,
      "equity": 10533.966507699297,
      "fell_pct": 4.372809312785893,
      "fell_usd": 481.693820705339,
      "new_purchase_time_stock": "no change",
      "pnl": -481.693820705339,
      "return_pct": -4.372809312785897,
      "sale_time_stock": "no change"
    },
    {
      "date": "2026-01-20",
      "drawdown_pct": 26.09750105083365,
      "drawdown_usd": 3884.4622001769676,
      "equity": 10999.959847017024,
      "fell_pct": 0.0,
      "fell_usd": 0.0,
      "new_purchase_time_stock": "no change",
      "pnl": 465.9933393177271,
      "return_pct": 4.423721482094445,
      "sale_time_stock": "no change"
    },
    {
      "date": "2026-01-21",
      "drawdown_pct": 33.13832585659127,
      "drawdown_usd": 4932.448279869459,
      "equity": 9951.973767324533,
      "fell_pct": 9.527180955816714,
      "fell_usd": 1047.9860796924913,
      "new_purchase_time_stock": "no change",
      "pnl": -1047.9860796924913,
      "return_pct": -9.527180955816716,
      "sale_time_stock": "no change"
    },
    {
      "date": "2026-01-22",
      "drawdown_pct": 32.984428389644115,
      "drawdown_usd": 4909.541531369103,
      "equity": 9974.880515824889,
      "fell_pct": 0.0,
      "fell_usd": 0.0,
      "new_purchase_time_stock": "no change",
      "pnl": 22.906748500356116,
      "return_pct": 0.23017291881903823,
      "sale_time_stock": "no change"
    },
    {
      "date": "2026-01-23",
      "drawdown_pct": 30.64832543801771,
      "drawdown_usd": 4561.826108592073,
      "equity": 10322.595938601919,
      "fell_pct": 0.0,
      "fell_usd": 0.0,
      "new_purchase_time_stock": "no change",
      "pnl": 347.71542277702974,
      "return_pct": 3.4859106555250374,
      "sale_time_stock": "no change"
    },
    {
      "date": "2026-01-26",
      "drawdown_pct": 30.01177183747004,
      "drawdown_usd": 4467.078784129948,
      "equity": 10417.343263064044,
      "fell_pct": 0.0,
      "fell_usd": 0.0,
      "new_purchase_time_stock": "no change",
      "pnl": 94.7473244621251,
      "return_pct": 0.9178633458645002,
      "sale_time_stock": "no change"
    },
    {
      "date": "2026-01-27",
      "drawdown_pct": 35.00829280243194,
      "drawdown_usd": 5210.782052231407,
      "equity": 9673.639994962585,
      "fell_pct": 7.139087666798399,
      "fell_usd": 743.7032681014589,
      "new_purchase_time_stock": "no change",
      "pnl": -743.7032681014589,
      "return_pct": -7.139087666798394,
      "sale_time_stock": "no change"
    },
    {
      "date": "2026-01-28",
      "drawdown_pct": 39.94698888057979,
      "drawdown_usd": 5945.87842013115,
      "equity": 8938.543627062842,
      "fell_pct": 7.598963454113804,
      "fell_usd": 735.0963678997432,
      "new_purchase_time_stock": "no change",
      "pnl": -735.0963678997432,
      "return_pct": -7.598963454113806,
      "sale_time_stock": "no change"
    },
    {
      "date": "2026-01-29",
      "drawdown_pct": 39.99122056015782,
      "drawdown_usd": 5952.4620499981065,
      "equity": 8931.959997195885,
      "fell_pct": 0.07365439093482187,
      "fell_usd": 6.583629866956471,
      "new_purchase_time_stock": "no change",
      "pnl": -6.583629866956471,
      "return_pct": -0.07365439093481863,
      "sale_time_stock": "no change"
    },
    {
      "date": "2026-01-30",
      "drawdown_pct": 32.93757070267466,
      "drawdown_usd": 4902.567035479016,
      "equity": 9981.855011714975,
      "fell_pct": 0.0,
      "fell_usd": 0.0,
      "new_purchase_time_stock": "no change",
      "pnl": 1049.8950145190902,
      "return_pct": 11.754363150402547,
      "sale_time_stock": "no change"
    },
    {
      "date": "2026-02-02",
      "drawdown_pct": 36.37123609170711,
      "drawdown_usd": 5413.648283671031,
      "equity": 9470.77376352296,
      "fell_pct": 5.120102902638798,
      "fell_usd": 511.08124819201475,
      "new_purchase_time_stock": "no change",
      "pnl": -511.08124819201475,
      "return_pct": -5.120102902638801,
      "sale_time_stock": "no change"
    },
    {
      "date": "2026-02-03",
      "drawdown_pct": 32.600710359662074,
      "drawdown_usd": 4852.427320315397,
      "equity": 10031.994726878595,
      "fell_pct": 0.0,
      "fell_usd": 0.0,
      "new_purchase_time_stock": "no change",
      "pnl": 561.220963355634,
      "return_pct": 5.925819551483724,
      "sale_time_stock": "no change"
    },
    {
      "date": "2026-02-04",
      "drawdown_pct": 24.45095562622986,
      "drawdown_usd": 3639.3834299801765,
      "equity": 11245.038617213815,
      "fell_pct": 0.0,
      "fell_usd": 0.0,
      "new_purchase_time_stock": "15:55 | SOXL",
      "pnl": 1213.0438903352206,
      "return_pct": 12.091751674122463,
      "sale_time_stock": "no change"
    },
    {
      "date": "2026-02-05",
      "drawdown_pct": 25.144336100191236,
      "drawdown_usd": 3742.5891061174225,
      "equity": 11141.83294107657,
      "fell_pct": 0.9177885434671567,
      "fell_usd": 103.20567613724597,
      "new_purchase_time_stock": "no change",
      "pnl": -103.20567613724597,
      "return_pct": -0.9177885434671573,
      "sale_time_stock": "no change"
    },
    {
      "date": "2026-02-06",
      "drawdown_pct": 20.11756356474983,
      "drawdown_usd": 2994.3830665898895,
      "equity": 11890.038980604102,
      "fell_pct": 0.0,
      "fell_usd": 0.0,
      "new_purchase_time_stock": "15:55 | SOXS",
      "pnl": 748.206039527533,
      "return_pct": 6.715286824747868,
      "sale_time_stock": "07:12 | SOXL"
    },
    {
      "date": "2026-02-09",
      "drawdown_pct": 22.699969915027307,
      "drawdown_usd": 3378.7593267387274,
      "equity": 11505.662720455264,
      "fell_pct": 3.2327586206896415,
      "fell_usd": 384.3762601488379,
      "new_purchase_time_stock": "no change",
      "pnl": -384.3762601488379,
      "return_pct": -3.2327586206896464,
      "sale_time_stock": "no change"
    },
    {
      "date": "2026-02-10",
      "drawdown_pct": 21.906542117791428,
      "drawdown_usd": 3260.6621847583847,
      "equity": 11623.759862435607,
      "fell_pct": 0.0,
      "fell_usd": 0.0,
      "new_purchase_time_stock": "no change",
      "pnl": 118.09714198034271,
      "return_pct": 1.026426246359402,
      "sale_time_stock": "no change"
    },
    {
      "date": "2026-02-11",
      "drawdown_pct": 28.25641427386389,
      "drawdown_usd": 4205.803955925467,
      "equity": 10678.618091268525,
      "fell_pct": 8.131119210587682,
      "fell_usd": 945.141771167082,
      "new_purchase_time_stock": "no change",
      "pnl": -945.141771167082,
      "return_pct": -8.131119210587679,
      "sale_time_stock": "no change"
    },
    {
      "date": "2026-02-12",
      "drawdown_pct": 22.48643392031745,
      "drawdown_usd": 3346.9757280634385,
      "equity": 11537.446319130553,
      "fell_pct": 0.0,
      "fell_usd": 0.0,
      "new_purchase_time_stock": "no change",
      "pnl": 858.8282278620281,
      "return_pct": 8.042503444937864,
      "sale_time_stock": "no change"
    },
    {
      "date": "2026-02-13",
      "drawdown_pct": 24.1898056240688,
      "drawdown_usd": 3600.5127614822686,
      "equity": 11283.909285711723,
      "fell_pct": 2.1975143060768434,
      "fell_usd": 253.5370334188301,
      "new_purchase_time_stock": "no change",
      "pnl": -253.5370334188301,
      "return_pct": -2.197514306076842,
      "sale_time_stock": "no change"
    },
    {
      "date": "2026-02-17",
      "drawdown_pct": 24.39578291224224,
      "drawdown_usd": 3631.1712903753687,
      "equity": 11253.250756818623,
      "fell_pct": 0.2717013059642505,
      "fell_usd": 30.658528893100083,
      "new_purchase_time_stock": "no change",
      "pnl": -30.658528893100083,
      "return_pct": -0.2717013059642559,
      "sale_time_stock": "no change"
    },
    {
      "date": "2026-02-18",
      "drawdown_pct": 26.747375891210275,
      "drawdown_usd": 3981.192314197153,
      "equity": 10903.229732996839,
      "fell_pct": 3.110399220506997,
      "fell_usd": 350.0210238217842,
      "new_purchase_time_stock": "no change",
      "pnl": -350.0210238217842,
      "return_pct": -3.1103992205069986,
      "sale_time_stock": "no change"
    },
    {
      "date": "2026-02-19",
      "drawdown_pct": 25.069798609016022,
      "drawdown_usd": 3731.494631347514,
      "equity": 11152.927415846478,
      "fell_pct": 0.0,
      "fell_usd": 0.0,
      "new_purchase_time_stock": "15:55 | SOXL",
      "pnl": 249.69768284963902,
      "return_pct": 2.290125852287317,
      "sale_time_stock": "no change"
    },
    {
      "date": "2026-02-20",
      "drawdown_pct": 22.89301110238025,
      "drawdown_usd": 3407.492391789254,
      "equity": 11476.929655404738,
      "fell_pct": 0.0,
      "fell_usd": 0.0,
      "new_purchase_time_stock": "15:55 | SOXS",
      "pnl": 324.00223955826004,
      "return_pct": 2.905086955895597,
      "sale_time_stock": "no change"
    },
    {
      "date": "2026-02-23",
      "drawdown_pct": 21.535613538719694,
      "drawdown_usd": 3205.4516095556883,
      "equity": 11678.970437638303,
      "fell_pct": 0.0,
      "fell_usd": 0.0,
      "new_purchase_time_stock": "no change",
      "pnl": 202.04078223356555,
      "return_pct": 1.7604079514282,
      "sale_time_stock": "no change"
    },
    {
      "date": "2026-02-24",
      "drawdown_pct": 25.37735814566649,
      "drawdown_usd": 3777.273090828963,
      "equity": 11107.148956365028,
      "fell_pct": 4.896163444599894,
      "fell_usd": 571.8214812732749,
      "new_purchase_time_stock": "no change",
      "pnl": -571.8214812732749,
      "return_pct": -4.8961634445999,
      "sale_time_stock": "no change"
    },
    {
      "date": "2026-02-25",
      "drawdown_pct": 28.760272690140244,
      "drawdown_usd": 4280.800369124347,
      "equity": 10603.621678069645,
      "fell_pct": 4.533362074043615,
      "fell_usd": 503.52727829538344,
      "new_purchase_time_stock": "no change",
      "pnl": -503.52727829538344,
      "return_pct": -4.5333620740436125,
      "sale_time_stock": "no change"
    },
    {
      "date": "2026-02-26",
      "drawdown_pct": 21.99786961747548,
      "drawdown_usd": 3274.2557552565086,
      "equity": 11610.166291937483,
      "fell_pct": 0.0,
      "fell_usd": 0.0,
      "new_purchase_time_stock": "no change",
      "pnl": 1006.544613867838,
      "return_pct": 9.492460636817789,
      "sale_time_stock": "no change"
    },
    {
      "date": "2026-02-27",
      "drawdown_pct": 18.84489486452275,
      "drawdown_usd": 2804.9536859855525,
      "equity": 12079.46836120844,
      "fell_pct": 0.0,
      "fell_usd": 0.0,
      "new_purchase_time_stock": "no change",
      "pnl": 469.30206927095605,
      "return_pct": 4.042164922278979,
      "sale_time_stock": "no change"
    },
    {
      "date": "2026-03-02",
      "drawdown_pct": 18.84038599707814,
      "drawdown_usd": 2804.2825671255487,
      "equity": 12080.139480068443,
      "fell_pct": 0.0,
      "fell_usd": 0.0,
      "new_purchase_time_stock": "no change",
      "pnl": 0.671118860003844,
      "return_pct": 0.005555864214668027,
      "sale_time_stock": "no change"
    },
    {
      "date": "2026-03-03",
      "drawdown_pct": 6.664786147780943,
      "drawdown_usd": 992.0148987786379,
      "equity": 13892.407148415354,
      "fell_pct": 0.0,
      "fell_usd": 0.0,
      "new_purchase_time_stock": "no change",
      "pnl": 1812.2676683469108,
      "return_pct": 15.002042578540188,
      "sale_time_stock": "no change"
    },
    {
      "date": "2026-03-04",
      "drawdown_pct": 12.750870309398621,
      "drawdown_usd": 1897.893351541241,
      "equity": 12986.52869565275,
      "fell_pct": 6.520673077638189,
      "fell_usd": 905.878452762603,
      "new_purchase_time_stock": "no change",
      "pnl": -905.878452762603,
      "return_pct": -6.520673077638184,
      "sale_time_stock": "no change"
    },
    {
      "date": "2026-03-05",
      "drawdown_pct": 5.877517424152718,
      "drawdown_usd": 874.8344993082555,
      "equity": 14009.587547885736,
      "fell_pct": 0.0,
      "fell_usd": 0.0,
      "new_purchase_time_stock": "15:55 | SOXS",
      "pnl": 1023.0588522329854,
      "return_pct": 7.8778469305308185,
      "sale_time_stock": "13:08 | SOXS"
    },
    {
      "date": "2026-03-06",
      "drawdown_pct": 0.0,
      "drawdown_usd": 0.0,
      "equity": 14985.306495769653,
      "fell_pct": 0.0,
      "fell_usd": 0.0,
      "new_purchase_time_stock": "15:55 | SOXL",
      "pnl": 975.7189478839173,
      "return_pct": 6.964651489908902,
      "sale_time_stock": "09:30 | SOXS"
    },
    {
      "date": "2026-03-09",
      "drawdown_pct": 0.0,
      "drawdown_usd": 0.0,
      "equity": 16571.30470934313,
      "fell_pct": 0.0,
      "fell_usd": 0.0,
      "new_purchase_time_stock": "15:55 | SOXL",
      "pnl": 1585.9982135734772,
      "return_pct": 10.583688855621354,
      "sale_time_stock": "15:41 | SOXL"
    },
    {
      "date": "2026-03-10",
      "drawdown_pct": 0.0,
      "drawdown_usd": 0.0,
      "equity": 17556.09230160282,
      "fell_pct": 0.0,
      "fell_usd": 0.0,
      "new_purchase_time_stock": "15:55 | SOXL",
      "pnl": 984.7875922596904,
      "return_pct": 5.94272816493715,
      "sale_time_stock": "14:14 | SOXL"
    },
    {
      "date": "2026-03-11",
      "drawdown_pct": 0.0,
      "drawdown_usd": 0.0,
      "equity": 18182.675359938254,
      "fell_pct": 0.0,
      "fell_usd": 0.0,
      "new_purchase_time_stock": "15:55 | SOXS",
      "pnl": 626.5830583354327,
      "return_pct": 3.569034882997446,
      "sale_time_stock": "no change"
    },
    {
      "date": "2026-03-12",
      "drawdown_pct": 0.0,
      "drawdown_usd": 0.0,
      "equity": 19554.583056723073,
      "fell_pct": 0.0,
      "fell_usd": 0.0,
      "new_purchase_time_stock": "15:55 | SOXL",
      "pnl": 1371.9076967848196,
      "return_pct": 7.545136618385295,
      "sale_time_stock": "10:02 | SOXS"
    },
    {
      "date": "2026-03-13",
      "drawdown_pct": 0.0,
      "drawdown_usd": 0.0,
      "equity": 19691.2191930747,
      "fell_pct": 0.0,
      "fell_usd": 0.0,
      "new_purchase_time_stock": "no change",
      "pnl": 136.6361363516262,
      "return_pct": 0.698742263924923,
      "sale_time_stock": "no change"
    },
    {
      "date": "2026-03-16",
      "drawdown_pct": 0.0,
      "drawdown_usd": 0.0,
      "equity": 21121.513059430472,
      "fell_pct": 0.0,
      "fell_usd": 0.0,
      "new_purchase_time_stock": "15:55 | SOXL",
      "pnl": 1430.2938663557725,
      "return_pct": 7.263612538825415,
      "sale_time_stock": "10:38 | SOXL"
    },
    {
      "date": "2026-03-17",
      "drawdown_pct": 0.0,
      "drawdown_usd": 0.0,
      "equity": 21546.224176618794,
      "fell_pct": 0.0,
      "fell_usd": 0.0,
      "new_purchase_time_stock": "no change",
      "pnl": 424.71111718832253,
      "return_pct": 2.010798733941521,
      "sale_time_stock": "no change"
    },
    {
      "date": "2026-03-18",
      "drawdown_pct": 0.6022996897243948,
      "drawdown_usd": 129.77284136309754,
      "equity": 21416.451335255697,
      "fell_pct": 0.6022996897243948,
      "fell_usd": 129.77284136309754,
      "new_purchase_time_stock": "no change",
      "pnl": -129.77284136309754,
      "return_pct": -0.6022996897243948,
      "sale_time_stock": "no change"
    },
    {
      "date": "2026-03-19",
      "drawdown_pct": 0.0,
      "drawdown_usd": 0.0,
      "equity": 21624.87438350552,
      "fell_pct": 0.0,
      "fell_usd": 0.0,
      "new_purchase_time_stock": "no change",
      "pnl": 208.4230482498242,
      "return_pct": 0.9731913330885078,
      "sale_time_stock": "no change"
    },
    {
      "date": "2026-03-20",
      "drawdown_pct": 7.719585379159846,
      "drawdown_usd": 1669.350641170775,
      "equity": 19955.523742334746,
      "fell_pct": 7.719585379159846,
      "fell_usd": 1669.350641170775,
      "new_purchase_time_stock": "no change",
      "pnl": -1669.350641170775,
      "return_pct": -7.719585379159843,
      "sale_time_stock": "no change"
    },
    {
      "date": "2026-03-23",
      "drawdown_pct": 0.0,
      "drawdown_usd": 0.0,
      "equity": 21779.572346788176,
      "fell_pct": 0.0,
      "fell_usd": 0.0,
      "new_purchase_time_stock": "15:55 | SOXS",
      "pnl": 1824.04860445343,
      "return_pct": 9.140569939458887,
      "sale_time_stock": "07:13 | SOXL"
    },
    {
      "date": "2026-03-24",
      "drawdown_pct": 2.9033597059014267,
      "drawdown_usd": 632.3393276342977,
      "equity": 21147.23301915388,
      "fell_pct": 2.9033597059014267,
      "fell_usd": 632.3393276342977,
      "new_purchase_time_stock": "no change",
      "pnl": -632.3393276342977,
      "return_pct": -2.9033597059014316,
      "sale_time_stock": "no change"
    },
    {
      "date": "2026-03-25",
      "drawdown_pct": 6.798094344563954,
      "drawdown_usd": 1480.595875977222,
      "equity": 20298.976470810954,
      "fell_pct": 4.0111940298507385,
      "fell_usd": 848.2565483429244,
      "new_purchase_time_stock": "no change",
      "pnl": -848.2565483429244,
      "return_pct": -4.01119402985074,
      "sale_time_stock": "no change"
    },
    {
      "date": "2026-03-26",
      "drawdown_pct": 0.0,
      "drawdown_usd": 0.0,
      "equity": 22101.583110033287,
      "fell_pct": 0.0,
      "fell_usd": 0.0,
      "new_purchase_time_stock": "15:55 | SOXL",
      "pnl": 1802.606639222333,
      "return_pct": 8.880283406478174,
      "sale_time_stock": "11:05 | SOXS"
    },
    {
      "date": "2026-03-27",
      "drawdown_pct": 4.898958971218617,
      "drawdown_usd": 1082.7474885503143,
      "equity": 21018.835621482973,
      "fell_pct": 4.898958971218617,
      "fell_usd": 1082.7474885503143,
      "new_purchase_time_stock": "no change",
      "pnl": -1082.7474885503143,
      "return_pct": -4.898958971218614,
      "sale_time_stock": "no change"
    }
  ],
  "daily_synthetic_parity": {
    "enabled": false,
    "rebalance_min_trade_weight_delta": 0.05,
    "rebalance_price_model": "minute_close_raw",
    "split_adjustment_override": false,
    "strict_mode": false,
    "trigger_model": "intraday_minute_high_low"
  },
  "data_feed": "sip",
  "events": [
    {
      "day": "2025-09-30",
      "event_type": "rebalance_buy",
      "price": 5.20052,
      "qty": 1922.8846346134617,
      "reason": "baseline_rebalance",
      "side": "buy",
      "symbol": "SOXS",
      "timestamp": "2025-09-30T15:55:00-04:00",
      "trail_stop_price": 0.0,
      "trigger_price": 0.0
    },
    {
      "day": "2025-10-01",
      "event_type": "split_adjustment",
      "price": 0.0,
      "qty": -0.056204749276275834,
      "reason": "overnight_ratio=0.9999707706",
      "side": "none",
      "symbol": "SOXS",
      "timestamp": null,
      "trail_stop_price": 0.0,
      "trigger_price": 0.0
    },
    {
      "day": "2025-10-02",
      "event_type": "split_adjustment",
      "price": 0.0,
      "qty": 0.09584300123947287,
      "reason": "overnight_ratio=1.0000498448",
      "side": "none",
      "symbol": "SOXS",
      "timestamp": null,
      "trail_stop_price": 0.0,
      "trigger_price": 0.0
    },
    {
      "day": "2025-10-03",
      "event_type": "split_adjustment",
      "price": 0.0,
      "qty": -0.05097755289830275,
      "reason": "overnight_ratio=0.9999734896",
      "side": "none",
      "symbol": "SOXS",
      "timestamp": null,
      "trail_stop_price": 0.0,
      "trigger_price": 0.0
    },
    {
      "day": "2025-10-06",
      "event_type": "split_adjustment",
      "price": 0.0,
      "qty": 0.1029698814393214,
      "reason": "overnight_ratio=1.0000535500",
      "side": "none",
      "symbol": "SOXS",
      "timestamp": null,
      "trail_stop_price": 0.0,
      "trigger_price": 0.0
    },
    {
      "day": "2025-10-07",
      "event_type": "split_adjustment",
      "price": 0.0,
      "qty": -0.07075879032277044,
      "reason": "overnight_ratio=0.9999632035",
      "side": "none",
      "symbol": "SOXS",
      "timestamp": null,
      "trail_stop_price": 0.0,
      "trigger_price": 0.0
    },
    {
      "day": "2025-10-08",
      "event_type": "split_adjustment",
      "price": 0.0,
      "qty": -0.05012801832685909,
      "reason": "overnight_ratio=0.9999739311",
      "side": "none",
      "symbol": "SOXS",
      "timestamp": null,
      "trail_stop_price": 0.0,
      "trigger_price": 0.0
    },
    {
      "day": "2025-10-09",
      "event_type": "split_adjustment",
      "price": 0.0,
      "qty": 0.02145703505061647,
      "reason": "overnight_ratio=1.0000111589",
      "side": "none",
      "symbol": "SOXS",
      "timestamp": null,
      "trail_stop_price": 0.0,
      "trigger_price": 0.0
    },
    {
      "day": "2025-10-10",
      "event_type": "split_adjustment",
      "price": 0.0,
      "qty": 0.0854642228771354,
      "reason": "overnight_ratio=1.0000444460",
      "side": "none",
      "symbol": "SOXS",
      "timestamp": null,
      "trail_stop_price": 0.0,
      "trigger_price": 0.0
    },
    {
      "day": "2025-10-10",
      "event_type": "rebalance_sell",
      "price": 4.9145085,
      "qty": 1922.962299643244,
      "reason": "baseline_rebalance",
      "side": "sell",
      "symbol": "SOXS",
      "timestamp": "2025-10-10T15:55:00-04:00",
      "trail_stop_price": 0.0,
      "trigger_price": 0.0
    },
    {
      "day": "2025-10-10",
      "event_type": "rebalance_buy",
      "price": 34.5284525,
      "qty": 273.6719673527098,
      "reason": "baseline_rebalance",
      "side": "buy",
      "symbol": "SOXL",
      "timestamp": "2025-10-10T15:55:00-04:00",
      "trail_stop_price": 0.0,
      "trigger_price": 0.0
    },
    {
      "day": "2025-10-13",
      "event_type": "profit_lock_sell",
      "price": 37.806219000000006,
      "qty": 273.6719673527098,
      "reason": "intraday_profit_lock",
      "side": "sell",
      "symbol": "SOXL",
      "timestamp": "2025-10-13T04:00:00-04:00",
      "trail_stop_price": 37.426199999999994,
      "trigger_price": 36.9468
    },
    {
      "day": "2025-10-13",
      "event_type": "rebalance_buy",
      "price": 4.220422,
      "qty": 2451.287497237056,
      "reason": "baseline_rebalance",
      "side": "buy",
      "symbol": "SOXS",
      "timestamp": "2025-10-13T15:55:00-04:00",
      "trail_stop_price": 0.0,
      "trigger_price": 0.0
    },
    {
      "day": "2025-10-14",
      "event_type": "split_adjustment",
      "price": 0.0,
      "qty": 0.08030889000610841,
      "reason": "overnight_ratio=1.0000327619",
      "side": "none",
      "symbol": "SOXS",
      "timestamp": null,
      "trail_stop_price": 0.0,
      "trigger_price": 0.0
    },
    {
      "day": "2025-10-15",
      "event_type": "split_adjustment",
      "price": 0.0,
      "qty": -0.035013547572816606,
      "reason": "overnight_ratio=0.9999857167",
      "side": "none",
      "symbol": "SOXS",
      "timestamp": null,
      "trail_stop_price": 0.0,
      "trigger_price": 0.0
    },
    {
      "day": "2025-10-16",
      "event_type": "split_adjustment",
      "price": 0.0,
      "qty": -0.027543580882138485,
      "reason": "overnight_ratio=0.9999887638",
      "side": "none",
      "symbol": "SOXS",
      "timestamp": null,
      "trail_stop_price": 0.0,
      "trigger_price": 0.0
    },
    {
      "day": "2025-10-17",
      "event_type": "split_adjustment",
      "price": 0.0,
      "qty": -0.10124188145437074,
      "reason": "overnight_ratio=0.9999586988",
      "side": "none",
      "symbol": "SOXS",
      "timestamp": null,
      "trail_stop_price": 0.0,
      "trigger_price": 0.0
    },
    {
      "day": "2025-10-20",
      "event_type": "split_adjustment",
      "price": 0.0,
      "qty": 0.20288911193893,
      "reason": "overnight_ratio=1.0000827712",
      "side": "none",
      "symbol": "SOXS",
      "timestamp": null,
      "trail_stop_price": 0.0,
      "trigger_price": 0.0
    },
    {
      "day": "2025-10-21",
      "event_type": "split_adjustment",
      "price": 0.0,
      "qty": -0.15884231935797288,
      "reason": "overnight_ratio=0.9999352036",
      "side": "none",
      "symbol": "SOXS",
      "timestamp": null,
      "trail_stop_price": 0.0,
      "trigger_price": 0.0
    },
    {
      "day": "2025-10-22",
      "event_type": "split_adjustment",
      "price": 0.0,
      "qty": -0.08515713232327471,
      "reason": "overnight_ratio=0.9999652597",
      "side": "none",
      "symbol": "SOXS",
      "timestamp": null,
      "trail_stop_price": 0.0,
      "trigger_price": 0.0
    },
    {
      "day": "2025-10-23",
      "event_type": "split_adjustment",
      "price": 0.0,
      "qty": 0.13756152144515,
      "reason": "overnight_ratio=1.0000561209",
      "side": "none",
      "symbol": "SOXS",
      "timestamp": null,
      "trail_stop_price": 0.0,
      "trigger_price": 0.0
    },
    {
      "day": "2025-10-24",
      "event_type": "split_adjustment",
      "price": 0.0,
      "qty": 0.16048844168471987,
      "reason": "overnight_ratio=1.0000654707",
      "side": "none",
      "symbol": "SOXS",
      "timestamp": null,
      "trail_stop_price": 0.0,
      "trigger_price": 0.0
    },
    {
      "day": "2025-10-27",
      "event_type": "split_adjustment",
      "price": 0.0,
      "qty": -0.12272645540633675,
      "reason": "overnight_ratio=0.9999499374",
      "side": "none",
      "symbol": "SOXS",
      "timestamp": null,
      "trail_stop_price": 0.0,
      "trigger_price": 0.0
    },
    {
      "day": "2025-10-28",
      "event_type": "split_adjustment",
      "price": 0.0,
      "qty": -0.15422262537822462,
      "reason": "overnight_ratio=0.9999370864",
      "side": "none",
      "symbol": "SOXS",
      "timestamp": null,
      "trail_stop_price": 0.0,
      "trigger_price": 0.0
    },
    {
      "day": "2025-10-29",
      "event_type": "split_adjustment",
      "price": 0.0,
      "qty": 0.11546690261820913,
      "reason": "overnight_ratio=1.0000471066",
      "side": "none",
      "symbol": "SOXS",
      "timestamp": null,
      "trail_stop_price": 0.0,
      "trigger_price": 0.0
    },
    {
      "day": "2025-10-30",
      "event_type": "split_adjustment",
      "price": 0.0,
      "qty": 0.005784436232261214,
      "reason": "overnight_ratio=1.0000023597",
      "side": "none",
      "symbol": "SOXS",
      "timestamp": null,
      "trail_stop_price": 0.0,
      "trigger_price": 0.0
    },
    {
      "day": "2025-10-31",
      "event_type": "split_adjustment",
      "price": 0.0,
      "qty": -0.09566969685010918,
      "reason": "overnight_ratio=0.9999609719",
      "side": "none",
      "symbol": "SOXS",
      "timestamp": null,
      "trail_stop_price": 0.0,
      "trigger_price": 0.0
    },
    {
      "day": "2025-11-03",
      "event_type": "split_adjustment",
      "price": 0.0,
      "qty": -0.03574491101971944,
      "reason": "overnight_ratio=0.9999854174",
      "side": "none",
      "symbol": "SOXS",
      "timestamp": null,
      "trail_stop_price": 0.0,
      "trigger_price": 0.0
    },
    {
      "day": "2025-11-04",
      "event_type": "split_adjustment",
      "price": 0.0,
      "qty": -0.027269118154890748,
      "reason": "overnight_ratio=0.9999888751",
      "side": "none",
      "symbol": "SOXS",
      "timestamp": null,
      "trail_stop_price": 0.0,
      "trigger_price": 0.0
    },
    {
      "day": "2025-11-04",
      "event_type": "rebalance_sell",
      "price": 3.6646335,
      "qty": 2451.1465652725815,
      "reason": "baseline_rebalance",
      "side": "sell",
      "symbol": "SOXS",
      "timestamp": "2025-11-04T15:55:00-05:00",
      "trail_stop_price": 0.0,
      "trigger_price": 0.0
    },
    {
      "day": "2025-11-04",
      "event_type": "rebalance_buy",
      "price": 42.799279500000004,
      "qty": 209.8552981744981,
      "reason": "baseline_rebalance",
      "side": "buy",
      "symbol": "SOXL",
      "timestamp": "2025-11-04T15:55:00-05:00",
      "trail_stop_price": 0.0,
      "trigger_price": 0.0
    },
    {
      "day": "2025-11-05",
      "event_type": "profit_lock_sell",
      "price": 47.385360989999995,
      "qty": 209.8552981744981,
      "reason": "intraday_profit_lock",
      "side": "sell",
      "symbol": "SOXL",
      "timestamp": "2025-11-05T15:50:00-05:00",
      "trail_stop_price": 47.4614,
      "trigger_price": 46.224
    },
    {
      "day": "2025-11-05",
      "event_type": "rebalance_buy",
      "price": 3.2753275,
      "qty": 3035.7497541106086,
      "reason": "baseline_rebalance",
      "side": "buy",
      "symbol": "SOXS",
      "timestamp": "2025-11-05T15:55:00-05:00",
      "trail_stop_price": 0.0,
      "trigger_price": 0.0
    },
    {
      "day": "2025-11-06",
      "event_type": "split_adjustment",
      "price": 0.0,
      "qty": -0.06952877780349809,
      "reason": "overnight_ratio=0.9999770967",
      "side": "none",
      "symbol": "SOXS",
      "timestamp": null,
      "trail_stop_price": 0.0,
      "trigger_price": 0.0
    },
    {
      "day": "2025-11-06",
      "event_type": "rebalance_sell",
      "price": 3.57934203,
      "qty": 3035.680225332805,
      "reason": "baseline_rebalance",
      "side": "sell",
      "symbol": "SOXS",
      "timestamp": "2025-11-06T15:55:00-05:00",
      "trail_stop_price": 0.0,
      "trigger_price": 0.0
    },
    {
      "day": "2025-11-06",
      "event_type": "rebalance_buy",
      "price": 43.074307,
      "qty": 252.23043626428077,
      "reason": "baseline_rebalance",
      "side": "buy",
      "symbol": "SOXL",
      "timestamp": "2025-11-06T15:55:00-05:00",
      "trail_stop_price": 0.0,
      "trigger_price": 0.0
    },
    {
      "day": "2025-11-10",
      "event_type": "profit_lock_sell",
      "price": 45.105489,
      "qty": 252.23043626428077,
      "reason": "intraday_profit_lock",
      "side": "sell",
      "symbol": "SOXL",
      "timestamp": "2025-11-10T08:01:00-05:00",
      "trail_stop_price": 44.3352,
      "trigger_price": 45.07920000000001
    },
    {
      "day": "2025-11-10",
      "event_type": "rebalance_buy",
      "price": 45.0895085,
      "qty": 252.2945991009611,
      "reason": "baseline_rebalance",
      "side": "buy",
      "symbol": "SOXL",
      "timestamp": "2025-11-10T15:55:00-05:00",
      "trail_stop_price": 0.0,
      "trigger_price": 0.0
    },
    {
      "day": "2025-11-19",
      "event_type": "profit_lock_sell",
      "price": 36.58564107,
      "qty": 252.2945991009611,
      "reason": "intraday_profit_lock",
      "side": "sell",
      "symbol": "SOXL",
      "timestamp": "2025-11-19T10:48:00-05:00",
      "trail_stop_price": 36.553999999999995,
      "trigger_price": 37.098000000000006
    },
    {
      "day": "2025-11-19",
      "event_type": "rebalance_buy",
      "price": 36.223622,
      "qty": 254.79055105650804,
      "reason": "baseline_rebalance",
      "side": "buy",
      "symbol": "SOXL",
      "timestamp": "2025-11-19T15:55:00-05:00",
      "trail_stop_price": 0.0,
      "trigger_price": 0.0
    },
    {
      "day": "2025-11-20",
      "event_type": "profit_lock_sell",
      "price": 38.316168,
      "qty": 254.79055105650804,
      "reason": "intraday_profit_lock",
      "side": "sell",
      "symbol": "SOXL",
      "timestamp": "2025-11-20T04:48:00-05:00",
      "trail_stop_price": 38.318,
      "trigger_price": 38.836800000000004
    },
    {
      "day": "2025-11-20",
      "event_type": "rebalance_buy",
      "price": 30.833083,
      "qty": 316.5956936365342,
      "reason": "baseline_rebalance",
      "side": "buy",
      "symbol": "SOXL",
      "timestamp": "2025-11-20T15:55:00-05:00",
      "trail_stop_price": 0.0,
      "trigger_price": 0.0
    },
    {
      "day": "2025-11-24",
      "event_type": "profit_lock_sell",
      "price": 34.076592,
      "qty": 316.5956936365342,
      "reason": "intraday_profit_lock",
      "side": "sell",
      "symbol": "SOXL",
      "timestamp": "2025-11-24T09:50:00-05:00",
      "trail_stop_price": 33.8982,
      "trigger_price": 34.2684
    },
    {
      "day": "2025-11-24",
      "event_type": "rebalance_buy",
      "price": 36.1286125,
      "qty": 298.5839389979637,
      "reason": "baseline_rebalance",
      "side": "buy",
      "symbol": "SOXL",
      "timestamp": "2025-11-24T15:55:00-05:00",
      "trail_stop_price": 0.0,
      "trigger_price": 0.0
    },
    {
      "day": "2025-11-26",
      "event_type": "profit_lock_sell",
      "price": 39.3010695,
      "qty": 298.5839389979637,
      "reason": "intraday_profit_lock",
      "side": "sell",
      "symbol": "SOXL",
      "timestamp": "2025-11-26T15:55:00-05:00",
      "trail_stop_price": 39.3421,
      "trigger_price": 39.0636
    },
    {
      "day": "2025-11-26",
      "event_type": "rebalance_buy",
      "price": 39.3089305,
      "qty": 298.49437575842757,
      "reason": "baseline_rebalance",
      "side": "buy",
      "symbol": "SOXL",
      "timestamp": "2025-11-26T15:55:00-05:00",
      "trail_stop_price": 0.0,
      "trigger_price": 0.0
    },
    {
      "day": "2025-12-18",
      "event_type": "profit_lock_sell",
      "price": 39.785721030000005,
      "qty": 298.49437575842757,
      "reason": "intraday_profit_lock",
      "side": "sell",
      "symbol": "SOXL",
      "timestamp": "2025-12-18T09:39:00-05:00",
      "trail_stop_price": 39.607876000000005,
      "trigger_price": 38.8908
    },
    {
      "day": "2025-12-18",
      "event_type": "rebalance_buy",
      "price": 38.77637725,
      "qty": 306.23351699397085,
      "reason": "baseline_rebalance",
      "side": "buy",
      "symbol": "SOXL",
      "timestamp": "2025-12-18T15:55:00-05:00",
      "trail_stop_price": 0.0,
      "trigger_price": 0.0
    },
    {
      "day": "2025-12-19",
      "event_type": "profit_lock_sell",
      "price": 41.3408655,
      "qty": 306.23351699397085,
      "reason": "intraday_profit_lock",
      "side": "sell",
      "symbol": "SOXL",
      "timestamp": "2025-12-19T10:21:00-05:00",
      "trail_stop_price": 41.356,
      "trigger_price": 41.6664
    },
    {
      "day": "2025-12-19",
      "event_type": "rebalance_buy",
      "price": 41.864186,
      "qty": 302.375224536217,
      "reason": "baseline_rebalance",
      "side": "buy",
      "symbol": "SOXL",
      "timestamp": "2025-12-19T15:55:00-05:00",
      "trail_stop_price": 0.0,
      "trigger_price": 0.0
    },
    {
      "day": "2026-01-02",
      "event_type": "profit_lock_sell",
      "price": 45.985401,
      "qty": 302.375224536217,
      "reason": "intraday_profit_lock",
      "side": "sell",
      "symbol": "SOXL",
      "timestamp": "2026-01-02T09:30:00-05:00",
      "trail_stop_price": 45.1192,
      "trigger_price": 45.3924
    },
    {
      "day": "2026-01-02",
      "event_type": "rebalance_buy",
      "price": 2.7452745000000003,
      "qty": 5064.50464904974,
      "reason": "baseline_rebalance",
      "side": "buy",
      "symbol": "SOXS",
      "timestamp": "2026-01-02T15:55:00-05:00",
      "trail_stop_price": 0.0,
      "trigger_price": 0.0
    },
    {
      "day": "2026-01-05",
      "event_type": "split_adjustment",
      "price": 0.0,
      "qty": 0.30930161530704936,
      "reason": "overnight_ratio=1.0000610724",
      "side": "none",
      "symbol": "SOXS",
      "timestamp": null,
      "trail_stop_price": 0.0,
      "trigger_price": 0.0
    },
    {
      "day": "2026-01-06",
      "event_type": "split_adjustment",
      "price": 0.0,
      "qty": 0.0649793309476081,
      "reason": "overnight_ratio=1.0000128296",
      "side": "none",
      "symbol": "SOXS",
      "timestamp": null,
      "trail_stop_price": 0.0,
      "trigger_price": 0.0
    },
    {
      "day": "2026-01-07",
      "event_type": "split_adjustment",
      "price": 0.0,
      "qty": 0.06126622632109502,
      "reason": "overnight_ratio=1.0000120963",
      "side": "none",
      "symbol": "SOXS",
      "timestamp": null,
      "trail_stop_price": 0.0,
      "trigger_price": 0.0
    },
    {
      "day": "2026-01-08",
      "event_type": "split_adjustment",
      "price": 0.0,
      "qty": -0.1864209688064875,
      "reason": "overnight_ratio=0.9999631938",
      "side": "none",
      "symbol": "SOXS",
      "timestamp": null,
      "trail_stop_price": 0.0,
      "trigger_price": 0.0
    },
    {
      "day": "2026-01-09",
      "event_type": "split_adjustment",
      "price": 0.0,
      "qty": -0.2019446014337518,
      "reason": "overnight_ratio=0.9999601275",
      "side": "none",
      "symbol": "SOXS",
      "timestamp": null,
      "trail_stop_price": 0.0,
      "trigger_price": 0.0
    },
    {
      "day": "2026-01-12",
      "event_type": "split_adjustment",
      "price": 0.0,
      "qty": 0.428769590185766,
      "reason": "overnight_ratio=1.0000846609",
      "side": "none",
      "symbol": "SOXS",
      "timestamp": null,
      "trail_stop_price": 0.0,
      "trigger_price": 0.0
    },
    {
      "day": "2026-01-13",
      "event_type": "split_adjustment",
      "price": 0.0,
      "qty": -0.8479306682002061,
      "reason": "overnight_ratio=0.9998325896",
      "side": "none",
      "symbol": "SOXS",
      "timestamp": null,
      "trail_stop_price": 0.0,
      "trigger_price": 0.0
    },
    {
      "day": "2026-01-14",
      "event_type": "split_adjustment",
      "price": 0.0,
      "qty": 0.1725613289672765,
      "reason": "overnight_ratio=1.0000340752",
      "side": "none",
      "symbol": "SOXS",
      "timestamp": null,
      "trail_stop_price": 0.0,
      "trigger_price": 0.0
    },
    {
      "day": "2026-01-15",
      "event_type": "split_adjustment",
      "price": 0.0,
      "qty": 0.3661844554253548,
      "reason": "overnight_ratio=1.0000723069",
      "side": "none",
      "symbol": "SOXS",
      "timestamp": null,
      "trail_stop_price": 0.0,
      "trigger_price": 0.0
    },
    {
      "day": "2026-01-16",
      "event_type": "split_adjustment",
      "price": 0.0,
      "qty": -0.26444050302234245,
      "reason": "overnight_ratio=0.9999477872",
      "side": "none",
      "symbol": "SOXS",
      "timestamp": null,
      "trail_stop_price": 0.0,
      "trigger_price": 0.0
    },
    {
      "day": "2026-01-20",
      "event_type": "split_adjustment",
      "price": 0.0,
      "qty": 0.26444050302234245,
      "reason": "overnight_ratio=1.0000522155",
      "side": "none",
      "symbol": "SOXS",
      "timestamp": null,
      "trail_stop_price": 0.0,
      "trigger_price": 0.0
    },
    {
      "day": "2026-01-21",
      "event_type": "split_adjustment",
      "price": 0.0,
      "qty": -0.053722063526038255,
      "reason": "overnight_ratio=0.9999893928",
      "side": "none",
      "symbol": "SOXS",
      "timestamp": null,
      "trail_stop_price": 0.0,
      "trigger_price": 0.0
    },
    {
      "day": "2026-01-22",
      "event_type": "split_adjustment",
      "price": 0.0,
      "qty": -0.19825999634485925,
      "reason": "overnight_ratio=0.9999608539",
      "side": "none",
      "symbol": "SOXS",
      "timestamp": null,
      "trail_stop_price": 0.0,
      "trigger_price": 0.0
    },
    {
      "day": "2026-01-23",
      "event_type": "split_adjustment",
      "price": 0.0,
      "qty": -0.1031213710357406,
      "reason": "overnight_ratio=0.9999796381",
      "side": "none",
      "symbol": "SOXS",
      "timestamp": null,
      "trail_stop_price": 0.0,
      "trigger_price": 0.0
    },
    {
      "day": "2026-01-26",
      "event_type": "split_adjustment",
      "price": 0.0,
      "qty": 0.7603949640961218,
      "reason": "overnight_ratio=1.0001501476",
      "side": "none",
      "symbol": "SOXS",
      "timestamp": null,
      "trail_stop_price": 0.0,
      "trigger_price": 0.0
    },
    {
      "day": "2026-01-27",
      "event_type": "split_adjustment",
      "price": 0.0,
      "qty": -0.3437252358389742,
      "reason": "overnight_ratio=0.9999321382",
      "side": "none",
      "symbol": "SOXS",
      "timestamp": null,
      "trail_stop_price": 0.0,
      "trigger_price": 0.0
    },
    {
      "day": "2026-01-28",
      "event_type": "split_adjustment",
      "price": 0.0,
      "qty": -0.4023147646748839,
      "reason": "overnight_ratio=0.9999205655",
      "side": "none",
      "symbol": "SOXS",
      "timestamp": null,
      "trail_stop_price": 0.0,
      "trigger_price": 0.0
    },
    {
      "day": "2026-01-30",
      "event_type": "split_adjustment",
      "price": 0.0,
      "qty": 0.2870264037992456,
      "reason": "overnight_ratio=1.0000566761",
      "side": "none",
      "symbol": "SOXS",
      "timestamp": null,
      "trail_stop_price": 0.0,
      "trigger_price": 0.0
    },
    {
      "day": "2026-02-02",
      "event_type": "split_adjustment",
      "price": 0.0,
      "qty": 0.23805488570178568,
      "reason": "overnight_ratio=1.0000470035",
      "side": "none",
      "symbol": "SOXS",
      "timestamp": null,
      "trail_stop_price": 0.0,
      "trigger_price": 0.0
    },
    {
      "day": "2026-02-03",
      "event_type": "split_adjustment",
      "price": 0.0,
      "qty": -0.23805488570087618,
      "reason": "overnight_ratio=0.9999529987",
      "side": "none",
      "symbol": "SOXS",
      "timestamp": null,
      "trail_stop_price": 0.0,
      "trigger_price": 0.0
    },
    {
      "day": "2026-02-04",
      "event_type": "split_adjustment",
      "price": 0.0,
      "qty": -0.04646811274506035,
      "reason": "overnight_ratio=0.9999908250",
      "side": "none",
      "symbol": "SOXS",
      "timestamp": null,
      "trail_stop_price": 0.0,
      "trigger_price": 0.0
    },
    {
      "day": "2026-02-04",
      "event_type": "rebalance_sell",
      "price": 2.2207779000000003,
      "qty": 5064.571225182184,
      "reason": "baseline_rebalance",
      "side": "sell",
      "symbol": "SOXS",
      "timestamp": "2026-02-04T15:55:00-05:00",
      "trail_stop_price": 0.0,
      "trigger_price": 0.0
    },
    {
      "day": "2026-02-04",
      "event_type": "rebalance_buy",
      "price": 53.40544001,
      "qty": 210.58085316720033,
      "reason": "baseline_rebalance",
      "side": "buy",
      "symbol": "SOXL",
      "timestamp": "2026-02-04T15:55:00-05:00",
      "trail_stop_price": 0.0,
      "trigger_price": 0.0
    },
    {
      "day": "2026-02-06",
      "event_type": "profit_lock_sell",
      "price": 56.474351999999996,
      "qty": 210.58085316720033,
      "reason": "intraday_profit_lock",
      "side": "sell",
      "symbol": "SOXL",
      "timestamp": "2026-02-06T07:12:00-05:00",
      "trail_stop_price": 56.448,
      "trigger_price": 57.510000000000005
    },
    {
      "day": "2026-02-06",
      "event_type": "rebalance_buy",
      "price": 1.870187,
      "qty": 6358.309615296311,
      "reason": "baseline_rebalance",
      "side": "buy",
      "symbol": "SOXS",
      "timestamp": "2026-02-06T15:55:00-05:00",
      "trail_stop_price": 0.0,
      "trigger_price": 0.0
    },
    {
      "day": "2026-02-09",
      "event_type": "split_adjustment",
      "price": 0.0,
      "qty": -1.5898802381534551,
      "reason": "overnight_ratio=0.9997499524",
      "side": "none",
      "symbol": "SOXS",
      "timestamp": null,
      "trail_stop_price": 0.0,
      "trigger_price": 0.0
    },
    {
      "day": "2026-02-10",
      "event_type": "split_adjustment",
      "price": 0.0,
      "qty": 0.27225971111056424,
      "reason": "overnight_ratio=1.0000428302",
      "side": "none",
      "symbol": "SOXS",
      "timestamp": null,
      "trail_stop_price": 0.0,
      "trigger_price": 0.0
    },
    {
      "day": "2026-02-11",
      "event_type": "split_adjustment",
      "price": 0.0,
      "qty": -0.29332742685164703,
      "reason": "overnight_ratio=0.9999538575",
      "side": "none",
      "symbol": "SOXS",
      "timestamp": null,
      "trail_stop_price": 0.0,
      "trigger_price": 0.0
    },
    {
      "day": "2026-02-12",
      "event_type": "split_adjustment",
      "price": 0.0,
      "qty": 0.0210677157401733,
      "reason": "overnight_ratio=1.0000033143",
      "side": "none",
      "symbol": "SOXS",
      "timestamp": null,
      "trail_stop_price": 0.0,
      "trigger_price": 0.0
    },
    {
      "day": "2026-02-13",
      "event_type": "split_adjustment",
      "price": 0.0,
      "qty": 0.41225689211023564,
      "reason": "overnight_ratio=1.0000648537",
      "side": "none",
      "symbol": "SOXS",
      "timestamp": null,
      "trail_stop_price": 0.0,
      "trigger_price": 0.0
    },
    {
      "day": "2026-02-17",
      "event_type": "split_adjustment",
      "price": 0.0,
      "qty": 0.2776215284193313,
      "reason": "overnight_ratio=1.0000436709",
      "side": "none",
      "symbol": "SOXS",
      "timestamp": null,
      "trail_stop_price": 0.0,
      "trigger_price": 0.0
    },
    {
      "day": "2026-02-18",
      "event_type": "split_adjustment",
      "price": 0.0,
      "qty": 0.1587439538725448,
      "reason": "overnight_ratio=1.0000249699",
      "side": "none",
      "symbol": "SOXS",
      "timestamp": null,
      "trail_stop_price": 0.0,
      "trigger_price": 0.0
    },
    {
      "day": "2026-02-19",
      "event_type": "split_adjustment",
      "price": 0.0,
      "qty": -0.7171598281811384,
      "reason": "overnight_ratio=0.9998871959",
      "side": "none",
      "symbol": "SOXS",
      "timestamp": null,
      "trail_stop_price": 0.0,
      "trigger_price": 0.0
    },
    {
      "day": "2026-02-19",
      "event_type": "rebalance_sell",
      "price": 1.7548245,
      "qty": 6356.851197604377,
      "reason": "baseline_rebalance",
      "side": "sell",
      "symbol": "SOXS",
      "timestamp": "2026-02-19T15:55:00-05:00",
      "trail_stop_price": 0.0,
      "trigger_price": 0.0
    },
    {
      "day": "2026-02-19",
      "event_type": "rebalance_buy",
      "price": 64.89148850000001,
      "qty": 171.88760754945636,
      "reason": "baseline_rebalance",
      "side": "buy",
      "symbol": "SOXL",
      "timestamp": "2026-02-19T15:55:00-05:00",
      "trail_stop_price": 0.0,
      "trigger_price": 0.0
    },
    {
      "day": "2026-02-20",
      "event_type": "rebalance_sell",
      "price": 66.783321,
      "qty": 171.88760754945636,
      "reason": "baseline_rebalance",
      "side": "sell",
      "symbol": "SOXL",
      "timestamp": "2026-02-20T15:55:00-05:00",
      "trail_stop_price": 0.0,
      "trigger_price": 0.0
    },
    {
      "day": "2026-02-20",
      "event_type": "rebalance_buy",
      "price": 1.71047103,
      "qty": 6710.477492489468,
      "reason": "baseline_rebalance",
      "side": "buy",
      "symbol": "SOXS",
      "timestamp": "2026-02-20T15:55:00-05:00",
      "trail_stop_price": 0.0,
      "trigger_price": 0.0
    },
    {
      "day": "2026-02-23",
      "event_type": "split_adjustment",
      "price": 0.0,
      "qty": 1.1887552194584714,
      "reason": "overnight_ratio=1.0001771491",
      "side": "none",
      "symbol": "SOXS",
      "timestamp": null,
      "trail_stop_price": 0.0,
      "trigger_price": 0.0
    },
    {
      "day": "2026-02-24",
      "event_type": "split_adjustment",
      "price": 0.0,
      "qty": -0.3979961288487175,
      "reason": "overnight_ratio=0.9999407008",
      "side": "none",
      "symbol": "SOXS",
      "timestamp": null,
      "trail_stop_price": 0.0,
      "trigger_price": 0.0
    },
    {
      "day": "2026-02-25",
      "event_type": "split_adjustment",
      "price": 0.0,
      "qty": -0.11529077650538966,
      "reason": "overnight_ratio=0.9999828213",
      "side": "none",
      "symbol": "SOXS",
      "timestamp": null,
      "trail_stop_price": 0.0,
      "trigger_price": 0.0
    },
    {
      "day": "2026-02-26",
      "event_type": "split_adjustment",
      "price": 0.0,
      "qty": -0.0741793368188155,
      "reason": "overnight_ratio=0.9999889469",
      "side": "none",
      "symbol": "SOXS",
      "timestamp": null,
      "trail_stop_price": 0.0,
      "trigger_price": 0.0
    },
    {
      "day": "2026-02-27",
      "event_type": "split_adjustment",
      "price": 0.0,
      "qty": 0.1098185712698978,
      "reason": "overnight_ratio=1.0000163638",
      "side": "none",
      "symbol": "SOXS",
      "timestamp": null,
      "trail_stop_price": 0.0,
      "trigger_price": 0.0
    },
    {
      "day": "2026-03-03",
      "event_type": "split_adjustment",
      "price": 0.0,
      "qty": 0.11920112881398381,
      "reason": "overnight_ratio=1.0000177616",
      "side": "none",
      "symbol": "SOXS",
      "timestamp": null,
      "trail_stop_price": 0.0,
      "trigger_price": 0.0
    },
    {
      "day": "2026-03-04",
      "event_type": "split_adjustment",
      "price": 0.0,
      "qty": 0.07653767179272108,
      "reason": "overnight_ratio=1.0000114043",
      "side": "none",
      "symbol": "SOXS",
      "timestamp": null,
      "trail_stop_price": 0.0,
      "trigger_price": 0.0
    },
    {
      "day": "2026-03-05",
      "event_type": "split_adjustment",
      "price": 0.0,
      "qty": -6375.805049453392,
      "reason": "overnight_ratio=0.0500015008",
      "side": "none",
      "symbol": "SOXS",
      "timestamp": null,
      "trail_stop_price": 0.0,
      "trigger_price": 0.0
    },
    {
      "day": "2026-03-05",
      "event_type": "profit_lock_sell",
      "price": 41.755824,
      "qty": 335.5792893852385,
      "reason": "intraday_profit_lock",
      "side": "sell",
      "symbol": "SOXS",
      "timestamp": "2026-03-05T13:08:00-05:00",
      "trail_stop_price": 41.65,
      "trigger_price": 41.37480000000001
    },
    {
      "day": "2026-03-05",
      "event_type": "rebalance_buy",
      "price": 40.404039999999995,
      "qty": 346.7719690070727,
      "reason": "baseline_rebalance",
      "side": "buy",
      "symbol": "SOXS",
      "timestamp": "2026-03-05T15:55:00-05:00",
      "trail_stop_price": 0.0,
      "trigger_price": 0.0
    },
    {
      "day": "2026-03-06",
      "event_type": "split_adjustment",
      "price": 0.0,
      "qty": -0.015357941976503753,
      "reason": "overnight_ratio=0.9999557117",
      "side": "none",
      "symbol": "SOXS",
      "timestamp": null,
      "trail_stop_price": 0.0,
      "trigger_price": 0.0
    },
    {
      "day": "2026-03-06",
      "event_type": "profit_lock_sell",
      "price": 43.22427714,
      "qty": 346.7566110650962,
      "reason": "intraday_profit_lock",
      "side": "sell",
      "symbol": "SOXS",
      "timestamp": "2026-03-06T09:30:00-05:00",
      "trail_stop_price": 42.924,
      "trigger_price": 42.9732
    },
    {
      "day": "2026-03-06",
      "event_type": "rebalance_buy",
      "price": 47.66476599999999,
      "qty": 314.4210343216461,
      "reason": "baseline_rebalance",
      "side": "buy",
      "symbol": "SOXL",
      "timestamp": "2026-03-06T15:55:00-05:00",
      "trail_stop_price": 0.0,
      "trigger_price": 0.0
    },
    {
      "day": "2026-03-09",
      "event_type": "profit_lock_sell",
      "price": 52.714728,
      "qty": 314.4210343216461,
      "reason": "intraday_profit_lock",
      "side": "sell",
      "symbol": "SOXL",
      "timestamp": "2026-03-09T15:41:00-04:00",
      "trail_stop_price": 52.7044,
      "trigger_price": 51.7212
    },
    {
      "day": "2026-03-09",
      "event_type": "rebalance_buy",
      "price": 52.9802975,
      "qty": 312.8136802141223,
      "reason": "baseline_rebalance",
      "side": "buy",
      "symbol": "SOXL",
      "timestamp": "2026-03-09T15:55:00-04:00",
      "trail_stop_price": 0.0,
      "trigger_price": 0.0
    },
    {
      "day": "2026-03-10",
      "event_type": "profit_lock_sell",
      "price": 56.134386,
      "qty": 312.8136802141223,
      "reason": "intraday_profit_lock",
      "side": "sell",
      "symbol": "SOXL",
      "timestamp": "2026-03-10T14:14:00-04:00",
      "trail_stop_price": 56.6244,
      "trigger_price": 57.58560000000001
    },
    {
      "day": "2026-03-10",
      "event_type": "rebalance_buy",
      "price": 54.1704165,
      "qty": 324.1224462587062,
      "reason": "baseline_rebalance",
      "side": "buy",
      "symbol": "SOXL",
      "timestamp": "2026-03-10T15:55:00-04:00",
      "trail_stop_price": 0.0,
      "trigger_price": 0.0
    },
    {
      "day": "2026-03-11",
      "event_type": "rebalance_sell",
      "price": 56.1093885,
      "qty": 324.1224462587062,
      "reason": "baseline_rebalance",
      "side": "sell",
      "symbol": "SOXL",
      "timestamp": "2026-03-11T15:55:00-04:00",
      "trail_stop_price": 0.0,
      "trigger_price": 0.0
    },
    {
      "day": "2026-03-11",
      "event_type": "rebalance_buy",
      "price": 37.82388201,
      "qty": 480.76751145391614,
      "reason": "baseline_rebalance",
      "side": "buy",
      "symbol": "SOXS",
      "timestamp": "2026-03-11T15:55:00-04:00",
      "trail_stop_price": 0.0,
      "trigger_price": 0.0
    },
    {
      "day": "2026-03-12",
      "event_type": "split_adjustment",
      "price": 0.0,
      "qty": 0.010426594655712051,
      "reason": "overnight_ratio=1.0000216874",
      "side": "none",
      "symbol": "SOXS",
      "timestamp": null,
      "trail_stop_price": 0.0,
      "trigger_price": 0.0
    },
    {
      "day": "2026-03-12",
      "event_type": "profit_lock_sell",
      "price": 40.6809315,
      "qty": 480.77793804857185,
      "reason": "intraday_profit_lock",
      "side": "sell",
      "symbol": "SOXS",
      "timestamp": "2026-03-12T10:02:00-04:00",
      "trail_stop_price": 40.846399999999996,
      "trigger_price": 40.4352
    },
    {
      "day": "2026-03-12",
      "event_type": "rebalance_buy",
      "price": 50.095009000000005,
      "qty": 390.3889610046531,
      "reason": "baseline_rebalance",
      "side": "buy",
      "symbol": "SOXL",
      "timestamp": "2026-03-12T15:55:00-04:00",
      "trail_stop_price": 0.0,
      "trigger_price": 0.0
    },
    {
      "day": "2026-03-16",
      "event_type": "profit_lock_sell",
      "price": 54.114588,
      "qty": 390.3889610046531,
      "reason": "intraday_profit_lock",
      "side": "sell",
      "symbol": "SOXL",
      "timestamp": "2026-03-16T10:38:00-04:00",
      "trail_stop_price": 54.272400000000005,
      "trigger_price": 54.7776
    },
    {
      "day": "2026-03-16",
      "event_type": "rebalance_buy",
      "price": 53.715371,
      "qty": 393.2510344336338,
      "reason": "baseline_rebalance",
      "side": "buy",
      "symbol": "SOXL",
      "timestamp": "2026-03-16T15:55:00-04:00",
      "trail_stop_price": 0.0,
      "trigger_price": 0.0
    },
    {
      "day": "2026-03-23",
      "event_type": "profit_lock_sell",
      "price": 55.39446,
      "qty": 393.2510344336338,
      "reason": "intraday_profit_lock",
      "side": "sell",
      "symbol": "SOXL",
      "timestamp": "2026-03-23T07:13:00-04:00",
      "trail_stop_price": 54.291999999999994,
      "trigger_price": 55.2312
    },
    {
      "day": "2026-03-23",
      "event_type": "rebalance_buy",
      "price": 38.943894,
      "qty": 559.3110515353924,
      "reason": "baseline_rebalance",
      "side": "buy",
      "symbol": "SOXS",
      "timestamp": "2026-03-23T15:55:00-04:00",
      "trail_stop_price": 0.0,
      "trigger_price": 0.0
    },
    {
      "day": "2026-03-24",
      "event_type": "split_adjustment",
      "price": 0.0,
      "qty": 4.314561981502038,
      "reason": "overnight_ratio=1.0077140653",
      "side": "none",
      "symbol": "SOXS",
      "timestamp": null,
      "trail_stop_price": 0.0,
      "trigger_price": 0.0
    },
    {
      "day": "2026-03-26",
      "event_type": "profit_lock_sell",
      "price": 39.2210775,
      "qty": 563.6256135168944,
      "reason": "intraday_profit_lock",
      "side": "sell",
      "symbol": "SOXS",
      "timestamp": "2026-03-26T11:05:00-04:00",
      "trail_stop_price": 39.151,
      "trigger_price": 38.90160000000001
    },
    {
      "day": "2026-03-26",
      "event_type": "rebalance_buy",
      "price": 48.994899000000004,
      "qty": 451.1447868959642,
      "reason": "baseline_rebalance",
      "side": "buy",
      "symbol": "SOXL",
      "timestamp": "2026-03-26T15:55:00-04:00",
      "trail_stop_price": 0.0,
      "trigger_price": 0.0
    }
  ],
  "gpu": {
    "backend": "cupy_available_cpu_logic",
    "days": 125,
    "event_count": 118,
    "final_equity": 21018.835621482973,
    "initial_equity": 10000.0,
    "max_drawdown_pct": 26.932288154941773,
    "max_drawdown_usd": 5952.4620499981065,
    "total_return_pct": 110.18835621482972
  },
  "initial_equity": 10000.0,
  "initial_principal": 10000.0,
  "outputs": {
    "daily_csv": "switch_runtime_v1/reports/improvements_1m_6m_market_close_20260328/impr_mc_6m_2025-09-27_to_2026-03-27_aggr_adapt_t10_tr2_rv14_b85_m8_M30_intraday_pl_5m_2025-09-27_to_2026-03-27_market_close_daily.csv",
    "summary_json": "switch_runtime_v1/reports/improvements_1m_6m_market_close_20260328/impr_mc_6m_2025-09-27_to_2026-03-27_aggr_adapt_t10_tr2_rv14_b85_m8_M30_intraday_pl_5m_2025-09-27_to_2026-03-27_market_close.json"
  },
  "paper_live_style_daily_synth_profile": false,
  "parity": {
    "final_equity_abs_diff": 0.0,
    "final_equity_diff_bps_vs_cpu": 0.0
  },
  "profit_lock_exec_model_effective": "market_close",
  "profit_lock_exec_model_requested": "market_close",
  "rebalance_time_ny": "15:55",
  "runtime_profit_lock_order_type": "market_order",
  "runtime_stop_price_offset_bps": 2.0,
  "split_adjustment": {
    "enabled": true,
    "method": "holdings_scaled_by_adjusted_raw_factor_ratio"
  },
  "strategy_profile": "aggr_adapt_t10_tr2_rv14_b85_m8_M30_intraday_pl_5m",
  "warmup_days_effective": 551,
  "warmup_days_requested": 420,
  "window": {
    "end_date": "2026-03-27",
    "start_date": "2025-09-27"
  }
}
