{"loaded_env_vars": 8, "env_file": "/home/chewy/projects/trading-compose-dev/.env.dev", "env_override": true}
{
  "anchor_window_start_equity": true,
  "cpu": {
    "days": 105,
    "event_count": 95,
    "final_equity": 23773.180439143132,
    "initial_equity": 10000.0,
    "max_drawdown_pct": 29.018373260140745,
    "max_drawdown_usd": 7256.033952013118,
    "total_return_pct": 137.73180439143133
  },
  "daily_lookback_days_effective": 800,
  "daily_lookback_days_requested": 800,
  "daily_rows": [
    {
      "date": "2025-10-27",
      "drawdown_pct": 0.0,
      "drawdown_usd": 0.0,
      "equity": 10000.0,
      "fell_pct": 0.0,
      "fell_usd": 0.0,
      "new_purchase_time_stock": "no change",
      "pnl": 0.0,
      "return_pct": 0.0,
      "sale_time_stock": "no change"
    },
    {
      "date": "2025-10-28",
      "drawdown_pct": 0.00999900009999692,
      "drawdown_usd": 0.999900009999692,
      "equity": 9999.00009999,
      "fell_pct": 0.00999900009999692,
      "fell_usd": 0.999900009999692,
      "new_purchase_time_stock": "15:55 | SOXS",
      "pnl": -0.999900009999692,
      "return_pct": -0.009999000099991662,
      "sale_time_stock": "no change"
    },
    {
      "date": "2025-10-29",
      "drawdown_pct": 5.164460170856964,
      "drawdown_usd": 516.4460170856964,
      "equity": 9483.553982914304,
      "fell_pct": 5.154976616874044,
      "fell_usd": 515.4461170756967,
      "new_purchase_time_stock": "no change",
      "pnl": -515.4461170756967,
      "return_pct": -5.154976616874041,
      "sale_time_stock": "no change"
    },
    {
      "date": "2025-10-30",
      "drawdown_pct": 1.6244878191472345,
      "drawdown_usd": 162.44878191472344,
      "equity": 9837.551218085277,
      "fell_pct": 0.0,
      "fell_usd": 0.0,
      "new_purchase_time_stock": "no change",
      "pnl": 353.997235170973,
      "return_pct": 3.732748670052799,
      "sale_time_stock": "no change"
    },
    {
      "date": "2025-10-31",
      "drawdown_pct": 2.4955317764815845,
      "drawdown_usd": 249.55317764815845,
      "equity": 9750.446822351842,
      "fell_pct": 0.8854276211879128,
      "fell_usd": 87.10439573343501,
      "new_purchase_time_stock": "no change",
      "pnl": -87.10439573343501,
      "return_pct": -0.8854276211879175,
      "sale_time_stock": "no change"
    },
    {
      "date": "2025-11-03",
      "drawdown_pct": 3.3759440761152475,
      "drawdown_usd": 337.59440761152473,
      "equity": 9662.405592388475,
      "fell_pct": 0.9029455938525947,
      "fell_usd": 88.04122996336628,
      "new_purchase_time_stock": "no change",
      "pnl": -88.04122996336628,
      "return_pct": -0.9029455938525999,
      "sale_time_stock": "no change"
    },
    {
      "date": "2025-11-04",
      "drawdown_pct": 0.0,
      "drawdown_usd": 0.0,
      "equity": 10807.0395787228,
      "fell_pct": 0.0,
      "fell_usd": 0.0,
      "new_purchase_time_stock": "15:55 | SOXL",
      "pnl": 1144.6339863343255,
      "return_pct": 11.846263080034714,
      "sale_time_stock": "no change"
    },
    {
      "date": "2025-11-05",
      "drawdown_pct": 0.0,
      "drawdown_usd": 0.0,
      "equity": 11981.85240349932,
      "fell_pct": 0.0,
      "fell_usd": 0.0,
      "new_purchase_time_stock": "15:55 | SOXS",
      "pnl": 1174.8128247765198,
      "return_pct": 10.870810791602214,
      "sale_time_stock": "15:50 | SOXL"
    },
    {
      "date": "2025-11-06",
      "drawdown_pct": 0.0,
      "drawdown_usd": 0.0,
      "equity": 13092.393670570164,
      "fell_pct": 0.0,
      "fell_usd": 0.0,
      "new_purchase_time_stock": "15:55 | SOXL",
      "pnl": 1110.5412670708429,
      "return_pct": 9.268527350132505,
      "sale_time_stock": "no change"
    },
    {
      "date": "2025-11-07",
      "drawdown_pct": 4.3034594845600065,
      "drawdown_usd": 563.4258571720857,
      "equity": 12528.967813398078,
      "fell_pct": 4.3034594845600065,
      "fell_usd": 563.4258571720857,
      "new_purchase_time_stock": "no change",
      "pnl": -563.4258571720857,
      "return_pct": -4.303459484560001,
      "sale_time_stock": "no change"
    },
    {
      "date": "2025-11-10",
      "drawdown_pct": 0.0,
      "drawdown_usd": 0.0,
      "equity": 13472.945876752668,
      "fell_pct": 0.0,
      "fell_usd": 0.0,
      "new_purchase_time_stock": "15:55 | SOXL",
      "pnl": 943.9780633545906,
      "return_pct": 7.534364182380049,
      "sale_time_stock": "08:01 | SOXL"
    },
    {
      "date": "2025-11-11",
      "drawdown_pct": 7.264056781634687,
      "drawdown_usd": 978.6824386462231,
      "equity": 12494.263438106445,
      "fell_pct": 7.264056781634687,
      "fell_usd": 978.6824386462231,
      "new_purchase_time_stock": "no change",
      "pnl": -978.6824386462231,
      "return_pct": -7.264056781634687,
      "sale_time_stock": "no change"
    },
    {
      "date": "2025-11-12",
      "drawdown_pct": 3.2270156371298655,
      "drawdown_usd": 434.77407022485204,
      "equity": 13038.171806527816,
      "fell_pct": 0.0,
      "fell_usd": 0.0,
      "new_purchase_time_stock": "no change",
      "pnl": 543.908368421371,
      "return_pct": 4.353264769193976,
      "sale_time_stock": "no change"
    },
    {
      "date": "2025-11-13",
      "drawdown_pct": 13.197294000221808,
      "drawdown_usd": 1778.0642778458114,
      "equity": 11694.881598906857,
      "fell_pct": 10.30274970719756,
      "fell_usd": 1343.2902076209593,
      "new_purchase_time_stock": "no change",
      "pnl": -1343.2902076209593,
      "return_pct": -10.302749707197556,
      "sale_time_stock": "no change"
    },
    {
      "date": "2025-11-14",
      "drawdown_pct": 13.94987246312521,
      "drawdown_usd": 1879.458766832884,
      "equity": 11593.487109919784,
      "fell_pct": 0.8669988501341496,
      "fell_usd": 101.39448898707269,
      "new_purchase_time_stock": "no change",
      "pnl": -101.39448898707269,
      "return_pct": -0.8669988501341486,
      "sale_time_stock": "no change"
    },
    {
      "date": "2025-11-17",
      "drawdown_pct": 18.28767882887878,
      "drawdown_usd": 2463.889070729194,
      "equity": 11009.056806023475,
      "fell_pct": 5.041022587554794,
      "fell_usd": 584.4303038963099,
      "new_purchase_time_stock": "no change",
      "pnl": -584.4303038963099,
      "return_pct": -5.041022587554789,
      "sale_time_stock": "no change"
    },
    {
      "date": "2025-11-18",
      "drawdown_pct": 23.05644892979927,
      "drawdown_usd": 3106.382885412975,
      "equity": 10366.562991339693,
      "fell_pct": 5.836047774158531,
      "fell_usd": 642.4938146837812,
      "new_purchase_time_stock": "no change",
      "pnl": -642.4938146837812,
      "return_pct": -5.836047774158526,
      "sale_time_stock": "no change"
    },
    {
      "date": "2025-11-19",
      "drawdown_pct": 18.946356300291015,
      "drawdown_usd": 2552.6323299549276,
      "equity": 10920.31354679774,
      "fell_pct": 0.0,
      "fell_usd": 0.0,
      "new_purchase_time_stock": "15:55 | SOXL",
      "pnl": 553.7505554580475,
      "return_pct": 5.3416986509478015,
      "sale_time_stock": "10:48 | SOXL"
    },
    {
      "date": "2025-11-20",
      "drawdown_pct": 14.27714247791877,
      "drawdown_usd": 1923.5516787968609,
      "equity": 11549.394197955808,
      "fell_pct": 0.0,
      "fell_usd": 0.0,
      "new_purchase_time_stock": "15:55 | SOXL",
      "pnl": 629.0806511580668,
      "return_pct": 5.760646417909299,
      "sale_time_stock": "04:48 | SOXL"
    },
    {
      "date": "2025-11-21",
      "drawdown_pct": 11.997131346938998,
      "drawdown_usd": 1616.3670131360195,
      "equity": 11856.578863616649,
      "fell_pct": 0.0,
      "fell_usd": 0.0,
      "new_purchase_time_stock": "no change",
      "pnl": 307.18466566084135,
      "return_pct": 2.6597469996756384,
      "sale_time_stock": "no change"
    },
    {
      "date": "2025-11-24",
      "drawdown_pct": 5.774280573896941,
      "drawdown_usd": 777.9656964929782,
      "equity": 12694.98018025969,
      "fell_pct": 0.0,
      "fell_usd": 0.0,
      "new_purchase_time_stock": "15:55 | SOXL",
      "pnl": 838.4013166430414,
      "return_pct": 7.071190823988682,
      "sale_time_stock": "09:50 | SOXL"
    },
    {
      "date": "2025-11-25",
      "drawdown_pct": 5.539531376710788,
      "drawdown_usd": 746.3380642099764,
      "equity": 12726.607812542692,
      "fell_pct": 0.0,
      "fell_usd": 0.0,
      "new_purchase_time_stock": "no change",
      "pnl": 31.62763228300173,
      "return_pct": 0.2491349480969074,
      "sale_time_stock": "no change"
    },
    {
      "date": "2025-11-26",
      "drawdown_pct": 0.0,
      "drawdown_usd": 0.0,
      "equity": 13821.380361848014,
      "fell_pct": 0.0,
      "fell_usd": 0.0,
      "new_purchase_time_stock": "15:55 | SOXL",
      "pnl": 1094.7725493053222,
      "return_pct": 8.602233725049423,
      "sale_time_stock": "15:55 | SOXL"
    },
    {
      "date": "2025-11-28",
      "drawdown_pct": 0.0,
      "drawdown_usd": 0.0,
      "equity": 14438.516159711982,
      "fell_pct": 0.0,
      "fell_usd": 0.0,
      "new_purchase_time_stock": "no change",
      "pnl": 617.135797863968,
      "return_pct": 4.4650807785268976,
      "sale_time_stock": "no change"
    },
    {
      "date": "2025-12-01",
      "drawdown_pct": 0.0,
      "drawdown_usd": 0.0,
      "equity": 14563.349896601843,
      "fell_pct": 0.0,
      "fell_usd": 0.0,
      "new_purchase_time_stock": "no change",
      "pnl": 124.83373688986103,
      "return_pct": 0.8645884072089549,
      "sale_time_stock": "no change"
    },
    {
      "date": "2025-12-02",
      "drawdown_pct": 0.0,
      "drawdown_usd": 0.0,
      "equity": 15393.230513672479,
      "fell_pct": 0.0,
      "fell_usd": 0.0,
      "new_purchase_time_stock": "no change",
      "pnl": 829.8806170706357,
      "return_pct": 5.698418447422426,
      "sale_time_stock": "no change"
    },
    {
      "date": "2025-12-03",
      "drawdown_pct": 0.0,
      "drawdown_usd": 0.0,
      "equity": 16374.318192328017,
      "fell_pct": 0.0,
      "fell_usd": 0.0,
      "new_purchase_time_stock": "no change",
      "pnl": 981.0876786555382,
      "return_pct": 6.373500856653336,
      "sale_time_stock": "no change"
    },
    {
      "date": "2025-12-04",
      "drawdown_pct": 3.2642542682271967,
      "drawdown_usd": 534.4993804861697,
      "equity": 15839.818811841847,
      "fell_pct": 3.2642542682271967,
      "fell_usd": 534.4993804861697,
      "new_purchase_time_stock": "no change",
      "pnl": -534.4993804861697,
      "return_pct": -3.2642542682271958,
      "sale_time_stock": "no change"
    },
    {
      "date": "2025-12-05",
      "drawdown_pct": 0.0429507140556102,
      "drawdown_usd": 7.032886585342567,
      "equity": 16367.285305742675,
      "fell_pct": 0.0,
      "fell_usd": 0.0,
      "new_purchase_time_stock": "no change",
      "pnl": 527.4664939008271,
      "return_pct": 3.3300033300033283,
      "sale_time_stock": "no change"
    },
    {
      "date": "2025-12-08",
      "drawdown_pct": 0.0,
      "drawdown_usd": 0.0,
      "equity": 16783.98383592433,
      "fell_pct": 0.0,
      "fell_usd": 0.0,
      "new_purchase_time_stock": "no change",
      "pnl": 416.69853018165486,
      "return_pct": 2.5459233000322268,
      "sale_time_stock": "no change"
    },
    {
      "date": "2025-12-09",
      "drawdown_pct": 0.0,
      "drawdown_usd": 0.0,
      "equity": 16826.181155436396,
      "fell_pct": 0.0,
      "fell_usd": 0.0,
      "new_purchase_time_stock": "no change",
      "pnl": 42.197319512066315,
      "return_pct": 0.25141420490257804,
      "sale_time_stock": "no change"
    },
    {
      "date": "2025-12-10",
      "drawdown_pct": 0.0,
      "drawdown_usd": 0.0,
      "equity": 17534.744478909837,
      "fell_pct": 0.0,
      "fell_usd": 0.0,
      "new_purchase_time_stock": "no change",
      "pnl": 708.5633234734414,
      "return_pct": 4.211076280041781,
      "sale_time_stock": "no change"
    },
    {
      "date": "2025-12-11",
      "drawdown_pct": 2.6270931515090616,
      "drawdown_usd": 460.65407134005363,
      "equity": 17074.090407569784,
      "fell_pct": 2.6270931515090616,
      "fell_usd": 460.65407134005363,
      "new_purchase_time_stock": "no change",
      "pnl": -460.65407134005363,
      "return_pct": -2.6270931515090634,
      "sale_time_stock": "no change"
    },
    {
      "date": "2025-12-12",
      "drawdown_pct": 16.424345733480394,
      "drawdown_usd": 2879.967056698517,
      "equity": 14654.77742221132,
      "fell_pct": 14.169498506847912,
      "fell_usd": 2419.3129853584633,
      "new_purchase_time_stock": "no change",
      "pnl": -2419.3129853584633,
      "return_pct": -14.16949850684791,
      "sale_time_stock": "no change"
    },
    {
      "date": "2025-12-15",
      "drawdown_pct": 17.707811089942847,
      "drawdown_usd": 3105.0194274295372,
      "equity": 14429.7250514803,
      "fell_pct": 1.535692861427719,
      "fell_usd": 225.05237073102035,
      "new_purchase_time_stock": "no change",
      "pnl": -225.05237073102035,
      "return_pct": -1.5356928614277177,
      "sale_time_stock": "no change"
    },
    {
      "date": "2025-12-16",
      "drawdown_pct": 18.319462548881987,
      "drawdown_usd": 3212.270947856039,
      "equity": 14322.473531053798,
      "fell_pct": 0.7432679420007333,
      "fell_usd": 107.25152042650188,
      "new_purchase_time_stock": "no change",
      "pnl": -107.25152042650188,
      "return_pct": -0.743267942000736,
      "sale_time_stock": "no change"
    },
    {
      "date": "2025-12-17",
      "drawdown_pct": 28.075804672616055,
      "drawdown_usd": 4923.020609741054,
      "equity": 12611.723869168783,
      "fell_pct": 11.944512644242558,
      "fell_usd": 1710.7496618850146,
      "new_purchase_time_stock": "no change",
      "pnl": -1710.7496618850146,
      "return_pct": -11.944512644242556,
      "sale_time_stock": "no change"
    },
    {
      "date": "2025-12-18",
      "drawdown_pct": 20.593612310525156,
      "drawdown_usd": 3611.037297627907,
      "equity": 13923.70718128193,
      "fell_pct": 0.0,
      "fell_usd": 0.0,
      "new_purchase_time_stock": "15:55 | SOXL",
      "pnl": 1311.983312113147,
      "return_pct": 10.402886439025849,
      "sale_time_stock": "09:39 | SOXL"
    },
    {
      "date": "2025-12-19",
      "drawdown_pct": 15.327989645774085,
      "drawdown_usd": 2687.7238181402427,
      "equity": 14847.020660769595,
      "fell_pct": 0.0,
      "fell_usd": 0.0,
      "new_purchase_time_stock": "15:55 | SOXL",
      "pnl": 923.3134794876642,
      "return_pct": 6.631233100972578,
      "sale_time_stock": "10:21 | SOXL"
    },
    {
      "date": "2025-12-22",
      "drawdown_pct": 12.706515077712046,
      "drawdown_usd": 2228.054951050959,
      "equity": 15306.689527858878,
      "fell_pct": 0.0,
      "fell_usd": 0.0,
      "new_purchase_time_stock": "no change",
      "pnl": 459.6688670892836,
      "return_pct": 3.0960344003822193,
      "sale_time_stock": "no change"
    },
    {
      "date": "2025-12-23",
      "drawdown_pct": 11.656711604853882,
      "drawdown_usd": 2043.9745945545583,
      "equity": 15490.769884355279,
      "fell_pct": 0.0,
      "fell_usd": 0.0,
      "new_purchase_time_stock": "no change",
      "pnl": 184.08035649640078,
      "return_pct": 1.2026137732875863,
      "sale_time_stock": "no change"
    },
    {
      "date": "2025-12-24",
      "drawdown_pct": 10.979092792893399,
      "drawdown_usd": 1925.1558673362633,
      "equity": 15609.588611573574,
      "fell_pct": 0.0,
      "fell_usd": 0.0,
      "new_purchase_time_stock": "no change",
      "pnl": 118.81872721829495,
      "return_pct": 0.7670291929021245,
      "sale_time_stock": "no change"
    },
    {
      "date": "2025-12-26",
      "drawdown_pct": 10.443065971491826,
      "drawdown_usd": 1831.164933865075,
      "equity": 15703.579545044762,
      "fell_pct": 0.0,
      "fell_usd": 0.0,
      "new_purchase_time_stock": "no change",
      "pnl": 93.99093347118833,
      "return_pct": 0.6021358782094977,
      "sale_time_stock": "no change"
    },
    {
      "date": "2025-12-29",
      "drawdown_pct": 11.40407103884234,
      "drawdown_usd": 1999.6747168543625,
      "equity": 15535.069762055475,
      "fell_pct": 1.073066064370403,
      "fell_usd": 168.5097829892875,
      "new_purchase_time_stock": "no change",
      "pnl": -168.5097829892875,
      "return_pct": -1.0730660643703982,
      "sale_time_stock": "no change"
    },
    {
      "date": "2025-12-30",
      "drawdown_pct": 11.552540354656964,
      "drawdown_usd": 2025.708432012043,
      "equity": 15509.036046897794,
      "fell_pct": 0.16758029127920646,
      "fell_usd": 26.03371515768049,
      "new_purchase_time_stock": "no change",
      "pnl": -26.03371515768049,
      "return_pct": -0.16758029127920127,
      "sale_time_stock": "no change"
    },
    {
      "date": "2025-12-31",
      "drawdown_pct": 14.32673199825039,
      "drawdown_usd": 2512.1558480714193,
      "equity": 15022.588630838418,
      "fell_pct": 3.1365419139423456,
      "fell_usd": 486.44741605937634,
      "new_purchase_time_stock": "no change",
      "pnl": -486.44741605937634,
      "return_pct": -3.136541913942348,
      "sale_time_stock": "no change"
    },
    {
      "date": "2026-01-02",
      "drawdown_pct": 8.7628422751655,
      "drawdown_usd": 1536.5420020401598,
      "equity": 15998.202476869677,
      "fell_pct": 0.0,
      "fell_usd": 0.0,
      "new_purchase_time_stock": "15:55 | SOXS",
      "pnl": 975.6138460312595,
      "return_pct": 6.494312465086849,
      "sale_time_stock": "09:30 | SOXL"
    },
    {
      "date": "2026-01-05",
      "drawdown_pct": 12.22416153635956,
      "drawdown_usd": 2143.475490089828,
      "equity": 15391.26898882001,
      "fell_pct": 3.793760511077273,
      "fell_usd": 606.9334880496681,
      "new_purchase_time_stock": "no change",
      "pnl": -606.9334880496681,
      "return_pct": -3.793760511077271,
      "sale_time_stock": "no change"
    },
    {
      "date": "2026-01-06",
      "drawdown_pct": 20.888712946666427,
      "drawdown_usd": 3662.7824401309153,
      "equity": 13871.962038778922,
      "fell_pct": 9.87122602525295,
      "fell_usd": 1519.3069500410875,
      "new_purchase_time_stock": "no change",
      "pnl": -1519.3069500410875,
      "return_pct": -9.871226025252955,
      "sale_time_stock": "no change"
    },
    {
      "date": "2026-01-07",
      "drawdown_pct": 18.231844945100615,
      "drawdown_usd": 3196.9074249144323,
      "equity": 14337.837053995405,
      "fell_pct": 0.0,
      "fell_usd": 0.0,
      "new_purchase_time_stock": "no change",
      "pnl": 465.875015216483,
      "return_pct": 3.3583930947484797,
      "sale_time_stock": "no change"
    },
    {
      "date": "2026-01-08",
      "drawdown_pct": 14.40902084627338,
      "drawdown_usd": 2526.584987306889,
      "equity": 15008.159491602948,
      "fell_pct": 0.0,
      "fell_usd": 0.0,
      "new_purchase_time_stock": "no change",
      "pnl": 670.3224376075432,
      "return_pct": 4.675199160676402,
      "sale_time_stock": "no change"
    },
    {
      "date": "2026-01-09",
      "drawdown_pct": 22.057148246954327,
      "drawdown_usd": 3867.6645844377817,
      "equity": 13667.079894472055,
      "fell_pct": 8.935669945946572,
      "fell_usd": 1341.0795971308926,
      "new_purchase_time_stock": "no change",
      "pnl": -1341.0795971308926,
      "return_pct": -8.935669945946579,
      "sale_time_stock": "no change"
    },
    {
      "date": "2026-01-12",
      "drawdown_pct": 23.04777064854159,
      "drawdown_usd": 4041.3676913069485,
      "equity": 13493.376787602889,
      "fell_pct": 1.2709599139712697,
      "fell_usd": 173.70310686916673,
      "new_purchase_time_stock": "no change",
      "pnl": -173.70310686916673,
      "return_pct": -1.2709599139712702,
      "sale_time_stock": "no change"
    },
    {
      "date": "2026-01-13",
      "drawdown_pct": 24.72241020480464,
      "drawdown_usd": 4335.011458440424,
      "equity": 13199.733020469414,
      "fell_pct": 2.176206680919649,
      "fell_usd": 293.6437671334752,
      "new_purchase_time_stock": "no change",
      "pnl": -293.6437671334752,
      "return_pct": -2.1762066809196456,
      "sale_time_stock": "no change"
    },
    {
      "date": "2026-01-14",
      "drawdown_pct": 23.3903942468887,
      "drawdown_usd": 4101.44586380156,
      "equity": 13433.298615108277,
      "fell_pct": 0.0,
      "fell_usd": 0.0,
      "new_purchase_time_stock": "no change",
      "pnl": 233.56559463886333,
      "return_pct": 1.7694721118727275,
      "sale_time_stock": "no change"
    },
    {
      "date": "2026-01-15",
      "drawdown_pct": 27.70588254977142,
      "drawdown_usd": 4858.155710729288,
      "equity": 12676.588768180549,
      "fell_pct": 5.633090342208764,
      "fell_usd": 756.709846927728,
      "new_purchase_time_stock": "no change",
      "pnl": -756.709846927728,
      "return_pct": -5.633090342208769,
      "sale_time_stock": "no change"
    },
    {
      "date": "2026-01-16",
      "drawdown_pct": 30.86716645023138,
      "drawdown_usd": 5412.478764927857,
      "equity": 12122.26571398198,
      "fell_pct": 4.372809312785885,
      "fell_usd": 554.3230541985686,
      "new_purchase_time_stock": "no change",
      "pnl": -554.3230541985686,
      "return_pct": -4.372809312785886,
      "sale_time_stock": "no change"
    },
    {
      "date": "2026-01-20",
      "drawdown_pct": 27.808922441309672,
      "drawdown_usd": 4876.2234924218665,
      "equity": 12658.52098648797,
      "fell_pct": 0.0,
      "fell_usd": 0.0,
      "new_purchase_time_stock": "no change",
      "pnl": 536.2552725059904,
      "return_pct": 4.423721482094445,
      "sale_time_stock": "no change"
    },
    {
      "date": "2026-01-21",
      "drawdown_pct": 34.68669703428009,
      "drawdown_usd": 6082.223693134611,
      "equity": 11452.520785775227,
      "fell_pct": 9.527180955816714,
      "fell_usd": 1206.0002007127441,
      "new_purchase_time_stock": "no change",
      "pnl": -1206.0002007127441,
      "return_pct": -9.527180955816716,
      "sale_time_stock": "no change"
    },
    {
      "date": "2026-01-22",
      "drawdown_pct": 34.536363498466784,
      "drawdown_usd": 6055.8630917636365,
      "equity": 11478.8813871462,
      "fell_pct": 0.0,
      "fell_usd": 0.0,
      "new_purchase_time_stock": "no change",
      "pnl": 26.36060137097411,
      "return_pct": 0.23017291881901603,
      "sale_time_stock": "no change"
    },
    {
      "date": "2026-01-23",
      "drawdown_pct": 32.254359618165665,
      "drawdown_usd": 5655.719542354027,
      "equity": 11879.02493655581,
      "fell_pct": 0.0,
      "fell_usd": 0.0,
      "new_purchase_time_stock": "no change",
      "pnl": 400.1435494096095,
      "return_pct": 3.4859106555250374,
      "sale_time_stock": "no change"
    },
    {
      "date": "2026-01-26",
      "drawdown_pct": 31.632547216679633,
      "drawdown_usd": 5546.6863266152795,
      "equity": 11988.058152294558,
      "fell_pct": 0.0,
      "fell_usd": 0.0,
      "new_purchase_time_stock": "no change",
      "pnl": 109.03321573874746,
      "return_pct": 0.917863345864478,
      "sale_time_stock": "no change"
    },
    {
      "date": "2026-01-27",
      "drawdown_pct": 36.513359606437874,
      "drawdown_usd": 6402.524307654359,
      "equity": 11132.220171255478,
      "fell_pct": 7.139087666798391,
      "fell_usd": 855.8379810390798,
      "new_purchase_time_stock": "no change",
      "pnl": -855.8379810390798,
      "return_pct": -7.139087666798394,
      "sale_time_stock": "no change"
    },
    {
      "date": "2026-01-28",
      "drawdown_pct": 41.3376862081893,
      "drawdown_usd": 7248.457650099546,
      "equity": 10286.28682881029,
      "fell_pct": 7.598963454113787,
      "fell_usd": 845.933342445187,
      "new_purchase_time_stock": "no change",
      "pnl": -845.933342445187,
      "return_pct": -7.5989634541137825,
      "sale_time_stock": "no change"
    },
    {
      "date": "2026-01-29",
      "drawdown_pct": 41.38089357812095,
      "drawdown_usd": 7256.033952013118,
      "equity": 10278.710526896719,
      "fell_pct": 0.07365439093485104,
      "fell_usd": 7.576301913572024,
      "new_purchase_time_stock": "no change",
      "pnl": -7.576301913572024,
      "return_pct": -0.07365439093485193,
      "sale_time_stock": "no change"
    },
    {
      "date": "2026-01-30",
      "drawdown_pct": 34.49059093377233,
      "drawdown_usd": 6047.836989503021,
      "equity": 11486.907489406816,
      "fell_pct": 0.0,
      "fell_usd": 0.0,
      "new_purchase_time_stock": "no change",
      "pnl": 1208.1969625100974,
      "return_pct": 11.754363150402568,
      "sale_time_stock": "no change"
    },
    {
      "date": "2026-02-02",
      "drawdown_pct": 37.844740088873785,
      "drawdown_usd": 6635.978473291574,
      "equity": 10898.766005618263,
      "fell_pct": 5.120102902638809,
      "fell_usd": 588.1414837885532,
      "new_purchase_time_stock": "no change",
      "pnl": -588.1414837885532,
      "return_pct": -5.120102902638813,
      "sale_time_stock": "no change"
    },
    {
      "date": "2026-02-03",
      "drawdown_pct": 34.161531544784744,
      "drawdown_usd": 5990.137266460186,
      "equity": 11544.607212449651,
      "fell_pct": 0.0,
      "fell_usd": 0.0,
      "new_purchase_time_stock": "no change",
      "pnl": 645.8412068313883,
      "return_pct": 5.925819551483724,
      "sale_time_stock": "no change"
    },
    {
      "date": "2026-02-04",
      "drawdown_pct": 26.200507433134696,
      "drawdown_usd": 4594.192030577948,
      "equity": 12940.55244833189,
      "fell_pct": 0.0,
      "fell_usd": 0.0,
      "new_purchase_time_stock": "15:55 | SOXL",
      "pnl": 1395.9452358822382,
      "return_pct": 12.09175167412242,
      "sale_time_stock": "no change"
    },
    {
      "date": "2026-02-05",
      "drawdown_pct": 26.877830721050284,
      "drawdown_usd": 4712.958938410096,
      "equity": 12821.78554049974,
      "fell_pct": 0.9177885434671565,
      "fell_usd": 118.76690783214872,
      "new_purchase_time_stock": "no change",
      "pnl": -118.76690783214872,
      "return_pct": -0.9177885434671573,
      "sale_time_stock": "no change"
    },
    {
      "date": "2026-02-06",
      "drawdown_pct": 22.01167838816449,
      "drawdown_usd": 3859.6915608840627,
      "equity": 13675.052918025774,
      "fell_pct": 0.0,
      "fell_usd": 0.0,
      "new_purchase_time_stock": "15:55 | SOXS",
      "pnl": 853.2673775260337,
      "return_pct": 6.654824905867018,
      "sale_time_stock": "07:12 | SOXL"
    },
    {
      "date": "2026-02-09",
      "drawdown_pct": 24.532852578202252,
      "drawdown_usd": 4301.773012975409,
      "equity": 13232.971465934428,
      "fell_pct": 3.232758620689625,
      "fell_usd": 442.08145209134636,
      "new_purchase_time_stock": "no change",
      "pnl": -442.08145209134636,
      "return_pct": -3.232758620689624,
      "sale_time_stock": "no change"
    },
    {
      "date": "2026-02-10",
      "drawdown_pct": 23.758237969686192,
      "drawdown_usd": 4165.94632067581,
      "equity": 13368.798158234027,
      "fell_pct": 0.0,
      "fell_usd": 0.0,
      "new_purchase_time_stock": "no change",
      "pnl": 135.82669229959902,
      "return_pct": 1.0264262463593798,
      "sale_time_stock": "no change"
    },
    {
      "date": "2026-02-11",
      "drawdown_pct": 29.95754652862358,
      "drawdown_usd": 5252.979235944669,
      "equity": 12281.765242965168,
      "fell_pct": 8.13111921058768,
      "fell_usd": 1087.0329152688591,
      "new_purchase_time_stock": "no change",
      "pnl": -1087.0329152688591,
      "return_pct": -8.131119210587679,
      "sale_time_stock": "no change"
    },
    {
      "date": "2026-02-12",
      "drawdown_pct": 24.324379795269127,
      "drawdown_usd": 4265.217843180013,
      "equity": 13269.526635729824,
      "fell_pct": 0.0,
      "fell_usd": 0.0,
      "new_purchase_time_stock": "no change",
      "pnl": 987.7613927646562,
      "return_pct": 8.042503444937864,
      "sale_time_stock": "no change"
    },
    {
      "date": "2026-02-13",
      "drawdown_pct": 25.987362375480465,
      "drawdown_usd": 4556.817589348853,
      "equity": 12977.926889560984,
      "fell_pct": 2.1975143060768443,
      "fell_usd": 291.5997461688403,
      "new_purchase_time_stock": "no change",
      "pnl": -291.5997461688403,
      "return_pct": -2.197514306076842,
      "sale_time_stock": "no change"
    },
    {
      "date": "2026-02-17",
      "drawdown_pct": 26.188455678484882,
      "drawdown_usd": 4592.0787861948775,
      "equity": 12942.66569271496,
      "fell_pct": 0.2717013059642609,
      "fell_usd": 35.26119684602418,
      "new_purchase_time_stock": "no change",
      "pnl": -35.26119684602418,
      "return_pct": -0.2717013059642559,
      "sale_time_stock": "no change"
    },
    {
      "date": "2026-02-18",
      "drawdown_pct": 28.484289377705466,
      "drawdown_usd": 4994.64735901391,
      "equity": 12540.097119895927,
      "fell_pct": 3.1103992205069986,
      "fell_usd": 402.56857281903285,
      "new_purchase_time_stock": "no change",
      "pnl": -402.56857281903285,
      "return_pct": -3.1103992205069986,
      "sale_time_stock": "no change"
    },
    {
      "date": "2026-02-19",
      "drawdown_pct": 26.84648960029732,
      "drawdown_usd": 4707.463352969238,
      "equity": 12827.281125940599,
      "fell_pct": 0.0,
      "fell_usd": 0.0,
      "new_purchase_time_stock": "15:55 | SOXL",
      "pnl": 287.18400604467206,
      "return_pct": 2.2901258522872947,
      "sale_time_stock": "no change"
    },
    {
      "date": "2026-02-20",
      "drawdown_pct": 24.721316511895814,
      "drawdown_usd": 4334.819682183477,
      "equity": 13199.92479672636,
      "fell_pct": 0.0,
      "fell_usd": 0.0,
      "new_purchase_time_stock": "15:55 | SOXS",
      "pnl": 372.64367078576106,
      "return_pct": 2.9050869558956194,
      "sale_time_stock": "no change"
    },
    {
      "date": "2026-02-23",
      "drawdown_pct": 23.396104582040763,
      "drawdown_usd": 4102.447156479364,
      "equity": 13432.297322430473,
      "fell_pct": 0.0,
      "fell_usd": 0.0,
      "new_purchase_time_stock": "no change",
      "pnl": 232.3725257041133,
      "return_pct": 1.7604079514282,
      "sale_time_stock": "no change"
    },
    {
      "date": "2026-02-24",
      "drawdown_pct": 27.14675650663442,
      "drawdown_usd": 4760.114387750176,
      "equity": 12774.63009115966,
      "fell_pct": 4.896163444599902,
      "fell_usd": 657.6672312708124,
      "new_purchase_time_stock": "no change",
      "pnl": -657.6672312708124,
      "return_pct": -4.8961634445999,
      "sale_time_stock": "no change"
    },
    {
      "date": "2026-02-25",
      "drawdown_pct": 30.449457816873306,
      "drawdown_usd": 5339.234623402172,
      "equity": 12195.509855507666,
      "fell_pct": 4.533362074043614,
      "fell_usd": 579.1202356519952,
      "new_purchase_time_stock": "no change",
      "pnl": -579.1202356519952,
      "return_pct": -4.5333620740436125,
      "sale_time_stock": "no change"
    },
    {
      "date": "2026-02-26",
      "drawdown_pct": 23.847399977446653,
      "drawdown_usd": 4181.5806509088725,
      "equity": 13353.163828000965,
      "fell_pct": 0.0,
      "fell_usd": 0.0,
      "new_purchase_time_stock": "no change",
      "pnl": 1157.653972493299,
      "return_pct": 9.492460636817789,
      "sale_time_stock": "no change"
    },
    {
      "date": "2026-02-27",
      "drawdown_pct": 20.769186291931586,
      "drawdown_usd": 3641.823746638973,
      "equity": 13892.920732270864,
      "fell_pct": 0.0,
      "fell_usd": 0.0,
      "new_purchase_time_stock": "no change",
      "pnl": 539.7569042698997,
      "return_pct": 4.042164922278979,
      "sale_time_stock": "no change"
    },
    {
      "date": "2026-03-02",
      "drawdown_pct": 20.764784335505787,
      "drawdown_usd": 3641.0518748276354,
      "equity": 13893.692604082202,
      "fell_pct": 0.0,
      "fell_usd": 0.0,
      "new_purchase_time_stock": "no change",
      "pnl": 0.7718718113374052,
      "return_pct": 0.005555864214668027,
      "sale_time_stock": "no change"
    },
    {
      "date": "2026-03-03",
      "drawdown_pct": 8.877883544320222,
      "drawdown_usd": 1556.7141946317352,
      "equity": 15978.030284278102,
      "fell_pct": 0.0,
      "fell_usd": 0.0,
      "new_purchase_time_stock": "no change",
      "pnl": 2084.3376801959002,
      "return_pct": 15.002042578540188,
      "sale_time_stock": "no change"
    },
    {
      "date": "2026-03-04",
      "drawdown_pct": 14.819658859819844,
      "drawdown_usd": 2598.5893137155326,
      "equity": 14936.155165194305,
      "fell_pct": 6.520673077638181,
      "fell_usd": 1041.8751190837975,
      "new_purchase_time_stock": "no change",
      "pnl": -1041.8751190837975,
      "return_pct": -6.520673077638184,
      "sale_time_stock": "no change"
    },
    {
      "date": "2026-03-05",
      "drawdown_pct": 8.351331275048395,
      "drawdown_usd": 1464.3845996670188,
      "equity": 16070.359879242818,
      "fell_pct": 0.0,
      "fell_usd": 0.0,
      "new_purchase_time_stock": "15:55 | SOXS",
      "pnl": 1134.2047140485138,
      "return_pct": 7.593685935263639,
      "sale_time_stock": "13:08 | SOXS"
    },
    {
      "date": "2026-03-06",
      "drawdown_pct": 2.659077704334053,
      "drawdown_usd": 466.26248095063784,
      "equity": 17068.4819979592,
      "fell_pct": 0.0,
      "fell_usd": 0.0,
      "new_purchase_time_stock": "15:55 | SOXL",
      "pnl": 998.122118716381,
      "return_pct": 6.21095063344288,
      "sale_time_stock": "09:30 | SOXS"
    },
    {
      "date": "2026-03-09",
      "drawdown_pct": 0.0,
      "drawdown_usd": 0.0,
      "equity": 18869.3718707978,
      "fell_pct": 0.0,
      "fell_usd": 0.0,
      "new_purchase_time_stock": "15:55 | SOXL",
      "pnl": 1800.8898728386011,
      "return_pct": 10.550966823258957,
      "sale_time_stock": "15:41 | SOXL"
    },
    {
      "date": "2026-03-10",
      "drawdown_pct": 0.0,
      "drawdown_usd": 0.0,
      "equity": 20163.215917641068,
      "fell_pct": 0.0,
      "fell_usd": 0.0,
      "new_purchase_time_stock": "15:55 | SOXL",
      "pnl": 1293.8440468432673,
      "return_pct": 6.856847465312921,
      "sale_time_stock": "14:14 | SOXL"
    },
    {
      "date": "2026-03-11",
      "drawdown_pct": 0.0,
      "drawdown_usd": 0.0,
      "equity": 20882.848127275767,
      "fell_pct": 0.0,
      "fell_usd": 0.0,
      "new_purchase_time_stock": "15:55 | SOXS",
      "pnl": 719.6322096346994,
      "return_pct": 3.569034882997424,
      "sale_time_stock": "no change"
    },
    {
      "date": "2026-03-12",
      "drawdown_pct": 0.0,
      "drawdown_usd": 0.0,
      "equity": 22547.581806376234,
      "fell_pct": 0.0,
      "fell_usd": 0.0,
      "new_purchase_time_stock": "15:55 | SOXL",
      "pnl": 1664.7336791004673,
      "return_pct": 7.971775061305486,
      "sale_time_stock": "10:02 | SOXS"
    },
    {
      "date": "2026-03-13",
      "drawdown_pct": 0.0,
      "drawdown_usd": 0.0,
      "equity": 22705.131289950434,
      "fell_pct": 0.0,
      "fell_usd": 0.0,
      "new_purchase_time_stock": "no change",
      "pnl": 157.54948357419926,
      "return_pct": 0.698742263924923,
      "sale_time_stock": "no change"
    },
    {
      "date": "2026-03-16",
      "drawdown_pct": 0.0,
      "drawdown_usd": 0.0,
      "equity": 24422.925022125895,
      "fell_pct": 0.0,
      "fell_usd": 0.0,
      "new_purchase_time_stock": "15:55 | SOXL",
      "pnl": 1717.7937321754616,
      "return_pct": 7.565663066373807,
      "sale_time_stock": "10:38 | SOXL"
    },
    {
      "date": "2026-03-17",
      "drawdown_pct": 0.0,
      "drawdown_usd": 0.0,
      "equity": 24914.020889262294,
      "fell_pct": 0.0,
      "fell_usd": 0.0,
      "new_purchase_time_stock": "no change",
      "pnl": 491.09586713639874,
      "return_pct": 2.0107987339415434,
      "sale_time_stock": "no change"
    },
    {
      "date": "2026-03-18",
      "drawdown_pct": 0.6022996897244033,
      "drawdown_usd": 150.05707051389982,
      "equity": 24763.963818748394,
      "fell_pct": 0.6022996897244033,
      "fell_usd": 150.05707051389982,
      "new_purchase_time_stock": "no change",
      "pnl": -150.05707051389982,
      "return_pct": -0.602299689724406,
      "sale_time_stock": "no change"
    },
    {
      "date": "2026-03-19",
      "drawdown_pct": 0.0,
      "drawdown_usd": 0.0,
      "equity": 25004.964568361625,
      "fell_pct": 0.0,
      "fell_usd": 0.0,
      "new_purchase_time_stock": "no change",
      "pnl": 241.00074961323116,
      "return_pct": 0.9731913330885078,
      "sale_time_stock": "no change"
    },
    {
      "date": "2026-03-20",
      "drawdown_pct": 7.719585379159856,
      "drawdown_usd": 1930.2795888833462,
      "equity": 23074.68497947828,
      "fell_pct": 7.719585379159856,
      "fell_usd": 1930.2795888833462,
      "new_purchase_time_stock": "no change",
      "pnl": -1930.2795888833462,
      "return_pct": -7.719585379159854,
      "sale_time_stock": "no change"
    },
    {
      "date": "2026-03-23",
      "drawdown_pct": 1.2989369495129295,
      "drawdown_usd": 324.79872399106534,
      "equity": 24680.16584437056,
      "fell_pct": 0.0,
      "fell_usd": 0.0,
      "new_purchase_time_stock": "15:55 | SOXS",
      "pnl": 1605.4808648922808,
      "return_pct": 6.957758540669712,
      "sale_time_stock": "07:13 | SOXL"
    },
    {
      "date": "2026-03-24",
      "drawdown_pct": 4.164583843417136,
      "drawdown_usd": 1041.3527144661675,
      "equity": 23963.611853895458,
      "fell_pct": 2.9033597059014298,
      "fell_usd": 716.5539904751022,
      "new_purchase_time_stock": "no change",
      "pnl": -716.5539904751022,
      "return_pct": -2.9033597059014316,
      "sale_time_stock": "no change"
    },
    {
      "date": "2026-03-25",
      "drawdown_pct": 8.008728334772615,
      "drawdown_usd": 2002.57968248623,
      "equity": 23002.384885875395,
      "fell_pct": 4.011194029850755,
      "fell_usd": 961.2269680200625,
      "new_purchase_time_stock": "no change",
      "pnl": -961.2269680200625,
      "return_pct": -4.011194029850751,
      "sale_time_stock": "no change"
    },
    {
      "date": "2026-03-26",
      "drawdown_pct": 0.02860041844134603,
      "drawdown_usd": 7.15152449766174,
      "equity": 24997.813043863964,
      "fell_pct": 0.0,
      "fell_usd": 0.0,
      "new_purchase_time_stock": "15:55 | SOXL",
      "pnl": 1995.4281579885683,
      "return_pct": 8.67487509616387,
      "sale_time_stock": "11:05 | SOXS"
    },
    {
      "date": "2026-03-27",
      "drawdown_pct": 4.926158266894925,
      "drawdown_usd": 1231.784129218493,
      "equity": 23773.180439143132,
      "fell_pct": 4.898958971218617,
      "fell_usd": 1224.6326047208313,
      "new_purchase_time_stock": "no change",
      "pnl": -1224.6326047208313,
      "return_pct": -4.898958971218614,
      "sale_time_stock": "no change"
    }
  ],
  "daily_synthetic_parity": {
    "enabled": false,
    "rebalance_min_trade_weight_delta": 0.05,
    "rebalance_price_model": "minute_close_raw",
    "split_adjustment_override": false,
    "strict_mode": false,
    "trigger_model": "intraday_minute_high_low"
  },
  "data_feed": "sip",
  "events": [
    {
      "day": "2025-10-28",
      "event_type": "rebalance_buy",
      "price": 3.39023899,
      "qty": 2949.644561783534,
      "reason": "baseline_rebalance",
      "side": "buy",
      "symbol": "SOXS",
      "timestamp": "2025-10-28T15:55:00-04:00",
      "trail_stop_price": 0.0,
      "trigger_price": 0.0
    },
    {
      "day": "2025-10-29",
      "event_type": "split_adjustment",
      "price": 0.0,
      "qty": 0.13894767659166973,
      "reason": "overnight_ratio=1.0000471066",
      "side": "none",
      "symbol": "SOXS",
      "timestamp": null,
      "trail_stop_price": 0.0,
      "trigger_price": 0.0
    },
    {
      "day": "2025-10-30",
      "event_type": "split_adjustment",
      "price": 0.0,
      "qty": 0.00696073036215239,
      "reason": "overnight_ratio=1.0000023597",
      "side": "none",
      "symbol": "SOXS",
      "timestamp": null,
      "trail_stop_price": 0.0,
      "trigger_price": 0.0
    },
    {
      "day": "2025-10-31",
      "event_type": "split_adjustment",
      "price": 0.0,
      "qty": -0.11512460970288885,
      "reason": "overnight_ratio=0.9999609719",
      "side": "none",
      "symbol": "SOXS",
      "timestamp": null,
      "trail_stop_price": 0.0,
      "trigger_price": 0.0
    },
    {
      "day": "2025-11-03",
      "event_type": "split_adjustment",
      "price": 0.0,
      "qty": -0.04301381801678872,
      "reason": "overnight_ratio=0.9999854174",
      "side": "none",
      "symbol": "SOXS",
      "timestamp": null,
      "trail_stop_price": 0.0,
      "trigger_price": 0.0
    },
    {
      "day": "2025-11-04",
      "event_type": "split_adjustment",
      "price": 0.0,
      "qty": -0.0328144301474822,
      "reason": "overnight_ratio=0.9999888751",
      "side": "none",
      "symbol": "SOXS",
      "timestamp": null,
      "trail_stop_price": 0.0,
      "trigger_price": 0.0
    },
    {
      "day": "2025-11-04",
      "event_type": "rebalance_sell",
      "price": 3.6646335,
      "qty": 2949.5995173326205,
      "reason": "baseline_rebalance",
      "side": "sell",
      "symbol": "SOXS",
      "timestamp": "2025-11-04T15:55:00-05:00",
      "trail_stop_price": 0.0,
      "trigger_price": 0.0
    },
    {
      "day": "2025-11-04",
      "event_type": "rebalance_buy",
      "price": 42.799279500000004,
      "qty": 252.53042595449935,
      "reason": "baseline_rebalance",
      "side": "buy",
      "symbol": "SOXL",
      "timestamp": "2025-11-04T15:55:00-05:00",
      "trail_stop_price": 0.0,
      "trigger_price": 0.0
    },
    {
      "day": "2025-11-05",
      "event_type": "profit_lock_sell",
      "price": 47.456653859999996,
      "qty": 252.53042595449935,
      "reason": "intraday_profit_lock",
      "side": "sell",
      "symbol": "SOXL",
      "timestamp": "2025-11-05T15:50:00-05:00",
      "trail_stop_price": 47.4614,
      "trigger_price": 46.224
    },
    {
      "day": "2025-11-05",
      "event_type": "rebalance_buy",
      "price": 3.2753275,
      "qty": 3658.580886564678,
      "reason": "baseline_rebalance",
      "side": "buy",
      "symbol": "SOXS",
      "timestamp": "2025-11-05T15:55:00-05:00",
      "trail_stop_price": 0.0,
      "trigger_price": 0.0
    },
    {
      "day": "2025-11-06",
      "event_type": "split_adjustment",
      "price": 0.0,
      "qty": -0.08379368463874926,
      "reason": "overnight_ratio=0.9999770967",
      "side": "none",
      "symbol": "SOXS",
      "timestamp": null,
      "trail_stop_price": 0.0,
      "trigger_price": 0.0
    },
    {
      "day": "2025-11-06",
      "event_type": "rebalance_sell",
      "price": 3.57934203,
      "qty": 3658.4970928800394,
      "reason": "baseline_rebalance",
      "side": "sell",
      "symbol": "SOXS",
      "timestamp": "2025-11-06T15:55:00-05:00",
      "trail_stop_price": 0.0,
      "trigger_price": 0.0
    },
    {
      "day": "2025-11-06",
      "event_type": "rebalance_buy",
      "price": 43.074307,
      "qty": 303.97942118806975,
      "reason": "baseline_rebalance",
      "side": "buy",
      "symbol": "SOXL",
      "timestamp": "2025-11-06T15:55:00-05:00",
      "trail_stop_price": 0.0,
      "trigger_price": 0.0
    },
    {
      "day": "2025-11-10",
      "event_type": "profit_lock_sell",
      "price": 44.33076648,
      "qty": 303.97942118806975,
      "reason": "intraday_profit_lock",
      "side": "sell",
      "symbol": "SOXL",
      "timestamp": "2025-11-10T08:01:00-05:00",
      "trail_stop_price": 44.3352,
      "trigger_price": 45.07920000000001
    },
    {
      "day": "2025-11-10",
      "event_type": "rebalance_buy",
      "price": 45.0895085,
      "qty": 298.8343324110606,
      "reason": "baseline_rebalance",
      "side": "buy",
      "symbol": "SOXL",
      "timestamp": "2025-11-10T15:55:00-05:00",
      "trail_stop_price": 0.0,
      "trigger_price": 0.0
    },
    {
      "day": "2025-11-19",
      "event_type": "profit_lock_sell",
      "price": 36.550344599999995,
      "qty": 298.8343324110606,
      "reason": "intraday_profit_lock",
      "side": "sell",
      "symbol": "SOXL",
      "timestamp": "2025-11-19T10:48:00-05:00",
      "trail_stop_price": 36.553999999999995,
      "trigger_price": 37.098000000000006
    },
    {
      "day": "2025-11-19",
      "event_type": "rebalance_buy",
      "price": 36.223622,
      "qty": 301.49954574262125,
      "reason": "baseline_rebalance",
      "side": "buy",
      "symbol": "SOXL",
      "timestamp": "2025-11-19T15:55:00-05:00",
      "trail_stop_price": 0.0,
      "trigger_price": 0.0
    },
    {
      "day": "2025-11-20",
      "event_type": "profit_lock_sell",
      "price": 38.3141682,
      "qty": 301.49954574262125,
      "reason": "intraday_profit_lock",
      "side": "sell",
      "symbol": "SOXL",
      "timestamp": "2025-11-20T04:48:00-05:00",
      "trail_stop_price": 38.318,
      "trigger_price": 38.836800000000004
    },
    {
      "day": "2025-11-20",
      "event_type": "rebalance_buy",
      "price": 30.833083,
      "qty": 374.61544592785623,
      "reason": "baseline_rebalance",
      "side": "buy",
      "symbol": "SOXL",
      "timestamp": "2025-11-20T15:55:00-05:00",
      "trail_stop_price": 0.0,
      "trigger_price": 0.0
    },
    {
      "day": "2025-11-24",
      "event_type": "profit_lock_sell",
      "price": 33.89481018,
      "qty": 374.61544592785623,
      "reason": "intraday_profit_lock",
      "side": "sell",
      "symbol": "SOXL",
      "timestamp": "2025-11-24T09:50:00-05:00",
      "trail_stop_price": 33.8982,
      "trigger_price": 34.2684
    },
    {
      "day": "2025-11-24",
      "event_type": "rebalance_buy",
      "price": 36.1286125,
      "qty": 351.4181364777769,
      "reason": "baseline_rebalance",
      "side": "buy",
      "symbol": "SOXL",
      "timestamp": "2025-11-24T15:55:00-05:00",
      "trail_stop_price": 0.0,
      "trigger_price": 0.0
    },
    {
      "day": "2025-11-26",
      "event_type": "profit_lock_sell",
      "price": 39.338165790000005,
      "qty": 351.4181364777769,
      "reason": "intraday_profit_lock",
      "side": "sell",
      "symbol": "SOXL",
      "timestamp": "2025-11-26T15:55:00-05:00",
      "trail_stop_price": 39.3421,
      "trigger_price": 39.0636
    },
    {
      "day": "2025-11-26",
      "event_type": "rebalance_buy",
      "price": 39.3089305,
      "qty": 351.6443292672182,
      "reason": "baseline_rebalance",
      "side": "buy",
      "symbol": "SOXL",
      "timestamp": "2025-11-26T15:55:00-05:00",
      "trail_stop_price": 0.0,
      "trigger_price": 0.0
    },
    {
      "day": "2025-12-18",
      "event_type": "profit_lock_sell",
      "price": 39.603915212400004,
      "qty": 351.6443292672182,
      "reason": "intraday_profit_lock",
      "side": "sell",
      "symbol": "SOXL",
      "timestamp": "2025-12-18T09:39:00-05:00",
      "trail_stop_price": 39.607876000000005,
      "trigger_price": 38.8908
    },
    {
      "day": "2025-12-18",
      "event_type": "rebalance_buy",
      "price": 38.77637725,
      "qty": 359.11295844430794,
      "reason": "baseline_rebalance",
      "side": "buy",
      "symbol": "SOXL",
      "timestamp": "2025-12-18T15:55:00-05:00",
      "trail_stop_price": 0.0,
      "trigger_price": 0.0
    },
    {
      "day": "2025-12-19",
      "event_type": "profit_lock_sell",
      "price": 41.351864400000004,
      "qty": 359.11295844430794,
      "reason": "intraday_profit_lock",
      "side": "sell",
      "symbol": "SOXL",
      "timestamp": "2025-12-19T10:21:00-05:00",
      "trail_stop_price": 41.356,
      "trigger_price": 41.6664
    },
    {
      "day": "2025-12-19",
      "event_type": "rebalance_buy",
      "price": 41.864186,
      "qty": 354.68276781580494,
      "reason": "baseline_rebalance",
      "side": "buy",
      "symbol": "SOXL",
      "timestamp": "2025-12-19T15:55:00-05:00",
      "trail_stop_price": 0.0,
      "trigger_price": 0.0
    },
    {
      "day": "2026-01-02",
      "event_type": "profit_lock_sell",
      "price": 45.11468808,
      "qty": 354.68276781580494,
      "reason": "intraday_profit_lock",
      "side": "sell",
      "symbol": "SOXL",
      "timestamp": "2026-01-02T09:30:00-05:00",
      "trail_stop_price": 45.1192,
      "trigger_price": 45.3924
    },
    {
      "day": "2026-01-02",
      "event_type": "rebalance_buy",
      "price": 2.7452745000000003,
      "qty": 5828.12476388695,
      "reason": "baseline_rebalance",
      "side": "buy",
      "symbol": "SOXS",
      "timestamp": "2026-01-02T15:55:00-05:00",
      "trail_stop_price": 0.0,
      "trigger_price": 0.0
    },
    {
      "day": "2026-01-05",
      "event_type": "split_adjustment",
      "price": 0.0,
      "qty": 0.35593775277084205,
      "reason": "overnight_ratio=1.0000610724",
      "side": "none",
      "symbol": "SOXS",
      "timestamp": null,
      "trail_stop_price": 0.0,
      "trigger_price": 0.0
    },
    {
      "day": "2026-01-06",
      "event_type": "split_adjustment",
      "price": 0.0,
      "qty": 0.07477683881825214,
      "reason": "overnight_ratio=1.0000128296",
      "side": "none",
      "symbol": "SOXS",
      "timestamp": null,
      "trail_stop_price": 0.0,
      "trigger_price": 0.0
    },
    {
      "day": "2026-01-07",
      "event_type": "split_adjustment",
      "price": 0.0,
      "qty": 0.07050387659910484,
      "reason": "overnight_ratio=1.0000120963",
      "side": "none",
      "symbol": "SOXS",
      "timestamp": null,
      "trail_stop_price": 0.0,
      "trigger_price": 0.0
    },
    {
      "day": "2026-01-08",
      "event_type": "split_adjustment",
      "price": 0.0,
      "qty": -0.21452930545001436,
      "reason": "overnight_ratio=0.9999631938",
      "side": "none",
      "symbol": "SOXS",
      "timestamp": null,
      "trail_stop_price": 0.0,
      "trigger_price": 0.0
    },
    {
      "day": "2026-01-09",
      "event_type": "split_adjustment",
      "price": 0.0,
      "qty": -0.2323935733320468,
      "reason": "overnight_ratio=0.9999601275",
      "side": "none",
      "symbol": "SOXS",
      "timestamp": null,
      "trail_stop_price": 0.0,
      "trigger_price": 0.0
    },
    {
      "day": "2026-01-12",
      "event_type": "split_adjustment",
      "price": 0.0,
      "qty": 0.49341896981604805,
      "reason": "overnight_ratio=1.0000846609",
      "side": "none",
      "symbol": "SOXS",
      "timestamp": null,
      "trail_stop_price": 0.0,
      "trigger_price": 0.0
    },
    {
      "day": "2026-01-13",
      "event_type": "split_adjustment",
      "price": 0.0,
      "qty": -0.9757806671823346,
      "reason": "overnight_ratio=0.9998325896",
      "side": "none",
      "symbol": "SOXS",
      "timestamp": null,
      "trail_stop_price": 0.0,
      "trigger_price": 0.0
    },
    {
      "day": "2026-01-14",
      "event_type": "split_adjustment",
      "price": 0.0,
      "qty": 0.19857992525157897,
      "reason": "overnight_ratio=1.0000340752",
      "side": "none",
      "symbol": "SOXS",
      "timestamp": null,
      "trail_stop_price": 0.0,
      "trigger_price": 0.0
    },
    {
      "day": "2026-01-15",
      "event_type": "split_adjustment",
      "price": 0.0,
      "qty": 0.42139732129908225,
      "reason": "overnight_ratio=1.0000723069",
      "side": "none",
      "symbol": "SOXS",
      "timestamp": null,
      "trail_stop_price": 0.0,
      "trigger_price": 0.0
    },
    {
      "day": "2026-01-16",
      "event_type": "split_adjustment",
      "price": 0.0,
      "qty": -0.3043125342037456,
      "reason": "overnight_ratio=0.9999477872",
      "side": "none",
      "symbol": "SOXS",
      "timestamp": null,
      "trail_stop_price": 0.0,
      "trigger_price": 0.0
    },
    {
      "day": "2026-01-20",
      "event_type": "split_adjustment",
      "price": 0.0,
      "qty": 0.3043125342037456,
      "reason": "overnight_ratio=1.0000522155",
      "side": "none",
      "symbol": "SOXS",
      "timestamp": null,
      "trail_stop_price": 0.0,
      "trigger_price": 0.0
    },
    {
      "day": "2026-01-21",
      "event_type": "split_adjustment",
      "price": 0.0,
      "qty": -0.0618222137209159,
      "reason": "overnight_ratio=0.9999893928",
      "side": "none",
      "symbol": "SOXS",
      "timestamp": null,
      "trail_stop_price": 0.0,
      "trigger_price": 0.0
    },
    {
      "day": "2026-01-22",
      "event_type": "split_adjustment",
      "price": 0.0,
      "qty": -0.22815340777742676,
      "reason": "overnight_ratio=0.9999608539",
      "side": "none",
      "symbol": "SOXS",
      "timestamp": null,
      "trail_stop_price": 0.0,
      "trigger_price": 0.0
    },
    {
      "day": "2026-01-23",
      "event_type": "split_adjustment",
      "price": 0.0,
      "qty": -0.11866989130612637,
      "reason": "overnight_ratio=0.9999796381",
      "side": "none",
      "symbol": "SOXS",
      "timestamp": null,
      "trail_stop_price": 0.0,
      "trigger_price": 0.0
    },
    {
      "day": "2026-01-26",
      "event_type": "split_adjustment",
      "price": 0.0,
      "qty": 0.8750464315226054,
      "reason": "overnight_ratio=1.0001501476",
      "side": "none",
      "symbol": "SOXS",
      "timestamp": null,
      "trail_stop_price": 0.0,
      "trigger_price": 0.0
    },
    {
      "day": "2026-01-27",
      "event_type": "split_adjustment",
      "price": 0.0,
      "qty": -0.3955517267304458,
      "reason": "overnight_ratio=0.9999321382",
      "side": "none",
      "symbol": "SOXS",
      "timestamp": null,
      "trail_stop_price": 0.0,
      "trigger_price": 0.0
    },
    {
      "day": "2026-01-28",
      "event_type": "split_adjustment",
      "price": 0.0,
      "qty": -0.4629753165136208,
      "reason": "overnight_ratio=0.9999205655",
      "side": "none",
      "symbol": "SOXS",
      "timestamp": null,
      "trail_stop_price": 0.0,
      "trigger_price": 0.0
    },
    {
      "day": "2026-01-30",
      "event_type": "split_adjustment",
      "price": 0.0,
      "qty": 0.3303039108050143,
      "reason": "overnight_ratio=1.0000566761",
      "side": "none",
      "symbol": "SOXS",
      "timestamp": null,
      "trail_stop_price": 0.0,
      "trigger_price": 0.0
    },
    {
      "day": "2026-02-02",
      "event_type": "split_adjustment",
      "price": 0.0,
      "qty": 0.2739485242218507,
      "reason": "overnight_ratio=1.0000470035",
      "side": "none",
      "symbol": "SOXS",
      "timestamp": null,
      "trail_stop_price": 0.0,
      "trigger_price": 0.0
    },
    {
      "day": "2026-02-03",
      "event_type": "split_adjustment",
      "price": 0.0,
      "qty": -0.2739485242218507,
      "reason": "overnight_ratio=0.9999529987",
      "side": "none",
      "symbol": "SOXS",
      "timestamp": null,
      "trail_stop_price": 0.0,
      "trigger_price": 0.0
    },
    {
      "day": "2026-02-04",
      "event_type": "split_adjustment",
      "price": 0.0,
      "qty": -0.053474520686904725,
      "reason": "overnight_ratio=0.9999908250",
      "side": "none",
      "symbol": "SOXS",
      "timestamp": null,
      "trail_stop_price": 0.0,
      "trigger_price": 0.0
    },
    {
      "day": "2026-02-04",
      "event_type": "rebalance_sell",
      "price": 2.2207779000000003,
      "qty": 5828.201378291133,
      "reason": "baseline_rebalance",
      "side": "sell",
      "symbol": "SOXS",
      "timestamp": "2026-02-04T15:55:00-05:00",
      "trail_stop_price": 0.0,
      "trigger_price": 0.0
    },
    {
      "day": "2026-02-04",
      "event_type": "rebalance_buy",
      "price": 53.40544001,
      "qty": 242.33198904743418,
      "reason": "baseline_rebalance",
      "side": "buy",
      "symbol": "SOXL",
      "timestamp": "2026-02-04T15:55:00-05:00",
      "trail_stop_price": 0.0,
      "trigger_price": 0.0
    },
    {
      "day": "2026-02-06",
      "event_type": "profit_lock_sell",
      "price": 56.4423552,
      "qty": 242.33198904743418,
      "reason": "intraday_profit_lock",
      "side": "sell",
      "symbol": "SOXL",
      "timestamp": "2026-02-06T07:12:00-05:00",
      "trail_stop_price": 56.448,
      "trigger_price": 57.510000000000005
    },
    {
      "day": "2026-02-06",
      "event_type": "rebalance_buy",
      "price": 1.870187,
      "qty": 7312.862523008435,
      "reason": "baseline_rebalance",
      "side": "buy",
      "symbol": "SOXS",
      "timestamp": "2026-02-06T15:55:00-05:00",
      "trail_stop_price": 0.0,
      "trigger_price": 0.0
    },
    {
      "day": "2026-02-09",
      "event_type": "split_adjustment",
      "price": 0.0,
      "qty": -1.8285639286414153,
      "reason": "overnight_ratio=0.9997499524",
      "side": "none",
      "symbol": "SOXS",
      "timestamp": null,
      "trail_stop_price": 0.0,
      "trigger_price": 0.0
    },
    {
      "day": "2026-02-10",
      "event_type": "split_adjustment",
      "price": 0.0,
      "qty": 0.31313320023218694,
      "reason": "overnight_ratio=1.0000428302",
      "side": "none",
      "symbol": "SOXS",
      "timestamp": null,
      "trail_stop_price": 0.0,
      "trigger_price": 0.0
    },
    {
      "day": "2026-02-11",
      "event_type": "split_adjustment",
      "price": 0.0,
      "qty": -0.3373637454888012,
      "reason": "overnight_ratio=0.9999538575",
      "side": "none",
      "symbol": "SOXS",
      "timestamp": null,
      "trail_stop_price": 0.0,
      "trigger_price": 0.0
    },
    {
      "day": "2026-02-12",
      "event_type": "split_adjustment",
      "price": 0.0,
      "qty": 0.024230545255704783,
      "reason": "overnight_ratio=1.0000033143",
      "side": "none",
      "symbol": "SOXS",
      "timestamp": null,
      "trail_stop_price": 0.0,
      "trigger_price": 0.0
    },
    {
      "day": "2026-02-13",
      "event_type": "split_adjustment",
      "price": 0.0,
      "qty": 0.47414771512740117,
      "reason": "overnight_ratio=1.0000648537",
      "side": "none",
      "symbol": "SOXS",
      "timestamp": null,
      "trail_stop_price": 0.0,
      "trigger_price": 0.0
    },
    {
      "day": "2026-02-17",
      "event_type": "split_adjustment",
      "price": 0.0,
      "qty": 0.3192999702114321,
      "reason": "overnight_ratio=1.0000436709",
      "side": "none",
      "symbol": "SOXS",
      "timestamp": null,
      "trail_stop_price": 0.0,
      "trigger_price": 0.0
    },
    {
      "day": "2026-02-18",
      "event_type": "split_adjustment",
      "price": 0.0,
      "qty": 0.1825756814723718,
      "reason": "overnight_ratio=1.0000249699",
      "side": "none",
      "symbol": "SOXS",
      "timestamp": null,
      "trail_stop_price": 0.0,
      "trigger_price": 0.0
    },
    {
      "day": "2026-02-19",
      "event_type": "split_adjustment",
      "price": 0.0,
      "qty": -0.8248247644150979,
      "reason": "overnight_ratio=0.9998871959",
      "side": "none",
      "symbol": "SOXS",
      "timestamp": null,
      "trail_stop_price": 0.0,
      "trigger_price": 0.0
    },
    {
      "day": "2026-02-19",
      "event_type": "rebalance_sell",
      "price": 1.7548245,
      "qty": 7311.185157682189,
      "reason": "baseline_rebalance",
      "side": "sell",
      "symbol": "SOXS",
      "timestamp": "2026-02-19T15:55:00-05:00",
      "trail_stop_price": 0.0,
      "trigger_price": 0.0
    },
    {
      "day": "2026-02-19",
      "event_type": "rebalance_buy",
      "price": 64.89148850000001,
      "qty": 197.69255029576325,
      "reason": "baseline_rebalance",
      "side": "buy",
      "symbol": "SOXL",
      "timestamp": "2026-02-19T15:55:00-05:00",
      "trail_stop_price": 0.0,
      "trigger_price": 0.0
    },
    {
      "day": "2026-02-20",
      "event_type": "rebalance_sell",
      "price": 66.783321,
      "qty": 197.69255029576325,
      "reason": "baseline_rebalance",
      "side": "sell",
      "symbol": "SOXL",
      "timestamp": "2026-02-20T15:55:00-05:00",
      "trail_stop_price": 0.0,
      "trigger_price": 0.0
    },
    {
      "day": "2026-02-20",
      "event_type": "rebalance_buy",
      "price": 1.71047103,
      "qty": 7717.900249503807,
      "reason": "baseline_rebalance",
      "side": "buy",
      "symbol": "SOXS",
      "timestamp": "2026-02-20T15:55:00-05:00",
      "trail_stop_price": 0.0,
      "trigger_price": 0.0
    },
    {
      "day": "2026-02-23",
      "event_type": "split_adjustment",
      "price": 0.0,
      "qty": 1.36721927986855,
      "reason": "overnight_ratio=1.0001771491",
      "side": "none",
      "symbol": "SOXS",
      "timestamp": null,
      "trail_stop_price": 0.0,
      "trigger_price": 0.0
    },
    {
      "day": "2026-02-24",
      "event_type": "split_adjustment",
      "price": 0.0,
      "qty": -0.4577460285927373,
      "reason": "overnight_ratio=0.9999407008",
      "side": "none",
      "symbol": "SOXS",
      "timestamp": null,
      "trail_stop_price": 0.0,
      "trigger_price": 0.0
    },
    {
      "day": "2026-02-25",
      "event_type": "split_adjustment",
      "price": 0.0,
      "qty": -0.13259901605397317,
      "reason": "overnight_ratio=0.9999828213",
      "side": "none",
      "symbol": "SOXS",
      "timestamp": null,
      "trail_stop_price": 0.0,
      "trigger_price": 0.0
    },
    {
      "day": "2026-02-26",
      "event_type": "split_adjustment",
      "price": 0.0,
      "qty": -0.0853156459852471,
      "reason": "overnight_ratio=0.9999889469",
      "side": "none",
      "symbol": "SOXS",
      "timestamp": null,
      "trail_stop_price": 0.0,
      "trigger_price": 0.0
    },
    {
      "day": "2026-02-27",
      "event_type": "split_adjustment",
      "price": 0.0,
      "qty": 0.1263052859576419,
      "reason": "overnight_ratio=1.0000163638",
      "side": "none",
      "symbol": "SOXS",
      "timestamp": null,
      "trail_stop_price": 0.0,
      "trigger_price": 0.0
    },
    {
      "day": "2026-03-03",
      "event_type": "split_adjustment",
      "price": 0.0,
      "qty": 0.13709641718469356,
      "reason": "overnight_ratio=1.0000177616",
      "side": "none",
      "symbol": "SOXS",
      "timestamp": null,
      "trail_stop_price": 0.0,
      "trigger_price": 0.0
    },
    {
      "day": "2026-03-04",
      "event_type": "split_adjustment",
      "price": 0.0,
      "qty": 0.08802803032813244,
      "reason": "overnight_ratio=1.0000114043",
      "side": "none",
      "symbol": "SOXS",
      "timestamp": null,
      "trail_stop_price": 0.0,
      "trigger_price": 0.0
    },
    {
      "day": "2026-03-05",
      "event_type": "split_adjustment",
      "price": 0.0,
      "qty": -7332.984491347832,
      "reason": "overnight_ratio=0.0500015008",
      "side": "none",
      "symbol": "SOXS",
      "timestamp": null,
      "trail_stop_price": 0.0,
      "trigger_price": 0.0
    },
    {
      "day": "2026-03-05",
      "event_type": "profit_lock_sell",
      "price": 41.645835,
      "qty": 385.95874647868163,
      "reason": "intraday_profit_lock",
      "side": "sell",
      "symbol": "SOXS",
      "timestamp": "2026-03-05T13:08:00-05:00",
      "trail_stop_price": 41.65,
      "trigger_price": 41.37480000000001
    },
    {
      "day": "2026-03-05",
      "event_type": "rebalance_buy",
      "price": 40.404039999999995,
      "qty": 397.7811851297727,
      "reason": "baseline_rebalance",
      "side": "buy",
      "symbol": "SOXS",
      "timestamp": "2026-03-05T15:55:00-05:00",
      "trail_stop_price": 0.0,
      "trigger_price": 0.0
    },
    {
      "day": "2026-03-06",
      "event_type": "split_adjustment",
      "price": 0.0,
      "qty": -0.017617053587287046,
      "reason": "overnight_ratio=0.9999557117",
      "side": "none",
      "symbol": "SOXS",
      "timestamp": null,
      "trail_stop_price": 0.0,
      "trigger_price": 0.0
    },
    {
      "day": "2026-03-06",
      "event_type": "profit_lock_sell",
      "price": 42.9197076,
      "qty": 397.76356807618544,
      "reason": "intraday_profit_lock",
      "side": "sell",
      "symbol": "SOXS",
      "timestamp": "2026-03-06T09:30:00-05:00",
      "trail_stop_price": 42.924,
      "trigger_price": 42.9732
    },
    {
      "day": "2026-03-06",
      "event_type": "rebalance_buy",
      "price": 47.66476599999999,
      "qty": 358.13013004530427,
      "reason": "baseline_rebalance",
      "side": "buy",
      "symbol": "SOXL",
      "timestamp": "2026-03-06T15:55:00-05:00",
      "trail_stop_price": 0.0,
      "trigger_price": 0.0
    },
    {
      "day": "2026-03-09",
      "event_type": "profit_lock_sell",
      "price": 52.69912956,
      "qty": 358.13013004530427,
      "reason": "intraday_profit_lock",
      "side": "sell",
      "symbol": "SOXL",
      "timestamp": "2026-03-09T15:41:00-04:00",
      "trail_stop_price": 52.7044,
      "trigger_price": 51.7212
    },
    {
      "day": "2026-03-09",
      "event_type": "rebalance_buy",
      "price": 52.9802975,
      "qty": 356.1939003454044,
      "reason": "baseline_rebalance",
      "side": "buy",
      "symbol": "SOXL",
      "timestamp": "2026-03-09T15:55:00-04:00",
      "trail_stop_price": 0.0,
      "trigger_price": 0.0
    },
    {
      "day": "2026-03-10",
      "event_type": "profit_lock_sell",
      "price": 56.61873756,
      "qty": 356.1939003454044,
      "reason": "intraday_profit_lock",
      "side": "sell",
      "symbol": "SOXL",
      "timestamp": "2026-03-10T14:14:00-04:00",
      "trail_stop_price": 56.6244,
      "trigger_price": 57.58560000000001
    },
    {
      "day": "2026-03-10",
      "event_type": "rebalance_buy",
      "price": 54.1704165,
      "qty": 372.25544018537926,
      "reason": "baseline_rebalance",
      "side": "buy",
      "symbol": "SOXL",
      "timestamp": "2026-03-10T15:55:00-04:00",
      "trail_stop_price": 0.0,
      "trigger_price": 0.0
    },
    {
      "day": "2026-03-11",
      "event_type": "rebalance_sell",
      "price": 56.1093885,
      "qty": 372.25544018537926,
      "reason": "baseline_rebalance",
      "side": "sell",
      "symbol": "SOXL",
      "timestamp": "2026-03-11T15:55:00-04:00",
      "trail_stop_price": 0.0,
      "trigger_price": 0.0
    },
    {
      "day": "2026-03-11",
      "event_type": "rebalance_buy",
      "price": 37.82388201,
      "qty": 552.162689344443,
      "reason": "baseline_rebalance",
      "side": "buy",
      "symbol": "SOXS",
      "timestamp": "2026-03-11T15:55:00-04:00",
      "trail_stop_price": 0.0,
      "trigger_price": 0.0
    },
    {
      "day": "2026-03-12",
      "event_type": "split_adjustment",
      "price": 0.0,
      "qty": 0.011974970039887012,
      "reason": "overnight_ratio=1.0000216874",
      "side": "none",
      "symbol": "SOXS",
      "timestamp": null,
      "trail_stop_price": 0.0,
      "trigger_price": 0.0
    },
    {
      "day": "2026-03-12",
      "event_type": "profit_lock_sell",
      "price": 40.84231535999999,
      "qty": 552.1746643144829,
      "reason": "intraday_profit_lock",
      "side": "sell",
      "symbol": "SOXS",
      "timestamp": "2026-03-12T10:02:00-04:00",
      "trail_stop_price": 40.846399999999996,
      "trigger_price": 40.4352
    },
    {
      "day": "2026-03-12",
      "event_type": "rebalance_buy",
      "price": 50.095009000000005,
      "qty": 450.14138164057164,
      "reason": "baseline_rebalance",
      "side": "buy",
      "symbol": "SOXL",
      "timestamp": "2026-03-12T15:55:00-04:00",
      "trail_stop_price": 0.0,
      "trigger_price": 0.0
    },
    {
      "day": "2026-03-16",
      "event_type": "profit_lock_sell",
      "price": 54.26697276000001,
      "qty": 450.14138164057164,
      "reason": "intraday_profit_lock",
      "side": "sell",
      "symbol": "SOXL",
      "timestamp": "2026-03-16T10:38:00-04:00",
      "trail_stop_price": 54.272400000000005,
      "trigger_price": 54.7776
    },
    {
      "day": "2026-03-16",
      "event_type": "rebalance_buy",
      "price": 53.715371,
      "qty": 454.7183954966653,
      "reason": "baseline_rebalance",
      "side": "buy",
      "symbol": "SOXL",
      "timestamp": "2026-03-16T15:55:00-04:00",
      "trail_stop_price": 0.0,
      "trigger_price": 0.0
    },
    {
      "day": "2026-03-23",
      "event_type": "profit_lock_sell",
      "price": 54.28657079999999,
      "qty": 454.7183954966653,
      "reason": "intraday_profit_lock",
      "side": "sell",
      "symbol": "SOXL",
      "timestamp": "2026-03-23T07:13:00-04:00",
      "trail_stop_price": 54.291999999999994,
      "trigger_price": 55.2312
    },
    {
      "day": "2026-03-23",
      "event_type": "rebalance_buy",
      "price": 38.943894,
      "qty": 633.799841920148,
      "reason": "baseline_rebalance",
      "side": "buy",
      "symbol": "SOXS",
      "timestamp": "2026-03-23T15:55:00-04:00",
      "trail_stop_price": 0.0,
      "trigger_price": 0.0
    },
    {
      "day": "2026-03-24",
      "event_type": "split_adjustment",
      "price": 0.0,
      "qty": 4.889173375573137,
      "reason": "overnight_ratio=1.0077140653",
      "side": "none",
      "symbol": "SOXS",
      "timestamp": null,
      "trail_stop_price": 0.0,
      "trigger_price": 0.0
    },
    {
      "day": "2026-03-26",
      "event_type": "profit_lock_sell",
      "price": 39.1470849,
      "qty": 638.6890152957211,
      "reason": "intraday_profit_lock",
      "side": "sell",
      "symbol": "SOXS",
      "timestamp": "2026-03-26T11:05:00-04:00",
      "trail_stop_price": 39.151,
      "trigger_price": 38.90160000000001
    },
    {
      "day": "2026-03-26",
      "event_type": "rebalance_buy",
      "price": 48.994899000000004,
      "qty": 510.2635853003462,
      "reason": "baseline_rebalance",
      "side": "buy",
      "symbol": "SOXL",
      "timestamp": "2026-03-26T15:55:00-04:00",
      "trail_stop_price": 0.0,
      "trigger_price": 0.0
    }
  ],
  "gpu": {
    "backend": "cupy_available_cpu_logic",
    "days": 105,
    "event_count": 95,
    "final_equity": 23773.180439143132,
    "initial_equity": 10000.0,
    "max_drawdown_pct": 29.018373260140745,
    "max_drawdown_usd": 7256.033952013118,
    "total_return_pct": 137.73180439143133
  },
  "initial_equity": 10000.0,
  "initial_principal": 10000.0,
  "outputs": {
    "daily_csv": "switch_runtime_v1/reports/improvements_1m_6m_20260328/impr_5m_2025-10-27_to_2026-03-27_aggr_adapt_t10_tr2_rv14_b85_m8_M30_intraday_pl_5m_2025-10-27_to_2026-03-27_paper_live_style_optimistic_daily.csv",
    "summary_json": "switch_runtime_v1/reports/improvements_1m_6m_20260328/impr_5m_2025-10-27_to_2026-03-27_aggr_adapt_t10_tr2_rv14_b85_m8_M30_intraday_pl_5m_2025-10-27_to_2026-03-27_paper_live_style_optimistic.json"
  },
  "paper_live_style_daily_synth_profile": false,
  "parity": {
    "final_equity_abs_diff": 0.0,
    "final_equity_diff_bps_vs_cpu": 0.0
  },
  "profit_lock_exec_model_effective": "synthetic",
  "profit_lock_exec_model_requested": "paper_live_style_optimistic",
  "rebalance_time_ny": "15:55",
  "runtime_profit_lock_order_type": "market_order",
  "runtime_stop_price_offset_bps": 2.0,
  "split_adjustment": {
    "enabled": true,
    "method": "holdings_scaled_by_adjusted_raw_factor_ratio"
  },
  "strategy_profile": "aggr_adapt_t10_tr2_rv14_b85_m8_M30_intraday_pl_5m",
  "warmup_days_effective": 549,
  "warmup_days_requested": 420,
  "window": {
    "end_date": "2026-03-27",
    "start_date": "2025-10-27"
  }
}
