{"loaded_env_vars": 8, "env_file": "/home/chewy/projects/trading-compose-dev/.env.dev", "env_override": true}
{
  "anchor_window_start_equity": true,
  "cpu": {
    "days": 43,
    "event_count": 50,
    "final_equity": 23109.216916087677,
    "initial_equity": 10000.0,
    "max_drawdown_pct": 8.008728334772599,
    "max_drawdown_usd": 1946.649435181429,
    "total_return_pct": 131.09216916087675
  },
  "daily_lookback_days_effective": 800,
  "daily_lookback_days_requested": 800,
  "daily_rows": [
    {
      "date": "2026-01-27",
      "drawdown_pct": 0.0,
      "drawdown_usd": 0.0,
      "equity": 10000.0,
      "fell_pct": 0.0,
      "fell_usd": 0.0,
      "new_purchase_time_stock": "no change",
      "pnl": 0.0,
      "return_pct": 0.0,
      "sale_time_stock": "no change"
    },
    {
      "date": "2026-01-28",
      "drawdown_pct": 0.00999900009999692,
      "drawdown_usd": 0.999900009999692,
      "equity": 9999.00009999,
      "fell_pct": 0.00999900009999692,
      "fell_usd": 0.999900009999692,
      "new_purchase_time_stock": "15:55 | SOXS",
      "pnl": -0.999900009999692,
      "return_pct": -0.009999000099991662,
      "sale_time_stock": "no change"
    },
    {
      "date": "2026-01-29",
      "drawdown_pct": 0.08364602633220784,
      "drawdown_usd": 8.364602633220784,
      "equity": 9991.63539736678,
      "fell_pct": 0.07365439093483414,
      "fell_usd": 7.364702623221092,
      "new_purchase_time_stock": "no change",
      "pnl": -7.364702623221092,
      "return_pct": -0.07365439093482973,
      "sale_time_stock": "no change"
    },
    {
      "date": "2026-01-30",
      "drawdown_pct": 0.0,
      "drawdown_usd": 0.0,
      "equity": 11166.08850663744,
      "fell_pct": 0.0,
      "fell_usd": 0.0,
      "new_purchase_time_stock": "no change",
      "pnl": 1174.4531092706602,
      "return_pct": 11.754363150402568,
      "sale_time_stock": "no change"
    },
    {
      "date": "2026-02-02",
      "drawdown_pct": 5.120102902638805,
      "drawdown_usd": 571.7152217395615,
      "equity": 10594.373284897878,
      "fell_pct": 5.120102902638805,
      "fell_usd": 571.7152217395615,
      "new_purchase_time_stock": "no change",
      "pnl": -571.7152217395615,
      "return_pct": -5.120102902638801,
      "sale_time_stock": "no change"
    },
    {
      "date": "2026-02-03",
      "drawdown_pct": 0.0,
      "drawdown_usd": 0.0,
      "equity": 11222.176728371525,
      "fell_pct": 0.0,
      "fell_usd": 0.0,
      "new_purchase_time_stock": "no change",
      "pnl": 627.8034434736473,
      "return_pct": 5.925819551483724,
      "sale_time_stock": "no change"
    },
    {
      "date": "2026-02-04",
      "drawdown_pct": 0.0,
      "drawdown_usd": 0.0,
      "equity": 12579.134470797368,
      "fell_pct": 0.0,
      "fell_usd": 0.0,
      "new_purchase_time_stock": "15:55 | SOXL",
      "pnl": 1356.9577424258423,
      "return_pct": 12.091751674122442,
      "sale_time_stock": "no change"
    },
    {
      "date": "2026-02-05",
      "drawdown_pct": 0.9177885434671545,
      "drawdown_usd": 115.44985504030592,
      "equity": 12463.684615757062,
      "fell_pct": 0.9177885434671545,
      "fell_usd": 115.44985504030592,
      "new_purchase_time_stock": "no change",
      "pnl": -115.44985504030592,
      "return_pct": -0.9177885434671573,
      "sale_time_stock": "no change"
    },
    {
      "date": "2026-02-06",
      "drawdown_pct": 0.0,
      "drawdown_usd": 0.0,
      "equity": 13293.121003755177,
      "fell_pct": 0.0,
      "fell_usd": 0.0,
      "new_purchase_time_stock": "15:55 | SOXS",
      "pnl": 829.4363879981156,
      "return_pct": 6.654824905867018,
      "sale_time_stock": "07:12 | SOXL"
    },
    {
      "date": "2026-02-09",
      "drawdown_pct": 3.2327586206896313,
      "drawdown_usd": 429.73451520759954,
      "equity": 12863.386488547578,
      "fell_pct": 3.2327586206896313,
      "fell_usd": 429.73451520759954,
      "new_purchase_time_stock": "no change",
      "pnl": -429.73451520759954,
      "return_pct": -3.2327586206896353,
      "sale_time_stock": "no change"
    },
    {
      "date": "2026-02-10",
      "drawdown_pct": 2.239514257294444,
      "drawdown_usd": 297.7013401184995,
      "equity": 12995.419663636678,
      "fell_pct": 0.0,
      "fell_usd": 0.0,
      "new_purchase_time_stock": "no change",
      "pnl": 132.03317508910004,
      "return_pct": 1.026426246359402,
      "sale_time_stock": "no change"
    },
    {
      "date": "2026-02-11",
      "drawdown_pct": 10.1885358938834,
      "drawdown_usd": 1354.3744048849494,
      "equity": 11938.746598870228,
      "fell_pct": 8.131119210587674,
      "fell_usd": 1056.67306476645,
      "new_purchase_time_stock": "no change",
      "pnl": -1056.67306476645,
      "return_pct": -8.131119210587679,
      "sale_time_stock": "no change"
    },
    {
      "date": "2026-02-12",
      "drawdown_pct": 2.9654457991998466,
      "drawdown_usd": 394.2002983884104,
      "equity": 12898.920705366767,
      "fell_pct": 0.0,
      "fell_usd": 0.0,
      "new_purchase_time_stock": "no change",
      "pnl": 960.174106496539,
      "return_pct": 8.042503444937864,
      "sale_time_stock": "no change"
    },
    {
      "date": "2026-02-13",
      "drawdown_pct": 5.097794009600315,
      "drawdown_usd": 677.6559262183528,
      "equity": 12615.465077536825,
      "fell_pct": 2.1975143060768403,
      "fell_usd": 283.4556278299424,
      "new_purchase_time_stock": "no change",
      "pnl": -283.4556278299424,
      "return_pct": -2.197514306076842,
      "sale_time_stock": "no change"
    },
    {
      "date": "2026-02-17",
      "drawdown_pct": 5.355644542665129,
      "drawdown_usd": 711.9323095874861,
      "equity": 12581.188694167691,
      "fell_pct": 0.271701305964265,
      "fell_usd": 34.27638336913333,
      "new_purchase_time_stock": "no change",
      "pnl": -34.27638336913333,
      "return_pct": -0.271701305964267,
      "sale_time_stock": "no change"
    },
    {
      "date": "2026-02-18",
      "drawdown_pct": 8.299461837063948,
      "drawdown_usd": 1103.2575046613929,
      "equity": 12189.863499093784,
      "fell_pct": 3.110399220507001,
      "fell_usd": 391.3251950739068,
      "new_purchase_time_stock": "no change",
      "pnl": -391.3251950739068,
      "return_pct": -3.1103992205069986,
      "sale_time_stock": "no change"
    },
    {
      "date": "2026-02-19",
      "drawdown_pct": 6.199404105907953,
      "drawdown_usd": 824.094289310111,
      "equity": 12469.026714445066,
      "fell_pct": 0.0,
      "fell_usd": 0.0,
      "new_purchase_time_stock": "15:55 | SOXL",
      "pnl": 279.1632153512819,
      "return_pct": 2.290125852287317,
      "sale_time_stock": "no change"
    },
    {
      "date": "2026-02-20",
      "drawdown_pct": 3.474415230036342,
      "drawdown_usd": 461.85822070162976,
      "equity": 12831.262783053548,
      "fell_pct": 0.0,
      "fell_usd": 0.0,
      "new_purchase_time_stock": "15:55 | SOXS",
      "pnl": 362.2360686084812,
      "return_pct": 2.905086955895597,
      "sale_time_stock": "no change"
    },
    {
      "date": "2026-02-23",
      "drawdown_pct": 1.7751711605833427,
      "drawdown_usd": 235.97565040010886,
      "equity": 13057.145353355068,
      "fell_pct": 0.0,
      "fell_usd": 0.0,
      "new_purchase_time_stock": "no change",
      "pnl": 225.8825703015209,
      "return_pct": 1.7604079514282,
      "sale_time_stock": "no change"
    },
    {
      "date": "2026-02-24",
      "drawdown_pct": 6.584419323739672,
      "drawdown_usd": 875.2748280993528,
      "equity": 12417.846175655824,
      "fell_pct": 4.89616344459989,
      "fell_usd": 639.299177699244,
      "new_purchase_time_stock": "no change",
      "pnl": -639.299177699244,
      "return_pct": -4.896163444599888,
      "sale_time_stock": "no change"
    },
    {
      "date": "2026-02-25",
      "drawdown_pct": 10.819285829364874,
      "drawdown_usd": 1438.2207570396095,
      "equity": 11854.900246715568,
      "fell_pct": 4.533362074043615,
      "fell_usd": 562.9459289402566,
      "new_purchase_time_stock": "no change",
      "pnl": -562.9459289402566,
      "return_pct": -4.5333620740436125,
      "sale_time_stock": "no change"
    },
    {
      "date": "2026-02-26",
      "drawdown_pct": 2.3538416410843412,
      "drawdown_usd": 312.89901758611813,
      "equity": 12980.22198616906,
      "fell_pct": 0.0,
      "fell_usd": 0.0,
      "new_purchase_time_stock": "no change",
      "pnl": 1125.3217394534913,
      "return_pct": 9.492460636817789,
      "sale_time_stock": "no change"
    },
    {
      "date": "2026-02-27",
      "drawdown_pct": 0.0,
      "drawdown_usd": 0.0,
      "equity": 13504.903966127928,
      "fell_pct": 0.0,
      "fell_usd": 0.0,
      "new_purchase_time_stock": "no change",
      "pnl": 524.6819799588684,
      "return_pct": 4.042164922278979,
      "sale_time_stock": "no change"
    },
    {
      "date": "2026-03-02",
      "drawdown_pct": 0.0,
      "drawdown_usd": 0.0,
      "equity": 13505.654280254608,
      "fell_pct": 0.0,
      "fell_usd": 0.0,
      "new_purchase_time_stock": "no change",
      "pnl": 0.7503141266806779,
      "return_pct": 0.005555864214668027,
      "sale_time_stock": "no change"
    },
    {
      "date": "2026-03-03",
      "drawdown_pct": 0.0,
      "drawdown_usd": 0.0,
      "equity": 15531.778285888839,
      "fell_pct": 0.0,
      "fell_usd": 0.0,
      "new_purchase_time_stock": "no change",
      "pnl": 2026.1240056342303,
      "return_pct": 15.002042578540188,
      "sale_time_stock": "no change"
    },
    {
      "date": "2026-03-04",
      "drawdown_pct": 6.520673077638184,
      "drawdown_usd": 1012.7764851664069,
      "equity": 14519.001800722432,
      "fell_pct": 6.520673077638184,
      "fell_usd": 1012.7764851664069,
      "new_purchase_time_stock": "no change",
      "pnl": -1012.7764851664069,
      "return_pct": -6.520673077638184,
      "sale_time_stock": "no change"
    },
    {
      "date": "2026-03-05",
      "drawdown_pct": 0.0,
      "drawdown_usd": 0.0,
      "equity": 15621.529198404563,
      "fell_pct": 0.0,
      "fell_usd": 0.0,
      "new_purchase_time_stock": "15:55 | SOXS",
      "pnl": 1102.5273976821318,
      "return_pct": 7.593685935263617,
      "sale_time_stock": "13:08 | SOXS"
    },
    {
      "date": "2026-03-06",
      "drawdown_pct": 0.0,
      "drawdown_usd": 0.0,
      "equity": 16591.77466510634,
      "fell_pct": 0.0,
      "fell_usd": 0.0,
      "new_purchase_time_stock": "15:55 | SOXL",
      "pnl": 970.2454667017755,
      "return_pct": 6.210950633442902,
      "sale_time_stock": "09:30 | SOXS"
    },
    {
      "date": "2026-03-09",
      "drawdown_pct": 0.0,
      "drawdown_usd": 0.0,
      "equity": 18342.367305411593,
      "fell_pct": 0.0,
      "fell_usd": 0.0,
      "new_purchase_time_stock": "15:55 | SOXL",
      "pnl": 1750.5926403052545,
      "return_pct": 10.550966823258957,
      "sale_time_stock": "15:41 | SOXL"
    },
    {
      "date": "2026-03-10",
      "drawdown_pct": 0.0,
      "drawdown_usd": 0.0,
      "equity": 19600.075453071095,
      "fell_pct": 0.0,
      "fell_usd": 0.0,
      "new_purchase_time_stock": "15:55 | SOXL",
      "pnl": 1257.7081476595013,
      "return_pct": 6.856847465312921,
      "sale_time_stock": "14:14 | SOXL"
    },
    {
      "date": "2026-03-11",
      "drawdown_pct": 0.0,
      "drawdown_usd": 0.0,
      "equity": 20299.608983085018,
      "fell_pct": 0.0,
      "fell_usd": 0.0,
      "new_purchase_time_stock": "15:55 | SOXS",
      "pnl": 699.5335300139232,
      "return_pct": 3.569034882997424,
      "sale_time_stock": "no change"
    },
    {
      "date": "2026-03-12",
      "drawdown_pct": 0.0,
      "drawdown_usd": 0.0,
      "equity": 21917.84814954111,
      "fell_pct": 0.0,
      "fell_usd": 0.0,
      "new_purchase_time_stock": "15:55 | SOXL",
      "pnl": 1618.2391664560928,
      "return_pct": 7.971775061305442,
      "sale_time_stock": "10:02 | SOXS"
    },
    {
      "date": "2026-03-13",
      "drawdown_pct": 0.0,
      "drawdown_usd": 0.0,
      "equity": 22070.997417904844,
      "fell_pct": 0.0,
      "fell_usd": 0.0,
      "new_purchase_time_stock": "no change",
      "pnl": 153.14926836373343,
      "return_pct": 0.6987422639249452,
      "sale_time_stock": "no change"
    },
    {
      "date": "2026-03-16",
      "drawdown_pct": 0.0,
      "drawdown_usd": 0.0,
      "equity": 23740.81471793159,
      "fell_pct": 0.0,
      "fell_usd": 0.0,
      "new_purchase_time_stock": "15:55 | SOXL",
      "pnl": 1669.8173000267452,
      "return_pct": 7.565663066373807,
      "sale_time_stock": "10:38 | SOXL"
    },
    {
      "date": "2026-03-17",
      "drawdown_pct": 0.0,
      "drawdown_usd": 0.0,
      "equity": 24218.194719707164,
      "fell_pct": 0.0,
      "fell_usd": 0.0,
      "new_purchase_time_stock": "no change",
      "pnl": 477.3800017755748,
      "return_pct": 2.0107987339415434,
      "sale_time_stock": "no change"
    },
    {
      "date": "2026-03-18",
      "drawdown_pct": 0.6022996897244095,
      "drawdown_usd": 145.86611165364957,
      "equity": 24072.328608053514,
      "fell_pct": 0.6022996897244095,
      "fell_usd": 145.86611165364957,
      "new_purchase_time_stock": "no change",
      "pnl": -145.86611165364957,
      "return_pct": -0.602299689724406,
      "sale_time_stock": "no change"
    },
    {
      "date": "2026-03-19",
      "drawdown_pct": 0.0,
      "drawdown_usd": 0.0,
      "equity": 24306.598423739677,
      "fell_pct": 0.0,
      "fell_usd": 0.0,
      "new_purchase_time_stock": "no change",
      "pnl": 234.26981568616247,
      "return_pct": 0.9731913330885078,
      "sale_time_stock": "no change"
    },
    {
      "date": "2026-03-20",
      "drawdown_pct": 7.719585379159847,
      "drawdown_usd": 1876.3686180901059,
      "equity": 22430.22980564957,
      "fell_pct": 7.719585379159847,
      "fell_usd": 1876.3686180901059,
      "new_purchase_time_stock": "no change",
      "pnl": -1876.3686180901059,
      "return_pct": -7.719585379159843,
      "sale_time_stock": "no change"
    },
    {
      "date": "2026-03-23",
      "drawdown_pct": 1.2989369495129288,
      "drawdown_usd": 315.7273880956818,
      "equity": 23990.871035643995,
      "fell_pct": 0.0,
      "fell_usd": 0.0,
      "new_purchase_time_stock": "15:55 | SOXS",
      "pnl": 1560.641229994424,
      "return_pct": 6.957758540669712,
      "sale_time_stock": "07:13 | SOXL"
    },
    {
      "date": "2026-03-24",
      "drawdown_pct": 4.164583843417128,
      "drawdown_usd": 1012.2686708393448,
      "equity": 23294.329752900332,
      "fell_pct": 2.9033597059014222,
      "fell_usd": 696.541282743663,
      "new_purchase_time_stock": "no change",
      "pnl": -696.541282743663,
      "return_pct": -2.9033597059014205,
      "sale_time_stock": "no change"
    },
    {
      "date": "2026-03-25",
      "drawdown_pct": 8.008728334772599,
      "drawdown_usd": 1946.649435181429,
      "equity": 22359.948988558248,
      "fell_pct": 4.011194029850746,
      "fell_usd": 934.3807643420841,
      "new_purchase_time_stock": "no change",
      "pnl": -934.3807643420841,
      "return_pct": -4.011194029850751,
      "sale_time_stock": "no change"
    },
    {
      "date": "2026-03-26",
      "drawdown_pct": 0.028600418441336678,
      "drawdown_usd": 6.9517888580448925,
      "equity": 24299.646634881632,
      "fell_pct": 0.0,
      "fell_usd": 0.0,
      "new_purchase_time_stock": "15:55 | SOXL",
      "pnl": 1939.697646323384,
      "return_pct": 8.67487509616387,
      "sale_time_stock": "11:05 | SOXS"
    },
    {
      "date": "2026-03-27",
      "drawdown_pct": 4.9261582668949115,
      "drawdown_usd": 1197.3815076520004,
      "equity": 23109.216916087677,
      "fell_pct": 4.8989589712186135,
      "fell_usd": 1190.4297187939555,
      "new_purchase_time_stock": "no change",
      "pnl": -1190.4297187939555,
      "return_pct": -4.898958971218614,
      "sale_time_stock": "no change"
    }
  ],
  "daily_synthetic_parity": {
    "enabled": false,
    "rebalance_min_trade_weight_delta": 0.05,
    "rebalance_price_model": "minute_close_raw",
    "split_adjustment_override": false,
    "strict_mode": false,
    "trigger_model": "intraday_minute_high_low"
  },
  "data_feed": "sip",
  "events": [
    {
      "day": "2026-01-28",
      "event_type": "rebalance_buy",
      "price": 1.7651765,
      "qty": 5665.155864016998,
      "reason": "baseline_rebalance",
      "side": "buy",
      "symbol": "SOXS",
      "timestamp": "2026-01-28T15:55:00-05:00",
      "trail_stop_price": 0.0,
      "trigger_price": 0.0
    },
    {
      "day": "2026-01-30",
      "event_type": "split_adjustment",
      "price": 0.0,
      "qty": 0.32107881999945675,
      "reason": "overnight_ratio=1.0000566761",
      "side": "none",
      "symbol": "SOXS",
      "timestamp": null,
      "trail_stop_price": 0.0,
      "trigger_price": 0.0
    },
    {
      "day": "2026-02-02",
      "event_type": "split_adjustment",
      "price": 0.0,
      "qty": 0.2662973886181135,
      "reason": "overnight_ratio=1.0000470035",
      "side": "none",
      "symbol": "SOXS",
      "timestamp": null,
      "trail_stop_price": 0.0,
      "trigger_price": 0.0
    },
    {
      "day": "2026-02-03",
      "event_type": "split_adjustment",
      "price": 0.0,
      "qty": -0.266297388617204,
      "reason": "overnight_ratio=0.9999529987",
      "side": "none",
      "symbol": "SOXS",
      "timestamp": null,
      "trail_stop_price": 0.0,
      "trigger_price": 0.0
    },
    {
      "day": "2026-02-04",
      "event_type": "split_adjustment",
      "price": 0.0,
      "qty": -0.05198102547456074,
      "reason": "overnight_ratio=0.9999908250",
      "side": "none",
      "symbol": "SOXS",
      "timestamp": null,
      "trail_stop_price": 0.0,
      "trigger_price": 0.0
    },
    {
      "day": "2026-02-04",
      "event_type": "rebalance_sell",
      "price": 2.2207779000000003,
      "qty": 5665.424961811524,
      "reason": "baseline_rebalance",
      "side": "sell",
      "symbol": "SOXS",
      "timestamp": "2026-02-04T15:55:00-05:00",
      "trail_stop_price": 0.0,
      "trigger_price": 0.0
    },
    {
      "day": "2026-02-04",
      "event_type": "rebalance_buy",
      "price": 53.40544001,
      "qty": 235.56387480168328,
      "reason": "baseline_rebalance",
      "side": "buy",
      "symbol": "SOXL",
      "timestamp": "2026-02-04T15:55:00-05:00",
      "trail_stop_price": 0.0,
      "trigger_price": 0.0
    },
    {
      "day": "2026-02-06",
      "event_type": "profit_lock_sell",
      "price": 56.4423552,
      "qty": 235.56387480168328,
      "reason": "intraday_profit_lock",
      "side": "sell",
      "symbol": "SOXL",
      "timestamp": "2026-02-06T07:12:00-05:00",
      "trail_stop_price": 56.448,
      "trigger_price": 57.510000000000005
    },
    {
      "day": "2026-02-06",
      "event_type": "rebalance_buy",
      "price": 1.870187,
      "qty": 7108.620857623089,
      "reason": "baseline_rebalance",
      "side": "buy",
      "symbol": "SOXS",
      "timestamp": "2026-02-06T15:55:00-05:00",
      "trail_stop_price": 0.0,
      "trigger_price": 0.0
    },
    {
      "day": "2026-02-09",
      "event_type": "split_adjustment",
      "price": 0.0,
      "qty": -1.7774937846488683,
      "reason": "overnight_ratio=0.9997499524",
      "side": "none",
      "symbol": "SOXS",
      "timestamp": null,
      "trail_stop_price": 0.0,
      "trigger_price": 0.0
    },
    {
      "day": "2026-02-10",
      "event_type": "split_adjustment",
      "price": 0.0,
      "qty": 0.3043876719111722,
      "reason": "overnight_ratio=1.0000428302",
      "side": "none",
      "symbol": "SOXS",
      "timestamp": null,
      "trail_stop_price": 0.0,
      "trigger_price": 0.0
    },
    {
      "day": "2026-02-11",
      "event_type": "split_adjustment",
      "price": 0.0,
      "qty": -0.32794147985714517,
      "reason": "overnight_ratio=0.9999538575",
      "side": "none",
      "symbol": "SOXS",
      "timestamp": null,
      "trail_stop_price": 0.0,
      "trigger_price": 0.0
    },
    {
      "day": "2026-02-12",
      "event_type": "split_adjustment",
      "price": 0.0,
      "qty": 0.023553807945063454,
      "reason": "overnight_ratio=1.0000033143",
      "side": "none",
      "symbol": "SOXS",
      "timestamp": null,
      "trail_stop_price": 0.0,
      "trigger_price": 0.0
    },
    {
      "day": "2026-02-13",
      "event_type": "split_adjustment",
      "price": 0.0,
      "qty": 0.46090519639164995,
      "reason": "overnight_ratio=1.0000648537",
      "side": "none",
      "symbol": "SOXS",
      "timestamp": null,
      "trail_stop_price": 0.0,
      "trigger_price": 0.0
    },
    {
      "day": "2026-02-17",
      "event_type": "split_adjustment",
      "price": 0.0,
      "qty": 0.3103822095572468,
      "reason": "overnight_ratio=1.0000436709",
      "side": "none",
      "symbol": "SOXS",
      "timestamp": null,
      "trail_stop_price": 0.0,
      "trigger_price": 0.0
    },
    {
      "day": "2026-02-18",
      "event_type": "split_adjustment",
      "price": 0.0,
      "qty": 0.17747650708952278,
      "reason": "overnight_ratio=1.0000249699",
      "side": "none",
      "symbol": "SOXS",
      "timestamp": null,
      "trail_stop_price": 0.0,
      "trigger_price": 0.0
    },
    {
      "day": "2026-02-19",
      "event_type": "split_adjustment",
      "price": 0.0,
      "qty": -0.801788151459732,
      "reason": "overnight_ratio=0.9998871959",
      "side": "none",
      "symbol": "SOXS",
      "timestamp": null,
      "trail_stop_price": 0.0,
      "trigger_price": 0.0
    },
    {
      "day": "2026-02-19",
      "event_type": "rebalance_sell",
      "price": 1.7548245,
      "qty": 7106.990339600018,
      "reason": "baseline_rebalance",
      "side": "sell",
      "symbol": "SOXS",
      "timestamp": "2026-02-19T15:55:00-05:00",
      "trail_stop_price": 0.0,
      "trigger_price": 0.0
    },
    {
      "day": "2026-02-19",
      "event_type": "rebalance_buy",
      "price": 64.89148850000001,
      "qty": 192.17117537867097,
      "reason": "baseline_rebalance",
      "side": "buy",
      "symbol": "SOXL",
      "timestamp": "2026-02-19T15:55:00-05:00",
      "trail_stop_price": 0.0,
      "trigger_price": 0.0
    },
    {
      "day": "2026-02-20",
      "event_type": "rebalance_sell",
      "price": 66.783321,
      "qty": 192.17117537867097,
      "reason": "baseline_rebalance",
      "side": "sell",
      "symbol": "SOXL",
      "timestamp": "2026-02-20T15:55:00-05:00",
      "trail_stop_price": 0.0,
      "trigger_price": 0.0
    },
    {
      "day": "2026-02-20",
      "event_type": "rebalance_buy",
      "price": 1.71047103,
      "qty": 7502.346245134508,
      "reason": "baseline_rebalance",
      "side": "buy",
      "symbol": "SOXS",
      "timestamp": "2026-02-20T15:55:00-05:00",
      "trail_stop_price": 0.0,
      "trigger_price": 0.0
    },
    {
      "day": "2026-02-23",
      "event_type": "split_adjustment",
      "price": 0.0,
      "qty": 1.3290340764970097,
      "reason": "overnight_ratio=1.0001771491",
      "side": "none",
      "symbol": "SOXS",
      "timestamp": null,
      "trail_stop_price": 0.0,
      "trigger_price": 0.0
    },
    {
      "day": "2026-02-24",
      "event_type": "split_adjustment",
      "price": 0.0,
      "qty": -0.44496159419213654,
      "reason": "overnight_ratio=0.9999407008",
      "side": "none",
      "symbol": "SOXS",
      "timestamp": null,
      "trail_stop_price": 0.0,
      "trigger_price": 0.0
    },
    {
      "day": "2026-02-25",
      "event_type": "split_adjustment",
      "price": 0.0,
      "qty": -0.1288956449343459,
      "reason": "overnight_ratio=0.9999828213",
      "side": "none",
      "symbol": "SOXS",
      "timestamp": null,
      "trail_stop_price": 0.0,
      "trigger_price": 0.0
    },
    {
      "day": "2026-02-26",
      "event_type": "split_adjustment",
      "price": 0.0,
      "qty": -0.08293285681520501,
      "reason": "overnight_ratio=0.9999889469",
      "side": "none",
      "symbol": "SOXS",
      "timestamp": null,
      "trail_stop_price": 0.0,
      "trigger_price": 0.0
    },
    {
      "day": "2026-02-27",
      "event_type": "split_adjustment",
      "price": 0.0,
      "qty": 0.12277769305273978,
      "reason": "overnight_ratio=1.0000163638",
      "side": "none",
      "symbol": "SOXS",
      "timestamp": null,
      "trail_stop_price": 0.0,
      "trigger_price": 0.0
    },
    {
      "day": "2026-03-03",
      "event_type": "split_adjustment",
      "price": 0.0,
      "qty": 0.1332674377008516,
      "reason": "overnight_ratio=1.0000177616",
      "side": "none",
      "symbol": "SOXS",
      "timestamp": null,
      "trail_stop_price": 0.0,
      "trigger_price": 0.0
    },
    {
      "day": "2026-03-04",
      "event_type": "split_adjustment",
      "price": 0.0,
      "qty": 0.08556948670593556,
      "reason": "overnight_ratio=1.0000114043",
      "side": "none",
      "symbol": "SOXS",
      "timestamp": null,
      "trail_stop_price": 0.0,
      "trigger_price": 0.0
    },
    {
      "day": "2026-03-05",
      "event_type": "split_adjustment",
      "price": 0.0,
      "qty": -7128.1808375056335,
      "reason": "overnight_ratio=0.0500015008",
      "side": "none",
      "symbol": "SOXS",
      "timestamp": null,
      "trail_stop_price": 0.0,
      "trigger_price": 0.0
    },
    {
      "day": "2026-03-05",
      "event_type": "profit_lock_sell",
      "price": 41.645835,
      "qty": 375.17926622688856,
      "reason": "intraday_profit_lock",
      "side": "sell",
      "symbol": "SOXS",
      "timestamp": "2026-03-05T13:08:00-05:00",
      "trail_stop_price": 41.65,
      "trigger_price": 41.37480000000001
    },
    {
      "day": "2026-03-05",
      "event_type": "rebalance_buy",
      "price": 40.404039999999995,
      "qty": 386.6715148119942,
      "reason": "baseline_rebalance",
      "side": "buy",
      "symbol": "SOXS",
      "timestamp": "2026-03-05T15:55:00-05:00",
      "trail_stop_price": 0.0,
      "trigger_price": 0.0
    },
    {
      "day": "2026-03-06",
      "event_type": "split_adjustment",
      "price": 0.0,
      "qty": -0.0171250251439119,
      "reason": "overnight_ratio=0.9999557117",
      "side": "none",
      "symbol": "SOXS",
      "timestamp": null,
      "trail_stop_price": 0.0,
      "trigger_price": 0.0
    },
    {
      "day": "2026-03-06",
      "event_type": "profit_lock_sell",
      "price": 42.9197076,
      "qty": 386.6543897868503,
      "reason": "intraday_profit_lock",
      "side": "sell",
      "symbol": "SOXS",
      "timestamp": "2026-03-06T09:30:00-05:00",
      "trail_stop_price": 42.924,
      "trigger_price": 42.9732
    },
    {
      "day": "2026-03-06",
      "event_type": "rebalance_buy",
      "price": 47.66476599999999,
      "qty": 348.1278779921599,
      "reason": "baseline_rebalance",
      "side": "buy",
      "symbol": "SOXL",
      "timestamp": "2026-03-06T15:55:00-05:00",
      "trail_stop_price": 0.0,
      "trigger_price": 0.0
    },
    {
      "day": "2026-03-09",
      "event_type": "profit_lock_sell",
      "price": 52.69912956,
      "qty": 348.1278779921599,
      "reason": "intraday_profit_lock",
      "side": "sell",
      "symbol": "SOXL",
      "timestamp": "2026-03-09T15:41:00-04:00",
      "trail_stop_price": 52.7044,
      "trigger_price": 51.7212
    },
    {
      "day": "2026-03-09",
      "event_type": "rebalance_buy",
      "price": 52.9802975,
      "qty": 346.2457254442962,
      "reason": "baseline_rebalance",
      "side": "buy",
      "symbol": "SOXL",
      "timestamp": "2026-03-09T15:55:00-04:00",
      "trail_stop_price": 0.0,
      "trigger_price": 0.0
    },
    {
      "day": "2026-03-10",
      "event_type": "profit_lock_sell",
      "price": 56.61873756,
      "qty": 346.2457254442962,
      "reason": "intraday_profit_lock",
      "side": "sell",
      "symbol": "SOXL",
      "timestamp": "2026-03-10T14:14:00-04:00",
      "trail_stop_price": 56.6244,
      "trigger_price": 57.58560000000001
    },
    {
      "day": "2026-03-10",
      "event_type": "rebalance_buy",
      "price": 54.1704165,
      "qty": 361.8586809391876,
      "reason": "baseline_rebalance",
      "side": "buy",
      "symbol": "SOXL",
      "timestamp": "2026-03-10T15:55:00-04:00",
      "trail_stop_price": 0.0,
      "trigger_price": 0.0
    },
    {
      "day": "2026-03-11",
      "event_type": "rebalance_sell",
      "price": 56.1093885,
      "qty": 361.8586809391876,
      "reason": "baseline_rebalance",
      "side": "sell",
      "symbol": "SOXL",
      "timestamp": "2026-03-11T15:55:00-04:00",
      "trail_stop_price": 0.0,
      "trigger_price": 0.0
    },
    {
      "day": "2026-03-11",
      "event_type": "rebalance_buy",
      "price": 37.82388201,
      "qty": 536.7412826270956,
      "reason": "baseline_rebalance",
      "side": "buy",
      "symbol": "SOXS",
      "timestamp": "2026-03-11T15:55:00-04:00",
      "trail_stop_price": 0.0,
      "trigger_price": 0.0
    },
    {
      "day": "2026-03-12",
      "event_type": "split_adjustment",
      "price": 0.0,
      "qty": 0.011640519909519753,
      "reason": "overnight_ratio=1.0000216874",
      "side": "none",
      "symbol": "SOXS",
      "timestamp": null,
      "trail_stop_price": 0.0,
      "trigger_price": 0.0
    },
    {
      "day": "2026-03-12",
      "event_type": "profit_lock_sell",
      "price": 40.84231535999999,
      "qty": 536.7529231470052,
      "reason": "intraday_profit_lock",
      "side": "sell",
      "symbol": "SOXS",
      "timestamp": "2026-03-12T10:02:00-04:00",
      "trail_stop_price": 40.846399999999996,
      "trigger_price": 40.4352
    },
    {
      "day": "2026-03-12",
      "event_type": "rebalance_buy",
      "price": 50.095009000000005,
      "qty": 437.56933818209444,
      "reason": "baseline_rebalance",
      "side": "buy",
      "symbol": "SOXL",
      "timestamp": "2026-03-12T15:55:00-04:00",
      "trail_stop_price": 0.0,
      "trigger_price": 0.0
    },
    {
      "day": "2026-03-16",
      "event_type": "profit_lock_sell",
      "price": 54.26697276000001,
      "qty": 437.56933818209444,
      "reason": "intraday_profit_lock",
      "side": "sell",
      "symbol": "SOXL",
      "timestamp": "2026-03-16T10:38:00-04:00",
      "trail_stop_price": 54.272400000000005,
      "trigger_price": 54.7776
    },
    {
      "day": "2026-03-16",
      "event_type": "rebalance_buy",
      "price": 53.715371,
      "qty": 442.01852016256913,
      "reason": "baseline_rebalance",
      "side": "buy",
      "symbol": "SOXL",
      "timestamp": "2026-03-16T15:55:00-04:00",
      "trail_stop_price": 0.0,
      "trigger_price": 0.0
    },
    {
      "day": "2026-03-23",
      "event_type": "profit_lock_sell",
      "price": 54.28657079999999,
      "qty": 442.01852016256913,
      "reason": "intraday_profit_lock",
      "side": "sell",
      "symbol": "SOXL",
      "timestamp": "2026-03-23T07:13:00-04:00",
      "trail_stop_price": 54.291999999999994,
      "trigger_price": 55.2312
    },
    {
      "day": "2026-03-23",
      "event_type": "rebalance_buy",
      "price": 38.943894,
      "qty": 616.0983830417051,
      "reason": "baseline_rebalance",
      "side": "buy",
      "symbol": "SOXS",
      "timestamp": "2026-03-23T15:55:00-04:00",
      "trail_stop_price": 0.0,
      "trigger_price": 0.0
    },
    {
      "day": "2026-03-24",
      "event_type": "split_adjustment",
      "price": 0.0,
      "qty": 4.75262316565977,
      "reason": "overnight_ratio=1.0077140653",
      "side": "none",
      "symbol": "SOXS",
      "timestamp": null,
      "trail_stop_price": 0.0,
      "trigger_price": 0.0
    },
    {
      "day": "2026-03-26",
      "event_type": "profit_lock_sell",
      "price": 39.1470849,
      "qty": 620.8510062073649,
      "reason": "intraday_profit_lock",
      "side": "sell",
      "symbol": "SOXS",
      "timestamp": "2026-03-26T11:05:00-04:00",
      "trail_stop_price": 39.151,
      "trigger_price": 38.90160000000001
    },
    {
      "day": "2026-03-26",
      "event_type": "rebalance_buy",
      "price": 48.994899000000004,
      "qty": 496.01238283081506,
      "reason": "baseline_rebalance",
      "side": "buy",
      "symbol": "SOXL",
      "timestamp": "2026-03-26T15:55:00-04:00",
      "trail_stop_price": 0.0,
      "trigger_price": 0.0
    }
  ],
  "gpu": {
    "backend": "cupy_available_cpu_logic",
    "days": 43,
    "event_count": 50,
    "final_equity": 23109.216916087677,
    "initial_equity": 10000.0,
    "max_drawdown_pct": 8.008728334772599,
    "max_drawdown_usd": 1946.649435181429,
    "total_return_pct": 131.09216916087675
  },
  "initial_equity": 10000.0,
  "initial_principal": 10000.0,
  "outputs": {
    "daily_csv": "switch_runtime_v1/reports/improvements_1m_6m_20260328/impr_2m_2026-01-27_to_2026-03-27_aggr_adapt_t10_tr2_rv14_b85_m8_M30_intraday_pl_5m_2026-01-27_to_2026-03-27_paper_live_style_optimistic_daily.csv",
    "summary_json": "switch_runtime_v1/reports/improvements_1m_6m_20260328/impr_2m_2026-01-27_to_2026-03-27_aggr_adapt_t10_tr2_rv14_b85_m8_M30_intraday_pl_5m_2026-01-27_to_2026-03-27_paper_live_style_optimistic.json"
  },
  "paper_live_style_daily_synth_profile": false,
  "parity": {
    "final_equity_abs_diff": 0.0,
    "final_equity_diff_bps_vs_cpu": 0.0
  },
  "profit_lock_exec_model_effective": "synthetic",
  "profit_lock_exec_model_requested": "paper_live_style_optimistic",
  "rebalance_time_ny": "15:55",
  "runtime_profit_lock_order_type": "market_order",
  "runtime_stop_price_offset_bps": 2.0,
  "split_adjustment": {
    "enabled": true,
    "method": "holdings_scaled_by_adjusted_raw_factor_ratio"
  },
  "strategy_profile": "aggr_adapt_t10_tr2_rv14_b85_m8_M30_intraday_pl_5m",
  "warmup_days_effective": 547,
  "warmup_days_requested": 420,
  "window": {
    "end_date": "2026-03-27",
    "start_date": "2026-01-27"
  }
}
